2025-02-28 14:31:46 - Machine initialized with clock rate: 3 ticks/second
2025-02-28 14:31:48 - Sent message to Machine 2, Logical clock: 1
2025-02-28 14:31:48 - Received message from Machine 1, Queue length: 1, Logical clock: 2
2025-02-28 14:31:48 - Received message from Machine 2, Queue length: 0, Logical clock: 3
2025-02-28 14:31:49 - Received message from Machine 2, Queue length: 1, Logical clock: 4
2025-02-28 14:31:49 - Received message from Machine 2, Queue length: 0, Logical clock: 5
2025-02-28 14:31:49 - Internal event, Logical clock: 6
2025-02-28 14:31:50 - Received message from Machine 2, Queue length: 1, Logical clock: 7
2025-02-28 14:31:50 - Received message from Machine 2, Queue length: 0, Logical clock: 8
2025-02-28 14:31:50 - Internal event, Logical clock: 9
2025-02-28 14:31:51 - Received message from Machine 2, Queue length: 0, Logical clock: 11
2025-02-28 14:31:51 - Received message from Machine 2, Queue length: 0, Logical clock: 12
2025-02-28 14:31:51 - Sent message to Machine 2, Logical clock: 13
2025-02-28 14:31:52 - Internal event, Logical clock: 14
2025-02-28 14:31:52 - Received message from Machine 2, Queue length: 0, Logical clock: 16
2025-02-28 14:31:52 - Sent message to Machine 1, Logical clock: 17
2025-02-28 14:31:53 - Sent message to Machine 2, Logical clock: 18
2025-02-28 14:31:53 - Internal event, Logical clock: 19
2025-02-28 14:31:53 - Internal event, Logical clock: 20
2025-02-28 14:31:54 - Internal event, Logical clock: 21
2025-02-28 14:31:54 - Sent message to Machine 1, Logical clock: 22
2025-02-28 14:31:54 - Received message from Machine 2, Queue length: 0, Logical clock: 24
2025-02-28 14:31:55 - Sent message to Machine 1, Logical clock: 25
2025-02-28 14:31:55 - Sent message to Machine 1, Logical clock: 26
2025-02-28 14:31:55 - Sent message to Machine 1, Logical clock: 27
2025-02-28 14:31:56 - Received message from Machine 2, Queue length: 0, Logical clock: 28
2025-02-28 14:31:56 - Received message from Machine 2, Queue length: 0, Logical clock: 29
2025-02-28 14:31:56 - Sent message to ALL other machines, Logical clock: 30
2025-02-28 14:31:57 - Internal event, Logical clock: 31
2025-02-28 14:31:57 - Sent message to ALL other machines, Logical clock: 32
2025-02-28 14:31:57 - Internal event, Logical clock: 33
2025-02-28 14:31:58 - Received message from Machine 2, Queue length: 0, Logical clock: 35
2025-02-28 14:31:58 - Received message from Machine 2, Queue length: 0, Logical clock: 36
2025-02-28 14:31:58 - Received message from Machine 2, Queue length: 0, Logical clock: 37
2025-02-28 14:31:59 - Sent message to Machine 2, Logical clock: 38
2025-02-28 14:31:59 - Internal event, Logical clock: 39
2025-02-28 14:31:59 - Internal event, Logical clock: 40
2025-02-28 14:32:00 - Internal event, Logical clock: 41
2025-02-28 14:32:00 - Sent message to Machine 2, Logical clock: 42
2025-02-28 14:32:00 - Sent message to Machine 2, Logical clock: 43
2025-02-28 14:32:01 - Sent message to Machine 2, Logical clock: 44
2025-02-28 14:32:01 - Internal event, Logical clock: 45
2025-02-28 14:32:01 - Sent message to ALL other machines, Logical clock: 46
2025-02-28 14:32:02 - Sent message to Machine 2, Logical clock: 47
2025-02-28 14:32:02 - Sent message to Machine 1, Logical clock: 48
2025-02-28 14:32:02 - Received message from Machine 2, Queue length: 0, Logical clock: 50
2025-02-28 14:32:03 - Internal event, Logical clock: 51
2025-02-28 14:32:03 - Sent message to Machine 2, Logical clock: 52
2025-02-28 14:32:03 - Sent message to ALL other machines, Logical clock: 53
2025-02-28 14:32:04 - Sent message to Machine 1, Logical clock: 54
2025-02-28 14:32:04 - Sent message to Machine 1, Logical clock: 55
2025-02-28 14:32:04 - Sent message to Machine 2, Logical clock: 56
2025-02-28 14:32:05 - Sent message to Machine 1, Logical clock: 57
2025-02-28 14:32:05 - Received message from Machine 2, Queue length: 0, Logical clock: 59
2025-02-28 14:32:05 - Internal event, Logical clock: 60
2025-02-28 14:32:06 - Sent message to Machine 1, Logical clock: 61
2025-02-28 14:32:06 - Sent message to Machine 1, Logical clock: 62
2025-02-28 14:32:06 - Internal event, Logical clock: 63
2025-02-28 14:32:07 - Received message from Machine 2, Queue length: 0, Logical clock: 64
2025-02-28 14:32:07 - Internal event, Logical clock: 65
2025-02-28 14:32:07 - Received message from Machine 2, Queue length: 0, Logical clock: 66
2025-02-28 14:32:08 - Sent message to Machine 2, Logical clock: 67
2025-02-28 14:32:08 - Internal event, Logical clock: 68
2025-02-28 14:32:08 - Received message from Machine 2, Queue length: 0, Logical clock: 70
2025-02-28 14:32:09 - Internal event, Logical clock: 71
2025-02-28 14:32:09 - Internal event, Logical clock: 72
2025-02-28 14:32:09 - Sent message to Machine 2, Logical clock: 73
2025-02-28 14:32:10 - Sent message to ALL other machines, Logical clock: 74
2025-02-28 14:32:10 - Internal event, Logical clock: 75
2025-02-28 14:32:10 - Received message from Machine 2, Queue length: 0, Logical clock: 77
2025-02-28 14:32:11 - Received message from Machine 2, Queue length: 0, Logical clock: 78
2025-02-28 14:32:11 - Received message from Machine 2, Queue length: 0, Logical clock: 79
2025-02-28 14:32:12 - Sent message to ALL other machines, Logical clock: 80
2025-02-28 14:32:12 - Sent message to Machine 2, Logical clock: 81
2025-02-28 14:32:12 - Sent message to ALL other machines, Logical clock: 82
2025-02-28 14:32:13 - Sent message to ALL other machines, Logical clock: 83
2025-02-28 14:32:13 - Sent message to ALL other machines, Logical clock: 84
2025-02-28 14:32:13 - Sent message to Machine 2, Logical clock: 85
2025-02-28 14:32:14 - Sent message to ALL other machines, Logical clock: 86
2025-02-28 14:32:14 - Sent message to Machine 2, Logical clock: 87
2025-02-28 14:32:14 - Sent message to Machine 2, Logical clock: 88
2025-02-28 14:32:15 - Sent message to Machine 1, Logical clock: 89
2025-02-28 14:32:15 - Sent message to Machine 1, Logical clock: 90
2025-02-28 14:32:15 - Internal event, Logical clock: 91
2025-02-28 14:32:16 - Sent message to ALL other machines, Logical clock: 92
2025-02-28 14:32:16 - Internal event, Logical clock: 93
2025-02-28 14:32:16 - Internal event, Logical clock: 94
2025-02-28 14:32:17 - Sent message to ALL other machines, Logical clock: 95
2025-02-28 14:32:17 - Sent message to Machine 1, Logical clock: 96
2025-02-28 14:32:17 - Sent message to ALL other machines, Logical clock: 97
2025-02-28 14:32:18 - Internal event, Logical clock: 98
2025-02-28 14:32:18 - Internal event, Logical clock: 99
2025-02-28 14:32:18 - Sent message to Machine 2, Logical clock: 100
2025-02-28 14:32:19 - Sent message to Machine 2, Logical clock: 101
2025-02-28 14:32:19 - Sent message to Machine 1, Logical clock: 102
2025-02-28 14:32:19 - Sent message to Machine 1, Logical clock: 103
2025-02-28 14:32:20 - Received message from Machine 2, Queue length: 0, Logical clock: 105
2025-02-28 14:32:20 - Received message from Machine 2, Queue length: 0, Logical clock: 106
2025-02-28 14:32:20 - Internal event, Logical clock: 107
2025-02-28 14:32:21 - Received message from Machine 2, Queue length: 0, Logical clock: 108
2025-02-28 14:32:21 - Internal event, Logical clock: 109
2025-02-28 14:32:21 - Sent message to Machine 1, Logical clock: 110
2025-02-28 14:32:22 - Received message from Machine 2, Queue length: 0, Logical clock: 111
2025-02-28 14:32:22 - Received message from Machine 2, Queue length: 0, Logical clock: 112
2025-02-28 14:32:22 - Sent message to Machine 1, Logical clock: 113
2025-02-28 14:32:23 - Received message from Machine 2, Queue length: 0, Logical clock: 114
2025-02-28 14:32:23 - Internal event, Logical clock: 115
2025-02-28 14:32:23 - Sent message to Machine 2, Logical clock: 116
2025-02-28 14:32:24 - Sent message to Machine 1, Logical clock: 117
2025-02-28 14:32:24 - Internal event, Logical clock: 118
2025-02-28 14:32:24 - Sent message to ALL other machines, Logical clock: 119
2025-02-28 14:32:25 - Internal event, Logical clock: 120
2025-02-28 14:32:25 - Internal event, Logical clock: 121
2025-02-28 14:32:25 - Sent message to Machine 1, Logical clock: 122
2025-02-28 14:32:26 - Received message from Machine 2, Queue length: 0, Logical clock: 124
2025-02-28 14:32:26 - Sent message to Machine 1, Logical clock: 125
2025-02-28 14:32:26 - Received message from Machine 2, Queue length: 0, Logical clock: 126
2025-02-28 14:32:27 - Sent message to ALL other machines, Logical clock: 127
2025-02-28 14:32:27 - Internal event, Logical clock: 128
2025-02-28 14:32:27 - Received message from Machine 2, Queue length: 0, Logical clock: 130
2025-02-28 14:32:28 - Received message from Machine 2, Queue length: 0, Logical clock: 131
2025-02-28 14:32:28 - Internal event, Logical clock: 132
2025-02-28 14:32:28 - Received message from Machine 2, Queue length: 0, Logical clock: 133
2025-02-28 14:32:29 - Internal event, Logical clock: 134
2025-02-28 14:32:29 - Sent message to Machine 1, Logical clock: 135
2025-02-28 14:32:29 - Internal event, Logical clock: 136
2025-02-28 14:32:30 - Received message from Machine 2, Queue length: 0, Logical clock: 137
2025-02-28 14:32:30 - Internal event, Logical clock: 138
2025-02-28 14:32:30 - Received message from Machine 2, Queue length: 0, Logical clock: 139
2025-02-28 14:32:31 - Received message from Machine 2, Queue length: 0, Logical clock: 140
2025-02-28 14:32:31 - Sent message to Machine 2, Logical clock: 141
2025-02-28 14:32:31 - Internal event, Logical clock: 142
2025-02-28 14:32:32 - Received message from Machine 2, Queue length: 0, Logical clock: 144
2025-02-28 14:32:32 - Received message from Machine 2, Queue length: 0, Logical clock: 145
2025-02-28 14:32:32 - Internal event, Logical clock: 146
2025-02-28 14:32:33 - Sent message to Machine 1, Logical clock: 147
2025-02-28 14:32:33 - Received message from Machine 2, Queue length: 0, Logical clock: 148
2025-02-28 14:32:33 - Received message from Machine 2, Queue length: 0, Logical clock: 149
2025-02-28 14:32:34 - Received message from Machine 2, Queue length: 0, Logical clock: 150
2025-02-28 14:32:34 - Sent message to Machine 1, Logical clock: 151
2025-02-28 14:32:34 - Sent message to ALL other machines, Logical clock: 152
2025-02-28 14:32:35 - Internal event, Logical clock: 153
2025-02-28 14:32:35 - Received message from Machine 2, Queue length: 0, Logical clock: 155
2025-02-28 14:32:35 - Internal event, Logical clock: 156
2025-02-28 14:32:36 - Sent message to Machine 1, Logical clock: 157
2025-02-28 14:32:36 - Sent message to Machine 2, Logical clock: 158
2025-02-28 14:32:36 - Sent message to Machine 1, Logical clock: 159
2025-02-28 14:32:37 - Received message from Machine 2, Queue length: 0, Logical clock: 161
2025-02-28 14:32:37 - Sent message to Machine 2, Logical clock: 162
2025-02-28 14:32:37 - Internal event, Logical clock: 163
2025-02-28 14:32:38 - Sent message to ALL other machines, Logical clock: 164
2025-02-28 14:32:38 - Sent message to ALL other machines, Logical clock: 165
2025-02-28 14:32:38 - Internal event, Logical clock: 166
2025-02-28 14:32:39 - Sent message to Machine 2, Logical clock: 167
2025-02-28 14:32:39 - Sent message to ALL other machines, Logical clock: 168
2025-02-28 14:32:39 - Internal event, Logical clock: 169
2025-02-28 14:32:40 - Internal event, Logical clock: 170
2025-02-28 14:32:40 - Internal event, Logical clock: 171
2025-02-28 14:32:40 - Received message from Machine 2, Queue length: 0, Logical clock: 172
2025-02-28 14:32:41 - Received message from Machine 2, Queue length: 0, Logical clock: 173
2025-02-28 14:32:41 - Sent message to ALL other machines, Logical clock: 174
2025-02-28 14:32:42 - Sent message to Machine 2, Logical clock: 175
2025-02-28 14:32:42 - Sent message to Machine 1, Logical clock: 176
2025-02-28 14:32:42 - Sent message to Machine 1, Logical clock: 177
2025-02-28 14:32:43 - Sent message to Machine 2, Logical clock: 178
2025-02-28 14:32:43 - Sent message to ALL other machines, Logical clock: 179
2025-02-28 14:32:43 - Sent message to ALL other machines, Logical clock: 180
2025-02-28 14:32:44 - Sent message to Machine 1, Logical clock: 181
2025-02-28 14:32:44 - Internal event, Logical clock: 182
2025-02-28 14:32:44 - Sent message to ALL other machines, Logical clock: 183
2025-02-28 14:32:45 - Sent message to ALL other machines, Logical clock: 184
2025-02-28 14:32:45 - Sent message to Machine 2, Logical clock: 185
2025-02-28 14:32:45 - Sent message to Machine 1, Logical clock: 186
