2025-03-05 01:36:24 - Machine initialized with clock rate: 3 ticks/second
2025-03-05 01:36:26 - Sent message to ALL other machines, Logical clock: 1
2025-03-05 01:36:26 - Received message from Machine 2, Queue length: 0, Logical clock: 2
2025-03-05 01:36:27 - Sent message to ALL other machines, Logical clock: 3
2025-03-05 01:36:27 - Sent message to Machine 2, Logical clock: 4
2025-03-05 01:36:27 - Sent message to ALL other machines, Logical clock: 5
2025-03-05 01:36:28 - Internal event, Logical clock: 6
2025-03-05 01:36:28 - Received message from Machine 2, Queue length: 0, Logical clock: 7
2025-03-05 01:36:28 - Sent message to Machine 2, Logical clock: 8
2025-03-05 01:36:29 - Internal event, Logical clock: 9
2025-03-05 01:36:29 - Received message from Machine 1, Queue length: 0, Logical clock: 10
2025-03-05 01:36:29 - Internal event, Logical clock: 11
2025-03-05 01:36:30 - Sent message to Machine 1, Logical clock: 12
2025-03-05 01:36:30 - Sent message to Machine 1, Logical clock: 13
2025-03-05 01:36:31 - Sent message to Machine 2, Logical clock: 14
2025-03-05 01:36:31 - Sent message to Machine 2, Logical clock: 15
2025-03-05 01:36:31 - Sent message to Machine 1, Logical clock: 16
2025-03-05 01:36:32 - Sent message to Machine 1, Logical clock: 17
2025-03-05 01:36:32 - Received message from Machine 2, Queue length: 0, Logical clock: 18
2025-03-05 01:36:32 - Received message from Machine 2, Queue length: 0, Logical clock: 19
2025-03-05 01:36:33 - Sent message to Machine 1, Logical clock: 20
2025-03-05 01:36:33 - Sent message to ALL other machines, Logical clock: 21
2025-03-05 01:36:33 - Received message from Machine 2, Queue length: 0, Logical clock: 22
2025-03-05 01:36:34 - Sent message to Machine 2, Logical clock: 23
2025-03-05 01:36:34 - Sent message to ALL other machines, Logical clock: 24
2025-03-05 01:36:34 - Sent message to Machine 2, Logical clock: 25
2025-03-05 01:36:35 - Internal event, Logical clock: 26
2025-03-05 01:36:35 - Received message from Machine 2, Queue length: 0, Logical clock: 27
2025-03-05 01:36:35 - Sent message to ALL other machines, Logical clock: 28
2025-03-05 01:36:36 - Internal event, Logical clock: 29
2025-03-05 01:36:36 - Sent message to Machine 1, Logical clock: 30
2025-03-05 01:36:36 - Received message from Machine 2, Queue length: 0, Logical clock: 31
2025-03-05 01:36:37 - Sent message to Machine 2, Logical clock: 32
2025-03-05 01:36:37 - Received message from Machine 2, Queue length: 0, Logical clock: 33
2025-03-05 01:36:37 - Sent message to Machine 2, Logical clock: 34
2025-03-05 01:36:38 - Sent message to Machine 1, Logical clock: 35
2025-03-05 01:36:38 - Received message from Machine 2, Queue length: 0, Logical clock: 36
2025-03-05 01:36:38 - Sent message to Machine 2, Logical clock: 37
2025-03-05 01:36:39 - Sent message to Machine 1, Logical clock: 38
2025-03-05 01:36:39 - Sent message to ALL other machines, Logical clock: 39
2025-03-05 01:36:39 - Sent message to Machine 2, Logical clock: 40
2025-03-05 01:36:40 - Sent message to ALL other machines, Logical clock: 41
2025-03-05 01:36:40 - Sent message to Machine 2, Logical clock: 42
2025-03-05 01:36:40 - Internal event, Logical clock: 43
2025-03-05 01:36:41 - Received message from Machine 2, Queue length: 0, Logical clock: 44
2025-03-05 01:36:41 - Sent message to Machine 2, Logical clock: 45
2025-03-05 01:36:41 - Received message from Machine 1, Queue length: 0, Logical clock: 46
2025-03-05 01:36:42 - Sent message to ALL other machines, Logical clock: 47
2025-03-05 01:36:42 - Sent message to Machine 1, Logical clock: 48
2025-03-05 01:36:42 - Received message from Machine 2, Queue length: 0, Logical clock: 49
2025-03-05 01:36:43 - Received message from Machine 2, Queue length: 0, Logical clock: 50
2025-03-05 01:36:43 - Internal event, Logical clock: 51
2025-03-05 01:36:43 - Received message from Machine 2, Queue length: 0, Logical clock: 52
2025-03-05 01:36:44 - Received message from Machine 2, Queue length: 0, Logical clock: 53
2025-03-05 01:36:44 - Sent message to ALL other machines, Logical clock: 54
2025-03-05 01:36:44 - Received message from Machine 2, Queue length: 0, Logical clock: 55
2025-03-05 01:36:45 - Sent message to Machine 2, Logical clock: 56
2025-03-05 01:36:45 - Sent message to Machine 2, Logical clock: 57
2025-03-05 01:36:45 - Sent message to ALL other machines, Logical clock: 58
2025-03-05 01:36:46 - Internal event, Logical clock: 59
2025-03-05 01:36:46 - Received message from Machine 2, Queue length: 0, Logical clock: 60
2025-03-05 01:36:46 - Sent message to Machine 1, Logical clock: 61
2025-03-05 01:36:47 - Sent message to ALL other machines, Logical clock: 62
2025-03-05 01:36:47 - Sent message to Machine 2, Logical clock: 63
2025-03-05 01:36:47 - Sent message to ALL other machines, Logical clock: 64
2025-03-05 01:36:48 - Internal event, Logical clock: 65
2025-03-05 01:36:48 - Received message from Machine 2, Queue length: 0, Logical clock: 66
2025-03-05 01:36:48 - Received message from Machine 2, Queue length: 0, Logical clock: 67
2025-03-05 01:36:49 - Sent message to Machine 2, Logical clock: 68
2025-03-05 01:36:49 - Received message from Machine 1, Queue length: 0, Logical clock: 69
2025-03-05 01:36:49 - Received message from Machine 1, Queue length: 0, Logical clock: 70
2025-03-05 01:36:50 - Internal event, Logical clock: 71
2025-03-05 01:36:50 - Received message from Machine 2, Queue length: 0, Logical clock: 72
2025-03-05 01:36:50 - Sent message to ALL other machines, Logical clock: 73
2025-03-05 01:36:51 - Internal event, Logical clock: 74
2025-03-05 01:36:51 - Received message from Machine 2, Queue length: 0, Logical clock: 75
2025-03-05 01:36:51 - Sent message to Machine 2, Logical clock: 76
2025-03-05 01:36:52 - Sent message to Machine 2, Logical clock: 77
2025-03-05 01:36:52 - Received message from Machine 1, Queue length: 0, Logical clock: 78
2025-03-05 01:36:52 - Sent message to ALL other machines, Logical clock: 79
2025-03-05 01:36:53 - Sent message to Machine 1, Logical clock: 80
2025-03-05 01:36:53 - Sent message to Machine 1, Logical clock: 81
2025-03-05 01:36:53 - Sent message to Machine 1, Logical clock: 82
2025-03-05 01:36:54 - Internal event, Logical clock: 83
2025-03-05 01:36:54 - Received message from Machine 2, Queue length: 0, Logical clock: 84
2025-03-05 01:36:54 - Received message from Machine 2, Queue length: 0, Logical clock: 85
2025-03-05 01:36:55 - Received message from Machine 2, Queue length: 0, Logical clock: 86
2025-03-05 01:36:55 - Sent message to Machine 2, Logical clock: 87
2025-03-05 01:36:55 - Sent message to Machine 2, Logical clock: 88
2025-03-05 01:36:56 - Internal event, Logical clock: 89
2025-03-05 01:36:56 - Received message from Machine 2, Queue length: 0, Logical clock: 90
2025-03-05 01:36:56 - Sent message to ALL other machines, Logical clock: 91
2025-03-05 01:36:57 - Sent message to Machine 1, Logical clock: 92
2025-03-05 01:36:57 - Received message from Machine 2, Queue length: 0, Logical clock: 93
2025-03-05 01:36:57 - Received message from Machine 2, Queue length: 0, Logical clock: 94
2025-03-05 01:36:58 - Received message from Machine 2, Queue length: 0, Logical clock: 95
2025-03-05 01:36:58 - Sent message to Machine 1, Logical clock: 96
2025-03-05 01:36:59 - Received message from Machine 2, Queue length: 0, Logical clock: 97
2025-03-05 01:36:59 - Sent message to Machine 2, Logical clock: 98
2025-03-05 01:36:59 - Sent message to Machine 1, Logical clock: 99
2025-03-05 01:37:00 - Received message from Machine 2, Queue length: 0, Logical clock: 100
2025-03-05 01:37:00 - Received message from Machine 2, Queue length: 0, Logical clock: 101
2025-03-05 01:37:00 - Received message from Machine 2, Queue length: 0, Logical clock: 102
2025-03-05 01:37:01 - Received message from Machine 2, Queue length: 1, Logical clock: 103
2025-03-05 01:37:01 - Received message from Machine 1, Queue length: 0, Logical clock: 104
2025-03-05 01:37:01 - Received message from Machine 2, Queue length: 0, Logical clock: 105
2025-03-05 01:37:02 - Internal event, Logical clock: 106
2025-03-05 01:37:02 - Received message from Machine 2, Queue length: 0, Logical clock: 107
2025-03-05 01:37:02 - Sent message to Machine 1, Logical clock: 108
2025-03-05 01:37:03 - Received message from Machine 2, Queue length: 0, Logical clock: 109
2025-03-05 01:37:03 - Received message from Machine 2, Queue length: 0, Logical clock: 110
2025-03-05 01:37:03 - Sent message to Machine 2, Logical clock: 111
2025-03-05 01:37:04 - Sent message to Machine 2, Logical clock: 112
2025-03-05 01:37:04 - Internal event, Logical clock: 113
2025-03-05 01:37:04 - Sent message to ALL other machines, Logical clock: 114
2025-03-05 01:37:05 - Sent message to Machine 1, Logical clock: 115
2025-03-05 01:37:05 - Sent message to ALL other machines, Logical clock: 116
2025-03-05 01:37:05 - Internal event, Logical clock: 117
2025-03-05 01:37:06 - Received message from Machine 2, Queue length: 0, Logical clock: 118
2025-03-05 01:37:06 - Received message from Machine 2, Queue length: 0, Logical clock: 119
2025-03-05 01:37:06 - Received message from Machine 2, Queue length: 0, Logical clock: 120
2025-03-05 01:37:07 - Sent message to ALL other machines, Logical clock: 121
2025-03-05 01:37:07 - Sent message to Machine 1, Logical clock: 122
2025-03-05 01:37:07 - Received message from Machine 2, Queue length: 0, Logical clock: 123
2025-03-05 01:37:08 - Received message from Machine 2, Queue length: 0, Logical clock: 124
2025-03-05 01:37:08 - Received message from Machine 2, Queue length: 0, Logical clock: 125
2025-03-05 01:37:08 - Sent message to Machine 2, Logical clock: 126
2025-03-05 01:37:09 - Sent message to Machine 2, Logical clock: 127
2025-03-05 01:37:09 - Internal event, Logical clock: 128
2025-03-05 01:37:09 - Received message from Machine 2, Queue length: 0, Logical clock: 129
2025-03-05 01:37:10 - Sent message to Machine 2, Logical clock: 130
2025-03-05 01:37:10 - Received message from Machine 1, Queue length: 0, Logical clock: 131
2025-03-05 01:37:10 - Sent message to ALL other machines, Logical clock: 132
2025-03-05 01:37:11 - Sent message to Machine 1, Logical clock: 133
2025-03-05 01:37:11 - Sent message to ALL other machines, Logical clock: 134
2025-03-05 01:37:11 - Sent message to Machine 2, Logical clock: 135
2025-03-05 01:37:12 - Sent message to Machine 1, Logical clock: 136
2025-03-05 01:37:12 - Received message from Machine 2, Queue length: 0, Logical clock: 137
2025-03-05 01:37:12 - Sent message to Machine 2, Logical clock: 138
2025-03-05 01:37:13 - Sent message to Machine 2, Logical clock: 139
2025-03-05 01:37:13 - Sent message to Machine 1, Logical clock: 140
2025-03-05 01:37:13 - Sent message to Machine 2, Logical clock: 141
2025-03-05 01:37:14 - Sent message to Machine 1, Logical clock: 142
2025-03-05 01:37:14 - Received message from Machine 2, Queue length: 0, Logical clock: 143
2025-03-05 01:37:14 - Received message from Machine 2, Queue length: 0, Logical clock: 144
2025-03-05 01:37:15 - Internal event, Logical clock: 145
2025-03-05 01:37:15 - Received message from Machine 2, Queue length: 0, Logical clock: 146
2025-03-05 01:37:15 - Sent message to Machine 2, Logical clock: 147
2025-03-05 01:37:16 - Sent message to Machine 1, Logical clock: 148
2025-03-05 01:37:16 - Received message from Machine 2, Queue length: 0, Logical clock: 149
2025-03-05 01:37:16 - Sent message to Machine 2, Logical clock: 150
2025-03-05 01:37:17 - Sent message to Machine 2, Logical clock: 151
2025-03-05 01:37:17 - Sent message to Machine 1, Logical clock: 152
2025-03-05 01:37:17 - Sent message to ALL other machines, Logical clock: 153
2025-03-05 01:37:18 - Sent message to Machine 1, Logical clock: 154
2025-03-05 01:37:18 - Received message from Machine 2, Queue length: 0, Logical clock: 155
2025-03-05 01:37:18 - Sent message to Machine 2, Logical clock: 156
2025-03-05 01:37:19 - Internal event, Logical clock: 157
2025-03-05 01:37:19 - Received message from Machine 2, Queue length: 1, Logical clock: 158
2025-03-05 01:37:19 - Received message from Machine 1, Queue length: 0, Logical clock: 159
2025-03-05 01:37:20 - Received message from Machine 1, Queue length: 0, Logical clock: 160
2025-03-05 01:37:20 - Received message from Machine 2, Queue length: 0, Logical clock: 161
2025-03-05 01:37:20 - Sent message to Machine 2, Logical clock: 162
2025-03-05 01:37:21 - Internal event, Logical clock: 163
2025-03-05 01:37:21 - Received message from Machine 2, Queue length: 1, Logical clock: 164
2025-03-05 01:37:21 - Received message from Machine 1, Queue length: 0, Logical clock: 165
2025-03-05 01:37:22 - Sent message to ALL other machines, Logical clock: 166
2025-03-05 01:37:22 - Sent message to Machine 2, Logical clock: 167
2025-03-05 01:37:22 - Sent message to ALL other machines, Logical clock: 168
2025-03-05 01:37:23 - Internal event, Logical clock: 169
2025-03-05 01:37:23 - Received message from Machine 2, Queue length: 1, Logical clock: 170
2025-03-05 01:37:23 - Received message from Machine 1, Queue length: 0, Logical clock: 171
2025-03-05 01:37:24 - Sent message to Machine 1, Logical clock: 172
