2025-03-05 00:44:57 - Machine initialized with clock rate: 2 ticks/second
2025-03-05 00:44:59 - Internal event, Logical clock: 1
2025-03-05 00:45:00 - Internal event, Logical clock: 2
2025-03-05 00:45:00 - Sent message to Machine 1, Logical clock: 3
2025-03-05 00:45:01 - Internal event, Logical clock: 4
2025-03-05 00:45:01 - Sent message to Machine 0, Logical clock: 5
2025-03-05 00:45:02 - Internal event, Logical clock: 6
2025-03-05 00:45:02 - Internal event, Logical clock: 7
2025-03-05 00:45:03 - Internal event, Logical clock: 8
2025-03-05 00:45:03 - Internal event, Logical clock: 9
2025-03-05 00:45:04 - Sent message to Machine 1, Logical clock: 10
2025-03-05 00:45:04 - Internal event, Logical clock: 11
2025-03-05 00:45:05 - Received message from Machine 1, Queue length: 0, Logical clock: 12
2025-03-05 00:45:05 - Internal event, Logical clock: 13
2025-03-05 00:45:06 - Internal event, Logical clock: 14
2025-03-05 00:45:06 - Sent message to ALL other machines, Logical clock: 15
2025-03-05 00:45:07 - Internal event, Logical clock: 16
2025-03-05 00:45:07 - Internal event, Logical clock: 17
2025-03-05 00:45:08 - Internal event, Logical clock: 18
2025-03-05 00:45:08 - Internal event, Logical clock: 19
2025-03-05 00:45:09 - Sent message to ALL other machines, Logical clock: 20
2025-03-05 00:45:09 - Received message from Machine 1, Queue length: 0, Logical clock: 21
2025-03-05 00:45:10 - Internal event, Logical clock: 22
2025-03-05 00:45:10 - Received message from Machine 1, Queue length: 0, Logical clock: 23
2025-03-05 00:45:11 - Received message from Machine 1, Queue length: 0, Logical clock: 24
2025-03-05 00:45:11 - Internal event, Logical clock: 25
2025-03-05 00:45:12 - Internal event, Logical clock: 26
2025-03-05 00:45:12 - Internal event, Logical clock: 27
2025-03-05 00:45:13 - Internal event, Logical clock: 28
2025-03-05 00:45:13 - Internal event, Logical clock: 29
2025-03-05 00:45:14 - Internal event, Logical clock: 30
2025-03-05 00:45:14 - Received message from Machine 0, Queue length: 0, Logical clock: 31
2025-03-05 00:45:15 - Received message from Machine 1, Queue length: 0, Logical clock: 32
2025-03-05 00:45:15 - Received message from Machine 1, Queue length: 0, Logical clock: 33
2025-03-05 00:45:16 - Internal event, Logical clock: 34
2025-03-05 00:45:16 - Received message from Machine 1, Queue length: 1, Logical clock: 35
2025-03-05 00:45:17 - Received message from Machine 0, Queue length: 0, Logical clock: 36
2025-03-05 00:45:17 - Received message from Machine 0, Queue length: 0, Logical clock: 37
2025-03-05 00:45:18 - Internal event, Logical clock: 38
2025-03-05 00:45:18 - Sent message to Machine 0, Logical clock: 39
2025-03-05 00:45:19 - Sent message to Machine 1, Logical clock: 40
2025-03-05 00:45:19 - Sent message to Machine 0, Logical clock: 41
2025-03-05 00:45:20 - Internal event, Logical clock: 42
2025-03-05 00:45:20 - Sent message to ALL other machines, Logical clock: 43
2025-03-05 00:45:21 - Sent message to Machine 0, Logical clock: 44
2025-03-05 00:45:21 - Sent message to Machine 0, Logical clock: 45
2025-03-05 00:45:22 - Received message from Machine 1, Queue length: 0, Logical clock: 46
2025-03-05 00:45:22 - Received message from Machine 1, Queue length: 0, Logical clock: 47
2025-03-05 00:45:23 - Received message from Machine 1, Queue length: 0, Logical clock: 48
2025-03-05 00:45:23 - Sent message to Machine 1, Logical clock: 49
2025-03-05 00:45:24 - Sent message to Machine 1, Logical clock: 50
2025-03-05 00:45:24 - Internal event, Logical clock: 51
2025-03-05 00:45:25 - Internal event, Logical clock: 52
2025-03-05 00:45:25 - Internal event, Logical clock: 53
2025-03-05 00:45:26 - Received message from Machine 1, Queue length: 0, Logical clock: 54
2025-03-05 00:45:26 - Internal event, Logical clock: 55
2025-03-05 00:45:27 - Internal event, Logical clock: 56
2025-03-05 00:45:27 - Sent message to Machine 0, Logical clock: 57
2025-03-05 00:45:28 - Sent message to Machine 1, Logical clock: 58
2025-03-05 00:45:28 - Internal event, Logical clock: 59
2025-03-05 00:45:29 - Internal event, Logical clock: 60
2025-03-05 00:45:29 - Internal event, Logical clock: 61
2025-03-05 00:45:30 - Internal event, Logical clock: 62
2025-03-05 00:45:30 - Sent message to ALL other machines, Logical clock: 63
2025-03-05 00:45:31 - Sent message to ALL other machines, Logical clock: 64
2025-03-05 00:45:31 - Internal event, Logical clock: 65
2025-03-05 00:45:32 - Received message from Machine 1, Queue length: 0, Logical clock: 66
2025-03-05 00:45:32 - Received message from Machine 1, Queue length: 0, Logical clock: 67
2025-03-05 00:45:33 - Internal event, Logical clock: 68
2025-03-05 00:45:33 - Internal event, Logical clock: 69
2025-03-05 00:45:34 - Internal event, Logical clock: 70
2025-03-05 00:45:34 - Internal event, Logical clock: 71
2025-03-05 00:45:35 - Sent message to ALL other machines, Logical clock: 72
2025-03-05 00:45:35 - Internal event, Logical clock: 73
2025-03-05 00:45:36 - Internal event, Logical clock: 74
2025-03-05 00:45:37 - Sent message to ALL other machines, Logical clock: 75
2025-03-05 00:45:37 - Internal event, Logical clock: 76
2025-03-05 00:45:38 - Received message from Machine 1, Queue length: 0, Logical clock: 77
2025-03-05 00:45:38 - Sent message to Machine 0, Logical clock: 78
2025-03-05 00:45:39 - Internal event, Logical clock: 79
2025-03-05 00:45:39 - Internal event, Logical clock: 80
2025-03-05 00:45:40 - Internal event, Logical clock: 81
2025-03-05 00:45:40 - Internal event, Logical clock: 82
2025-03-05 00:45:41 - Internal event, Logical clock: 83
2025-03-05 00:45:41 - Received message from Machine 1, Queue length: 0, Logical clock: 84
2025-03-05 00:45:42 - Received message from Machine 1, Queue length: 0, Logical clock: 85
2025-03-05 00:45:42 - Internal event, Logical clock: 86
2025-03-05 00:45:43 - Internal event, Logical clock: 87
2025-03-05 00:45:43 - Internal event, Logical clock: 88
2025-03-05 00:45:44 - Internal event, Logical clock: 89
2025-03-05 00:45:44 - Received message from Machine 1, Queue length: 0, Logical clock: 90
2025-03-05 00:45:45 - Received message from Machine 1, Queue length: 0, Logical clock: 91
2025-03-05 00:45:45 - Received message from Machine 1, Queue length: 0, Logical clock: 92
2025-03-05 00:45:46 - Internal event, Logical clock: 93
2025-03-05 00:45:46 - Internal event, Logical clock: 94
2025-03-05 00:45:47 - Internal event, Logical clock: 95
2025-03-05 00:45:47 - Internal event, Logical clock: 96
2025-03-05 00:45:48 - Internal event, Logical clock: 97
2025-03-05 00:45:48 - Sent message to ALL other machines, Logical clock: 98
2025-03-05 00:45:49 - Sent message to ALL other machines, Logical clock: 99
2025-03-05 00:45:49 - Internal event, Logical clock: 100
2025-03-05 00:45:50 - Internal event, Logical clock: 101
2025-03-05 00:45:50 - Internal event, Logical clock: 102
2025-03-05 00:45:51 - Sent message to Machine 0, Logical clock: 103
2025-03-05 00:45:51 - Internal event, Logical clock: 104
2025-03-05 00:45:52 - Received message from Machine 1, Queue length: 0, Logical clock: 105
2025-03-05 00:45:52 - Sent message to Machine 0, Logical clock: 106
2025-03-05 00:45:53 - Internal event, Logical clock: 107
2025-03-05 00:45:53 - Received message from Machine 1, Queue length: 0, Logical clock: 108
2025-03-05 00:45:54 - Received message from Machine 1, Queue length: 0, Logical clock: 109
2025-03-05 00:45:54 - Sent message to Machine 0, Logical clock: 110
2025-03-05 00:45:55 - Internal event, Logical clock: 111
2025-03-05 00:45:55 - Internal event, Logical clock: 112
2025-03-05 00:45:56 - Received message from Machine 1, Queue length: 0, Logical clock: 113
2025-03-05 00:45:56 - Internal event, Logical clock: 114
2025-03-05 00:45:57 - Received message from Machine 1, Queue length: 0, Logical clock: 115
2025-03-05 00:45:57 - Internal event, Logical clock: 116
