2025-03-05 01:11:21 - Machine initialized with clock rate: 2 ticks/second
2025-03-05 01:11:23 - Internal event, Logical clock: 1
2025-03-05 01:11:24 - Sent message to ALL other machines, Logical clock: 2
2025-03-05 01:11:24 - Internal event, Logical clock: 3
2025-03-05 01:11:25 - Internal event, Logical clock: 4
2025-03-05 01:11:25 - Internal event, Logical clock: 5
2025-03-05 01:11:26 - Internal event, Logical clock: 6
2025-03-05 01:11:26 - Internal event, Logical clock: 7
2025-03-05 01:11:27 - Received message from Machine 1, Queue length: 0, Logical clock: 14
2025-03-05 01:11:27 - Internal event, Logical clock: 15
2025-03-05 01:11:28 - Internal event, Logical clock: 16
2025-03-05 01:11:28 - Internal event, Logical clock: 17
2025-03-05 01:11:29 - Internal event, Logical clock: 18
2025-03-05 01:11:29 - Internal event, Logical clock: 19
2025-03-05 01:11:30 - Internal event, Logical clock: 20
2025-03-05 01:11:30 - Internal event, Logical clock: 21
2025-03-05 01:11:31 - Internal event, Logical clock: 22
2025-03-05 01:11:31 - Internal event, Logical clock: 23
2025-03-05 01:11:32 - Internal event, Logical clock: 24
2025-03-05 01:11:32 - Received message from Machine 2, Queue length: 0, Logical clock: 25
2025-03-05 01:11:33 - Internal event, Logical clock: 26
2025-03-05 01:11:33 - Internal event, Logical clock: 27
2025-03-05 01:11:34 - Internal event, Logical clock: 28
2025-03-05 01:11:34 - Internal event, Logical clock: 29
2025-03-05 01:11:35 - Internal event, Logical clock: 30
2025-03-05 01:11:35 - Internal event, Logical clock: 31
2025-03-05 01:11:36 - Internal event, Logical clock: 32
2025-03-05 01:11:36 - Internal event, Logical clock: 33
2025-03-05 01:11:37 - Internal event, Logical clock: 34
2025-03-05 01:11:37 - Internal event, Logical clock: 35
2025-03-05 01:11:38 - Internal event, Logical clock: 36
2025-03-05 01:11:38 - Internal event, Logical clock: 37
2025-03-05 01:11:39 - Internal event, Logical clock: 38
2025-03-05 01:11:39 - Internal event, Logical clock: 39
2025-03-05 01:11:40 - Internal event, Logical clock: 40
2025-03-05 01:11:40 - Internal event, Logical clock: 41
2025-03-05 01:11:41 - Internal event, Logical clock: 42
2025-03-05 01:11:41 - Internal event, Logical clock: 43
2025-03-05 01:11:42 - Internal event, Logical clock: 44
2025-03-05 01:11:42 - Internal event, Logical clock: 45
2025-03-05 01:11:43 - Internal event, Logical clock: 46
2025-03-05 01:11:43 - Internal event, Logical clock: 47
2025-03-05 01:11:44 - Internal event, Logical clock: 48
2025-03-05 01:11:44 - Internal event, Logical clock: 49
2025-03-05 01:11:45 - Internal event, Logical clock: 50
2025-03-05 01:11:45 - Internal event, Logical clock: 51
2025-03-05 01:11:46 - Internal event, Logical clock: 52
2025-03-05 01:11:46 - Internal event, Logical clock: 53
2025-03-05 01:11:47 - Internal event, Logical clock: 54
2025-03-05 01:11:47 - Internal event, Logical clock: 55
2025-03-05 01:11:48 - Internal event, Logical clock: 56
2025-03-05 01:11:48 - Internal event, Logical clock: 57
2025-03-05 01:11:49 - Internal event, Logical clock: 58
2025-03-05 01:11:49 - Internal event, Logical clock: 59
2025-03-05 01:11:50 - Internal event, Logical clock: 60
2025-03-05 01:11:50 - Internal event, Logical clock: 61
2025-03-05 01:11:51 - Internal event, Logical clock: 62
2025-03-05 01:11:51 - Internal event, Logical clock: 63
2025-03-05 01:11:52 - Internal event, Logical clock: 64
2025-03-05 01:11:52 - Internal event, Logical clock: 65
2025-03-05 01:11:53 - Internal event, Logical clock: 66
2025-03-05 01:11:53 - Internal event, Logical clock: 67
2025-03-05 01:11:54 - Internal event, Logical clock: 68
2025-03-05 01:11:54 - Internal event, Logical clock: 69
2025-03-05 01:11:55 - Internal event, Logical clock: 70
2025-03-05 01:11:55 - Internal event, Logical clock: 71
2025-03-05 01:11:56 - Internal event, Logical clock: 72
2025-03-05 01:11:56 - Internal event, Logical clock: 73
2025-03-05 01:11:57 - Internal event, Logical clock: 74
2025-03-05 01:11:57 - Internal event, Logical clock: 75
2025-03-05 01:11:58 - Internal event, Logical clock: 76
2025-03-05 01:11:58 - Internal event, Logical clock: 77
2025-03-05 01:11:59 - Internal event, Logical clock: 78
2025-03-05 01:11:59 - Internal event, Logical clock: 79
2025-03-05 01:12:00 - Internal event, Logical clock: 80
2025-03-05 01:12:00 - Internal event, Logical clock: 81
2025-03-05 01:12:01 - Internal event, Logical clock: 82
2025-03-05 01:12:01 - Internal event, Logical clock: 83
2025-03-05 01:12:02 - Internal event, Logical clock: 84
2025-03-05 01:12:02 - Internal event, Logical clock: 85
2025-03-05 01:12:03 - Internal event, Logical clock: 86
2025-03-05 01:12:03 - Internal event, Logical clock: 87
2025-03-05 01:12:04 - Internal event, Logical clock: 88
2025-03-05 01:12:04 - Internal event, Logical clock: 89
2025-03-05 01:12:05 - Internal event, Logical clock: 90
2025-03-05 01:12:05 - Internal event, Logical clock: 91
2025-03-05 01:12:06 - Internal event, Logical clock: 92
2025-03-05 01:12:06 - Internal event, Logical clock: 93
2025-03-05 01:12:07 - Internal event, Logical clock: 94
2025-03-05 01:12:08 - Sent message to Machine 1, Logical clock: 95
2025-03-05 01:12:08 - Internal event, Logical clock: 96
2025-03-05 01:12:09 - Internal event, Logical clock: 97
2025-03-05 01:12:09 - Internal event, Logical clock: 98
2025-03-05 01:12:10 - Internal event, Logical clock: 99
2025-03-05 01:12:10 - Internal event, Logical clock: 100
2025-03-05 01:12:11 - Internal event, Logical clock: 101
2025-03-05 01:12:11 - Internal event, Logical clock: 102
2025-03-05 01:12:12 - Internal event, Logical clock: 103
2025-03-05 01:12:12 - Internal event, Logical clock: 104
2025-03-05 01:12:13 - Received message from Machine 2, Queue length: 0, Logical clock: 132
2025-03-05 01:12:13 - Internal event, Logical clock: 133
2025-03-05 01:12:14 - Internal event, Logical clock: 134
2025-03-05 01:12:14 - Internal event, Logical clock: 135
2025-03-05 01:12:15 - Internal event, Logical clock: 136
2025-03-05 01:12:15 - Internal event, Logical clock: 137
2025-03-05 01:12:16 - Internal event, Logical clock: 138
2025-03-05 01:12:16 - Internal event, Logical clock: 139
2025-03-05 01:12:17 - Internal event, Logical clock: 140
2025-03-05 01:12:17 - Internal event, Logical clock: 141
2025-03-05 01:12:18 - Internal event, Logical clock: 142
2025-03-05 01:12:18 - Internal event, Logical clock: 143
2025-03-05 01:12:19 - Internal event, Logical clock: 144
2025-03-05 01:12:19 - Internal event, Logical clock: 145
2025-03-05 01:12:20 - Internal event, Logical clock: 146
2025-03-05 01:12:20 - Internal event, Logical clock: 147
2025-03-05 01:12:21 - Internal event, Logical clock: 148
2025-03-05 01:12:21 - Internal event, Logical clock: 149
