2025-03-05 01:41:00 - Machine initialized with clock rate: 2 ticks/second
2025-03-05 01:41:02 - Sent message to Machine 0, Logical clock: 1
2025-03-05 01:41:03 - Received message from Machine 1, Queue length: 0, Logical clock: 2
2025-03-05 01:41:03 - Received message from Machine 1, Queue length: 0, Logical clock: 3
2025-03-05 01:41:04 - Sent message to Machine 1, Logical clock: 4
2025-03-05 01:41:04 - Received message from Machine 1, Queue length: 0, Logical clock: 8
2025-03-05 01:41:05 - Received message from Machine 1, Queue length: 0, Logical clock: 9
2025-03-05 01:41:05 - Received message from Machine 1, Queue length: 0, Logical clock: 11
2025-03-05 01:41:06 - Received message from Machine 1, Queue length: 0, Logical clock: 14
2025-03-05 01:41:06 - Sent message to Machine 1, Logical clock: 15
2025-03-05 01:41:07 - Sent message to Machine 0, Logical clock: 16
2025-03-05 01:41:07 - Received message from Machine 1, Queue length: 0, Logical clock: 20
2025-03-05 01:41:08 - Received message from Machine 1, Queue length: 0, Logical clock: 22
2025-03-05 01:41:08 - Received message from Machine 1, Queue length: 0, Logical clock: 23
2025-03-05 01:41:09 - Sent message to Machine 1, Logical clock: 24
2025-03-05 01:41:09 - Received message from Machine 1, Queue length: 0, Logical clock: 28
2025-03-05 01:41:10 - Received message from Machine 1, Queue length: 1, Logical clock: 29
2025-03-05 01:41:10 - Received message from Machine 0, Queue length: 0, Logical clock: 30
2025-03-05 01:41:11 - Received message from Machine 1, Queue length: 0, Logical clock: 34
2025-03-05 01:41:11 - Received message from Machine 1, Queue length: 0, Logical clock: 35
2025-03-05 01:41:12 - Sent message to Machine 0, Logical clock: 36
2025-03-05 01:41:12 - Sent message to Machine 0, Logical clock: 37
2025-03-05 01:41:13 - Received message from Machine 1, Queue length: 0, Logical clock: 41
2025-03-05 01:41:13 - Received message from Machine 1, Queue length: 0, Logical clock: 43
2025-03-05 01:41:14 - Sent message to Machine 1, Logical clock: 44
2025-03-05 01:41:14 - Sent message to Machine 0, Logical clock: 45
2025-03-05 01:41:15 - Received message from Machine 1, Queue length: 0, Logical clock: 50
2025-03-05 01:41:15 - Received message from Machine 1, Queue length: 1, Logical clock: 51
2025-03-05 01:41:16 - Received message from Machine 1, Queue length: 1, Logical clock: 52
2025-03-05 01:41:16 - Received message from Machine 1, Queue length: 1, Logical clock: 54
2025-03-05 01:41:17 - Received message from Machine 1, Queue length: 0, Logical clock: 55
2025-03-05 01:41:17 - Sent message to ALL other machines, Logical clock: 56
2025-03-05 01:41:18 - Received message from Machine 1, Queue length: 0, Logical clock: 62
2025-03-05 01:41:18 - Sent message to ALL other machines, Logical clock: 63
2025-03-05 01:41:19 - Internal event, Logical clock: 64
2025-03-05 01:41:19 - Received message from Machine 1, Queue length: 0, Logical clock: 67
2025-03-05 01:41:20 - Sent message to ALL other machines, Logical clock: 68
2025-03-05 01:41:20 - Received message from Machine 1, Queue length: 0, Logical clock: 72
2025-03-05 01:41:21 - Received message from Machine 1, Queue length: 1, Logical clock: 73
2025-03-05 01:41:21 - Received message from Machine 1, Queue length: 1, Logical clock: 74
2025-03-05 01:41:22 - Received message from Machine 1, Queue length: 1, Logical clock: 76
2025-03-05 01:41:22 - Received message from Machine 1, Queue length: 1, Logical clock: 78
2025-03-05 01:41:23 - Received message from Machine 1, Queue length: 1, Logical clock: 80
2025-03-05 01:41:23 - Received message from Machine 1, Queue length: 2, Logical clock: 82
2025-03-05 01:41:24 - Received message from Machine 1, Queue length: 3, Logical clock: 83
2025-03-05 01:41:24 - Received message from Machine 1, Queue length: 2, Logical clock: 84
2025-03-05 01:41:25 - Received message from Machine 1, Queue length: 1, Logical clock: 85
2025-03-05 01:41:25 - Received message from Machine 1, Queue length: 0, Logical clock: 86
2025-03-05 01:41:26 - Sent message to ALL other machines, Logical clock: 87
2025-03-05 01:41:26 - Received message from Machine 1, Queue length: 0, Logical clock: 96
2025-03-05 01:41:27 - Received message from Machine 1, Queue length: 0, Logical clock: 98
2025-03-05 01:41:27 - Received message from Machine 1, Queue length: 0, Logical clock: 100
2025-03-05 01:41:28 - Received message from Machine 1, Queue length: 1, Logical clock: 101
2025-03-05 01:41:28 - Received message from Machine 1, Queue length: 2, Logical clock: 102
2025-03-05 01:41:29 - Received message from Machine 1, Queue length: 3, Logical clock: 103
2025-03-05 01:41:29 - Received message from Machine 1, Queue length: 3, Logical clock: 104
2025-03-05 01:41:30 - Received message from Machine 1, Queue length: 2, Logical clock: 105
2025-03-05 01:41:30 - Received message from Machine 1, Queue length: 2, Logical clock: 106
2025-03-05 01:41:31 - Received message from Machine 1, Queue length: 2, Logical clock: 107
2025-03-05 01:41:31 - Received message from Machine 1, Queue length: 1, Logical clock: 112
2025-03-05 01:41:32 - Received message from Machine 1, Queue length: 0, Logical clock: 113
2025-03-05 01:41:32 - Received message from Machine 1, Queue length: 0, Logical clock: 119
2025-03-05 01:41:33 - Received message from Machine 1, Queue length: 0, Logical clock: 120
2025-03-05 01:41:33 - Received message from Machine 1, Queue length: 0, Logical clock: 123
2025-03-05 01:41:34 - Sent message to Machine 1, Logical clock: 124
2025-03-05 01:41:34 - Received message from Machine 1, Queue length: 0, Logical clock: 127
2025-03-05 01:41:35 - Received message from Machine 1, Queue length: 1, Logical clock: 128
2025-03-05 01:41:35 - Received message from Machine 1, Queue length: 1, Logical clock: 129
2025-03-05 01:41:36 - Received message from Machine 1, Queue length: 1, Logical clock: 130
2025-03-05 01:41:36 - Received message from Machine 1, Queue length: 2, Logical clock: 132
2025-03-05 01:41:37 - Received message from Machine 1, Queue length: 2, Logical clock: 134
2025-03-05 01:41:38 - Received message from Machine 1, Queue length: 2, Logical clock: 135
2025-03-05 01:41:38 - Received message from Machine 1, Queue length: 2, Logical clock: 137
2025-03-05 01:41:39 - Received message from Machine 1, Queue length: 2, Logical clock: 139
2025-03-05 01:41:39 - Received message from Machine 1, Queue length: 2, Logical clock: 140
2025-03-05 01:41:40 - Received message from Machine 1, Queue length: 3, Logical clock: 143
2025-03-05 01:41:40 - Received message from Machine 1, Queue length: 4, Logical clock: 144
2025-03-05 01:41:41 - Received message from Machine 1, Queue length: 4, Logical clock: 146
2025-03-05 01:41:41 - Received message from Machine 1, Queue length: 5, Logical clock: 147
2025-03-05 01:41:42 - Received message from Machine 1, Queue length: 6, Logical clock: 148
2025-03-05 01:41:42 - Received message from Machine 1, Queue length: 5, Logical clock: 149
2025-03-05 01:41:43 - Received message from Machine 1, Queue length: 6, Logical clock: 150
2025-03-05 01:41:43 - Received message from Machine 1, Queue length: 6, Logical clock: 152
2025-03-05 01:41:44 - Received message from Machine 1, Queue length: 6, Logical clock: 153
2025-03-05 01:41:44 - Received message from Machine 1, Queue length: 6, Logical clock: 154
2025-03-05 01:41:45 - Received message from Machine 1, Queue length: 6, Logical clock: 155
2025-03-05 01:41:45 - Received message from Machine 1, Queue length: 5, Logical clock: 158
2025-03-05 01:41:46 - Received message from Machine 1, Queue length: 5, Logical clock: 159
2025-03-05 01:41:46 - Received message from Machine 1, Queue length: 6, Logical clock: 160
2025-03-05 01:41:47 - Received message from Machine 1, Queue length: 6, Logical clock: 163
2025-03-05 01:41:47 - Received message from Machine 1, Queue length: 7, Logical clock: 165
2025-03-05 01:41:48 - Received message from Machine 1, Queue length: 7, Logical clock: 167
2025-03-05 01:41:48 - Received message from Machine 1, Queue length: 7, Logical clock: 170
2025-03-05 01:41:49 - Received message from Machine 1, Queue length: 8, Logical clock: 172
2025-03-05 01:41:49 - Received message from Machine 1, Queue length: 8, Logical clock: 173
2025-03-05 01:41:50 - Received message from Machine 1, Queue length: 8, Logical clock: 175
2025-03-05 01:41:50 - Received message from Machine 1, Queue length: 7, Logical clock: 176
2025-03-05 01:41:51 - Received message from Machine 1, Queue length: 8, Logical clock: 177
2025-03-05 01:41:51 - Received message from Machine 1, Queue length: 8, Logical clock: 179
2025-03-05 01:41:52 - Received message from Machine 1, Queue length: 8, Logical clock: 181
2025-03-05 01:41:52 - Received message from Machine 1, Queue length: 8, Logical clock: 182
2025-03-05 01:41:53 - Received message from Machine 1, Queue length: 8, Logical clock: 183
2025-03-05 01:41:53 - Received message from Machine 1, Queue length: 8, Logical clock: 185
2025-03-05 01:41:54 - Received message from Machine 1, Queue length: 8, Logical clock: 186
2025-03-05 01:41:54 - Received message from Machine 1, Queue length: 8, Logical clock: 190
2025-03-05 01:41:55 - Received message from Machine 1, Queue length: 7, Logical clock: 191
2025-03-05 01:41:55 - Received message from Machine 1, Queue length: 6, Logical clock: 193
2025-03-05 01:41:56 - Received message from Machine 1, Queue length: 6, Logical clock: 194
2025-03-05 01:41:56 - Received message from Machine 1, Queue length: 6, Logical clock: 196
2025-03-05 01:41:57 - Received message from Machine 1, Queue length: 6, Logical clock: 199
2025-03-05 01:41:57 - Received message from Machine 1, Queue length: 5, Logical clock: 200
2025-03-05 01:41:58 - Received message from Machine 1, Queue length: 6, Logical clock: 203
2025-03-05 01:41:58 - Received message from Machine 1, Queue length: 5, Logical clock: 205
2025-03-05 01:41:59 - Received message from Machine 1, Queue length: 6, Logical clock: 210
2025-03-05 01:41:59 - Received message from Machine 1, Queue length: 5, Logical clock: 213
2025-03-05 01:42:00 - Received message from Machine 1, Queue length: 5, Logical clock: 214
2025-03-05 01:42:00 - Received message from Machine 1, Queue length: 4, Logical clock: 218
