2025-03-05 01:09:30 - Machine initialized with clock rate: 2 ticks/second
2025-03-05 01:09:32 - Internal event, Logical clock: 1
2025-03-05 01:09:33 - Received message from Machine 0, Queue length: 0, Logical clock: 2
2025-03-05 01:09:33 - Received message from Machine 0, Queue length: 0, Logical clock: 3
2025-03-05 01:09:34 - Sent message to ALL other machines, Logical clock: 4
2025-03-05 01:09:34 - Internal event, Logical clock: 5
2025-03-05 01:09:35 - Internal event, Logical clock: 6
2025-03-05 01:09:35 - Received message from Machine 0, Queue length: 0, Logical clock: 7
2025-03-05 01:09:36 - Received message from Machine 0, Queue length: 0, Logical clock: 8
2025-03-05 01:09:36 - Internal event, Logical clock: 9
2025-03-05 01:09:37 - Internal event, Logical clock: 10
2025-03-05 01:09:37 - Received message from Machine 0, Queue length: 0, Logical clock: 11
2025-03-05 01:09:38 - Sent message to Machine 0, Logical clock: 12
2025-03-05 01:09:38 - Internal event, Logical clock: 13
2025-03-05 01:09:39 - Sent message to Machine 1, Logical clock: 14
2025-03-05 01:09:39 - Internal event, Logical clock: 15
2025-03-05 01:09:40 - Internal event, Logical clock: 16
2025-03-05 01:09:40 - Received message from Machine 0, Queue length: 0, Logical clock: 17
2025-03-05 01:09:41 - Sent message to Machine 1, Logical clock: 18
2025-03-05 01:09:41 - Received message from Machine 0, Queue length: 0, Logical clock: 19
2025-03-05 01:09:42 - Internal event, Logical clock: 20
2025-03-05 01:09:42 - Internal event, Logical clock: 21
2025-03-05 01:09:43 - Internal event, Logical clock: 22
2025-03-05 01:09:43 - Internal event, Logical clock: 23
2025-03-05 01:09:44 - Internal event, Logical clock: 24
2025-03-05 01:09:44 - Received message from Machine 1, Queue length: 0, Logical clock: 25
2025-03-05 01:09:45 - Sent message to Machine 0, Logical clock: 26
2025-03-05 01:09:45 - Sent message to Machine 1, Logical clock: 27
2025-03-05 01:09:46 - Received message from Machine 0, Queue length: 0, Logical clock: 28
2025-03-05 01:09:46 - Internal event, Logical clock: 29
2025-03-05 01:09:47 - Sent message to Machine 0, Logical clock: 30
2025-03-05 01:09:47 - Internal event, Logical clock: 31
2025-03-05 01:09:48 - Received message from Machine 0, Queue length: 0, Logical clock: 32
2025-03-05 01:09:48 - Internal event, Logical clock: 33
2025-03-05 01:09:49 - Internal event, Logical clock: 34
2025-03-05 01:09:49 - Sent message to Machine 1, Logical clock: 35
2025-03-05 01:09:50 - Sent message to ALL other machines, Logical clock: 36
2025-03-05 01:09:50 - Sent message to ALL other machines, Logical clock: 37
2025-03-05 01:09:51 - Internal event, Logical clock: 38
2025-03-05 01:09:51 - Internal event, Logical clock: 39
2025-03-05 01:09:52 - Internal event, Logical clock: 40
2025-03-05 01:09:52 - Received message from Machine 0, Queue length: 0, Logical clock: 41
2025-03-05 01:09:53 - Internal event, Logical clock: 42
2025-03-05 01:09:53 - Sent message to Machine 0, Logical clock: 43
2025-03-05 01:09:54 - Internal event, Logical clock: 44
2025-03-05 01:09:54 - Internal event, Logical clock: 45
2025-03-05 01:09:55 - Sent message to Machine 0, Logical clock: 46
2025-03-05 01:09:55 - Internal event, Logical clock: 47
2025-03-05 01:09:56 - Internal event, Logical clock: 48
2025-03-05 01:09:56 - Sent message to Machine 1, Logical clock: 49
2025-03-05 01:09:57 - Internal event, Logical clock: 50
2025-03-05 01:09:57 - Sent message to Machine 0, Logical clock: 51
2025-03-05 01:09:58 - Internal event, Logical clock: 52
2025-03-05 01:09:58 - Received message from Machine 0, Queue length: 0, Logical clock: 53
2025-03-05 01:09:59 - Sent message to ALL other machines, Logical clock: 54
2025-03-05 01:09:59 - Internal event, Logical clock: 55
2025-03-05 01:10:00 - Internal event, Logical clock: 56
2025-03-05 01:10:00 - Sent message to ALL other machines, Logical clock: 57
2025-03-05 01:10:01 - Internal event, Logical clock: 58
2025-03-05 01:10:01 - Internal event, Logical clock: 59
2025-03-05 01:10:02 - Internal event, Logical clock: 60
2025-03-05 01:10:02 - Internal event, Logical clock: 61
2025-03-05 01:10:03 - Internal event, Logical clock: 62
2025-03-05 01:10:03 - Sent message to Machine 0, Logical clock: 63
2025-03-05 01:10:04 - Internal event, Logical clock: 64
2025-03-05 01:10:04 - Received message from Machine 0, Queue length: 0, Logical clock: 65
2025-03-05 01:10:05 - Internal event, Logical clock: 66
2025-03-05 01:10:05 - Internal event, Logical clock: 67
2025-03-05 01:10:06 - Internal event, Logical clock: 68
2025-03-05 01:10:07 - Received message from Machine 0, Queue length: 0, Logical clock: 69
2025-03-05 01:10:07 - Received message from Machine 0, Queue length: 0, Logical clock: 70
2025-03-05 01:10:08 - Sent message to Machine 0, Logical clock: 71
2025-03-05 01:10:08 - Sent message to Machine 1, Logical clock: 72
2025-03-05 01:10:09 - Received message from Machine 0, Queue length: 0, Logical clock: 73
2025-03-05 01:10:09 - Internal event, Logical clock: 74
2025-03-05 01:10:10 - Received message from Machine 0, Queue length: 0, Logical clock: 75
2025-03-05 01:10:10 - Sent message to ALL other machines, Logical clock: 76
2025-03-05 01:10:11 - Internal event, Logical clock: 77
2025-03-05 01:10:11 - Sent message to Machine 0, Logical clock: 78
2025-03-05 01:10:12 - Internal event, Logical clock: 79
2025-03-05 01:10:12 - Received message from Machine 0, Queue length: 0, Logical clock: 80
2025-03-05 01:10:13 - Internal event, Logical clock: 81
2025-03-05 01:10:13 - Internal event, Logical clock: 82
2025-03-05 01:10:14 - Internal event, Logical clock: 83
2025-03-05 01:10:14 - Internal event, Logical clock: 84
2025-03-05 01:10:15 - Internal event, Logical clock: 85
2025-03-05 01:10:15 - Sent message to Machine 1, Logical clock: 86
2025-03-05 01:10:16 - Received message from Machine 0, Queue length: 0, Logical clock: 87
2025-03-05 01:10:16 - Internal event, Logical clock: 88
2025-03-05 01:10:17 - Internal event, Logical clock: 89
2025-03-05 01:10:17 - Received message from Machine 0, Queue length: 0, Logical clock: 90
2025-03-05 01:10:18 - Received message from Machine 0, Queue length: 0, Logical clock: 91
2025-03-05 01:10:18 - Received message from Machine 0, Queue length: 0, Logical clock: 92
2025-03-05 01:10:19 - Internal event, Logical clock: 93
2025-03-05 01:10:19 - Received message from Machine 0, Queue length: 0, Logical clock: 94
2025-03-05 01:10:20 - Internal event, Logical clock: 95
2025-03-05 01:10:20 - Received message from Machine 0, Queue length: 0, Logical clock: 96
2025-03-05 01:10:21 - Sent message to ALL other machines, Logical clock: 97
2025-03-05 01:10:21 - Internal event, Logical clock: 98
2025-03-05 01:10:22 - Sent message to Machine 1, Logical clock: 99
2025-03-05 01:10:22 - Received message from Machine 0, Queue length: 0, Logical clock: 100
2025-03-05 01:10:23 - Internal event, Logical clock: 101
2025-03-05 01:10:23 - Sent message to Machine 0, Logical clock: 102
2025-03-05 01:10:24 - Internal event, Logical clock: 103
2025-03-05 01:10:24 - Sent message to Machine 0, Logical clock: 104
2025-03-05 01:10:25 - Sent message to Machine 1, Logical clock: 105
2025-03-05 01:10:25 - Sent message to ALL other machines, Logical clock: 106
2025-03-05 01:10:26 - Internal event, Logical clock: 107
2025-03-05 01:10:26 - Internal event, Logical clock: 108
2025-03-05 01:10:27 - Internal event, Logical clock: 109
2025-03-05 01:10:27 - Internal event, Logical clock: 110
2025-03-05 01:10:28 - Internal event, Logical clock: 111
2025-03-05 01:10:28 - Received message from Machine 0, Queue length: 0, Logical clock: 112
2025-03-05 01:10:29 - Received message from Machine 0, Queue length: 0, Logical clock: 113
2025-03-05 01:10:29 - Internal event, Logical clock: 114
2025-03-05 01:10:30 - Received message from Machine 0, Queue length: 0, Logical clock: 115
2025-03-05 01:10:30 - Internal event, Logical clock: 116
