2025-03-05 01:08:03 - Machine initialized with clock rate: 2 ticks/second
2025-03-05 01:08:05 - Internal event, Logical clock: 1
2025-03-05 01:08:06 - Sent message to Machine 0, Logical clock: 2
2025-03-05 01:08:06 - Sent message to Machine 1, Logical clock: 3
2025-03-05 01:08:07 - Internal event, Logical clock: 4
2025-03-05 01:08:07 - Internal event, Logical clock: 5
2025-03-05 01:08:08 - Internal event, Logical clock: 6
2025-03-05 01:08:08 - Sent message to ALL other machines, Logical clock: 7
2025-03-05 01:08:09 - Sent message to ALL other machines, Logical clock: 8
2025-03-05 01:08:09 - Sent message to ALL other machines, Logical clock: 9
2025-03-05 01:08:10 - Internal event, Logical clock: 10
2025-03-05 01:08:10 - Sent message to ALL other machines, Logical clock: 11
2025-03-05 01:08:11 - Internal event, Logical clock: 12
2025-03-05 01:08:11 - Internal event, Logical clock: 13
2025-03-05 01:08:12 - Internal event, Logical clock: 14
2025-03-05 01:08:12 - Sent message to Machine 1, Logical clock: 15
2025-03-05 01:08:13 - Sent message to Machine 1, Logical clock: 16
2025-03-05 01:08:13 - Internal event, Logical clock: 17
2025-03-05 01:08:14 - Internal event, Logical clock: 18
2025-03-05 01:08:14 - Internal event, Logical clock: 19
2025-03-05 01:08:15 - Sent message to ALL other machines, Logical clock: 20
2025-03-05 01:08:15 - Sent message to Machine 1, Logical clock: 21
2025-03-05 01:08:16 - Internal event, Logical clock: 22
2025-03-05 01:08:16 - Sent message to ALL other machines, Logical clock: 23
2025-03-05 01:08:17 - Sent message to Machine 0, Logical clock: 24
2025-03-05 01:08:17 - Internal event, Logical clock: 25
2025-03-05 01:08:18 - Internal event, Logical clock: 26
2025-03-05 01:08:18 - Sent message to ALL other machines, Logical clock: 27
2025-03-05 01:08:19 - Internal event, Logical clock: 28
2025-03-05 01:08:19 - Sent message to ALL other machines, Logical clock: 29
2025-03-05 01:08:20 - Internal event, Logical clock: 30
2025-03-05 01:08:20 - Internal event, Logical clock: 31
2025-03-05 01:08:21 - Internal event, Logical clock: 32
2025-03-05 01:08:21 - Received message from Machine 0, Queue length: 0, Logical clock: 33
2025-03-05 01:08:22 - Internal event, Logical clock: 34
2025-03-05 01:08:23 - Sent message to Machine 0, Logical clock: 35
2025-03-05 01:08:23 - Sent message to Machine 1, Logical clock: 36
2025-03-05 01:08:24 - Internal event, Logical clock: 37
2025-03-05 01:08:24 - Sent message to Machine 0, Logical clock: 38
2025-03-05 01:08:25 - Internal event, Logical clock: 39
2025-03-05 01:08:25 - Sent message to Machine 0, Logical clock: 40
2025-03-05 01:08:26 - Internal event, Logical clock: 41
2025-03-05 01:08:26 - Internal event, Logical clock: 42
2025-03-05 01:08:27 - Internal event, Logical clock: 43
2025-03-05 01:08:27 - Internal event, Logical clock: 44
2025-03-05 01:08:28 - Received message from Machine 0, Queue length: 1, Logical clock: 45
2025-03-05 01:08:28 - Received message from Machine 1, Queue length: 0, Logical clock: 46
2025-03-05 01:08:29 - Sent message to Machine 1, Logical clock: 47
2025-03-05 01:08:29 - Sent message to ALL other machines, Logical clock: 48
2025-03-05 01:08:30 - Sent message to Machine 0, Logical clock: 49
2025-03-05 01:08:30 - Internal event, Logical clock: 50
2025-03-05 01:08:31 - Internal event, Logical clock: 51
2025-03-05 01:08:31 - Sent message to ALL other machines, Logical clock: 52
2025-03-05 01:08:32 - Internal event, Logical clock: 53
2025-03-05 01:08:32 - Internal event, Logical clock: 54
2025-03-05 01:08:33 - Received message from Machine 0, Queue length: 0, Logical clock: 55
2025-03-05 01:08:33 - Internal event, Logical clock: 56
2025-03-05 01:08:34 - Received message from Machine 1, Queue length: 0, Logical clock: 57
2025-03-05 01:08:34 - Sent message to Machine 0, Logical clock: 58
2025-03-05 01:08:35 - Sent message to Machine 1, Logical clock: 59
2025-03-05 01:08:35 - Internal event, Logical clock: 60
2025-03-05 01:08:36 - Internal event, Logical clock: 61
2025-03-05 01:08:36 - Internal event, Logical clock: 62
2025-03-05 01:08:37 - Received message from Machine 1, Queue length: 0, Logical clock: 63
2025-03-05 01:08:37 - Internal event, Logical clock: 64
2025-03-05 01:08:38 - Internal event, Logical clock: 65
2025-03-05 01:08:38 - Sent message to Machine 1, Logical clock: 66
2025-03-05 01:08:39 - Sent message to ALL other machines, Logical clock: 67
2025-03-05 01:08:39 - Sent message to Machine 1, Logical clock: 68
2025-03-05 01:08:40 - Internal event, Logical clock: 69
2025-03-05 01:08:40 - Internal event, Logical clock: 70
2025-03-05 01:08:41 - Received message from Machine 0, Queue length: 0, Logical clock: 71
2025-03-05 01:08:41 - Internal event, Logical clock: 72
2025-03-05 01:08:42 - Internal event, Logical clock: 73
2025-03-05 01:08:42 - Internal event, Logical clock: 74
2025-03-05 01:08:43 - Received message from Machine 0, Queue length: 0, Logical clock: 75
2025-03-05 01:08:43 - Sent message to Machine 0, Logical clock: 76
2025-03-05 01:08:44 - Sent message to ALL other machines, Logical clock: 77
2025-03-05 01:08:44 - Sent message to Machine 0, Logical clock: 78
2025-03-05 01:08:45 - Internal event, Logical clock: 79
2025-03-05 01:08:45 - Sent message to Machine 0, Logical clock: 80
2025-03-05 01:08:46 - Internal event, Logical clock: 81
2025-03-05 01:08:46 - Internal event, Logical clock: 82
2025-03-05 01:08:47 - Internal event, Logical clock: 83
2025-03-05 01:08:47 - Internal event, Logical clock: 84
2025-03-05 01:08:48 - Internal event, Logical clock: 85
2025-03-05 01:08:48 - Internal event, Logical clock: 86
2025-03-05 01:08:49 - Sent message to ALL other machines, Logical clock: 87
2025-03-05 01:08:49 - Internal event, Logical clock: 88
2025-03-05 01:08:50 - Sent message to Machine 1, Logical clock: 89
2025-03-05 01:08:50 - Internal event, Logical clock: 90
2025-03-05 01:08:51 - Internal event, Logical clock: 91
2025-03-05 01:08:51 - Sent message to ALL other machines, Logical clock: 92
2025-03-05 01:08:52 - Internal event, Logical clock: 93
2025-03-05 01:08:52 - Internal event, Logical clock: 94
2025-03-05 01:08:53 - Internal event, Logical clock: 95
2025-03-05 01:08:53 - Internal event, Logical clock: 96
2025-03-05 01:08:54 - Sent message to Machine 0, Logical clock: 97
2025-03-05 01:08:54 - Internal event, Logical clock: 98
2025-03-05 01:08:55 - Internal event, Logical clock: 99
2025-03-05 01:08:55 - Internal event, Logical clock: 100
2025-03-05 01:08:56 - Received message from Machine 0, Queue length: 0, Logical clock: 101
2025-03-05 01:08:56 - Internal event, Logical clock: 102
2025-03-05 01:08:57 - Sent message to ALL other machines, Logical clock: 103
2025-03-05 01:08:57 - Sent message to Machine 1, Logical clock: 104
2025-03-05 01:08:58 - Sent message to Machine 1, Logical clock: 105
2025-03-05 01:08:58 - Internal event, Logical clock: 106
2025-03-05 01:08:59 - Internal event, Logical clock: 107
2025-03-05 01:08:59 - Sent message to Machine 0, Logical clock: 108
2025-03-05 01:09:00 - Sent message to ALL other machines, Logical clock: 109
2025-03-05 01:09:00 - Internal event, Logical clock: 110
2025-03-05 01:09:01 - Internal event, Logical clock: 111
2025-03-05 01:09:01 - Internal event, Logical clock: 112
2025-03-05 01:09:02 - Internal event, Logical clock: 113
2025-03-05 01:09:02 - Sent message to ALL other machines, Logical clock: 114
2025-03-05 01:09:03 - Sent message to ALL other machines, Logical clock: 115
2025-03-05 01:09:03 - Sent message to Machine 0, Logical clock: 116
