2025-03-05 00:59:23 - Machine initialized with clock rate: 1 ticks/second
2025-03-05 00:59:25 - Internal event, Logical clock: 1
2025-03-05 00:59:26 - Received message from Machine 0, Queue length: 0, Logical clock: 3
2025-03-05 00:59:27 - Received message from Machine 1, Queue length: 0, Logical clock: 4
2025-03-05 00:59:28 - Received message from Machine 0, Queue length: 1, Logical clock: 5
2025-03-05 00:59:29 - Received message from Machine 0, Queue length: 1, Logical clock: 6
2025-03-05 00:59:30 - Received message from Machine 0, Queue length: 0, Logical clock: 7
2025-03-05 00:59:31 - Received message from Machine 0, Queue length: 0, Logical clock: 12
2025-03-05 00:59:32 - Received message from Machine 1, Queue length: 0, Logical clock: 13
2025-03-05 00:59:33 - Internal event, Logical clock: 14
2025-03-05 00:59:34 - Sent message to Machine 1, Logical clock: 15
2025-03-05 00:59:35 - Received message from Machine 1, Queue length: 0, Logical clock: 16
2025-03-05 00:59:36 - Internal event, Logical clock: 17
2025-03-05 00:59:37 - Internal event, Logical clock: 18
2025-03-05 00:59:38 - Received message from Machine 0, Queue length: 1, Logical clock: 25
2025-03-05 00:59:39 - Received message from Machine 0, Queue length: 0, Logical clock: 26
2025-03-05 00:59:40 - Received message from Machine 0, Queue length: 0, Logical clock: 30
2025-03-05 00:59:41 - Received message from Machine 0, Queue length: 0, Logical clock: 31
2025-03-05 00:59:42 - Sent message to ALL other machines, Logical clock: 32
2025-03-05 00:59:43 - Received message from Machine 0, Queue length: 0, Logical clock: 36
2025-03-05 00:59:44 - Received message from Machine 0, Queue length: 1, Logical clock: 37
2025-03-05 00:59:45 - Received message from Machine 1, Queue length: 0, Logical clock: 38
2025-03-05 00:59:46 - Received message from Machine 0, Queue length: 1, Logical clock: 41
2025-03-05 00:59:47 - Received message from Machine 0, Queue length: 0, Logical clock: 42
2025-03-05 00:59:48 - Internal event, Logical clock: 43
2025-03-05 00:59:49 - Received message from Machine 0, Queue length: 1, Logical clock: 48
2025-03-05 00:59:50 - Received message from Machine 1, Queue length: 0, Logical clock: 49
2025-03-05 00:59:51 - Internal event, Logical clock: 50
2025-03-05 00:59:52 - Received message from Machine 0, Queue length: 0, Logical clock: 53
2025-03-05 00:59:53 - Sent message to ALL other machines, Logical clock: 54
2025-03-05 00:59:54 - Internal event, Logical clock: 55
2025-03-05 00:59:55 - Received message from Machine 0, Queue length: 0, Logical clock: 60
2025-03-05 00:59:56 - Sent message to ALL other machines, Logical clock: 61
2025-03-05 00:59:57 - Received message from Machine 0, Queue length: 0, Logical clock: 64
2025-03-05 00:59:58 - Received message from Machine 0, Queue length: 1, Logical clock: 65
2025-03-05 00:59:59 - Received message from Machine 0, Queue length: 0, Logical clock: 66
2025-03-05 01:00:00 - Received message from Machine 0, Queue length: 0, Logical clock: 70
2025-03-05 01:00:01 - Received message from Machine 0, Queue length: 0, Logical clock: 71
2025-03-05 01:00:02 - Received message from Machine 0, Queue length: 0, Logical clock: 73
2025-03-05 01:00:03 - Internal event, Logical clock: 74
2025-03-05 01:00:04 - Received message from Machine 0, Queue length: 0, Logical clock: 77
2025-03-05 01:00:05 - Internal event, Logical clock: 78
2025-03-05 01:00:06 - Received message from Machine 0, Queue length: 0, Logical clock: 81
2025-03-05 01:00:07 - Internal event, Logical clock: 82
2025-03-05 01:00:08 - Internal event, Logical clock: 83
2025-03-05 01:00:09 - Received message from Machine 1, Queue length: 0, Logical clock: 84
2025-03-05 01:00:10 - Received message from Machine 0, Queue length: 0, Logical clock: 90
2025-03-05 01:00:11 - Sent message to ALL other machines, Logical clock: 91
2025-03-05 01:00:12 - Received message from Machine 1, Queue length: 0, Logical clock: 92
2025-03-05 01:00:13 - Received message from Machine 0, Queue length: 0, Logical clock: 96
2025-03-05 01:00:14 - Internal event, Logical clock: 97
2025-03-05 01:00:15 - Received message from Machine 0, Queue length: 1, Logical clock: 99
2025-03-05 01:00:16 - Received message from Machine 0, Queue length: 0, Logical clock: 100
2025-03-05 01:00:17 - Received message from Machine 0, Queue length: 1, Logical clock: 103
2025-03-05 01:00:18 - Received message from Machine 0, Queue length: 1, Logical clock: 104
2025-03-05 01:00:19 - Received message from Machine 1, Queue length: 0, Logical clock: 105
2025-03-05 01:00:20 - Internal event, Logical clock: 106
2025-03-05 01:00:21 - Internal event, Logical clock: 107
2025-03-05 01:00:22 - Sent message to ALL other machines, Logical clock: 108
