2025-03-05 00:59:23 - Machine initialized with clock rate: 2 ticks/second
2025-03-05 00:59:25 - Internal event, Logical clock: 1
2025-03-05 00:59:25 - Received message from Machine 1, Queue length: 0, Logical clock: 2
2025-03-05 00:59:26 - Sent message to Machine 2, Logical clock: 3
2025-03-05 00:59:26 - Internal event, Logical clock: 4
2025-03-05 00:59:27 - Sent message to ALL other machines, Logical clock: 5
2025-03-05 00:59:27 - Sent message to ALL other machines, Logical clock: 6
2025-03-05 00:59:28 - Sent message to Machine 2, Logical clock: 7
2025-03-05 00:59:28 - Internal event, Logical clock: 8
2025-03-05 00:59:29 - Internal event, Logical clock: 9
2025-03-05 00:59:29 - Internal event, Logical clock: 10
2025-03-05 00:59:30 - Internal event, Logical clock: 11
2025-03-05 00:59:30 - Sent message to Machine 2, Logical clock: 12
2025-03-05 00:59:31 - Received message from Machine 1, Queue length: 0, Logical clock: 13
2025-03-05 00:59:31 - Internal event, Logical clock: 14
2025-03-05 00:59:32 - Received message from Machine 1, Queue length: 0, Logical clock: 15
2025-03-05 00:59:32 - Internal event, Logical clock: 16
2025-03-05 00:59:33 - Received message from Machine 1, Queue length: 0, Logical clock: 17
2025-03-05 00:59:33 - Internal event, Logical clock: 18
2025-03-05 00:59:34 - Received message from Machine 1, Queue length: 0, Logical clock: 19
2025-03-05 00:59:34 - Internal event, Logical clock: 20
2025-03-05 00:59:35 - Internal event, Logical clock: 21
2025-03-05 00:59:35 - Internal event, Logical clock: 22
2025-03-05 00:59:36 - Internal event, Logical clock: 23
2025-03-05 00:59:36 - Sent message to Machine 1, Logical clock: 24
2025-03-05 00:59:37 - Sent message to Machine 2, Logical clock: 25
2025-03-05 00:59:37 - Sent message to ALL other machines, Logical clock: 26
2025-03-05 00:59:38 - Internal event, Logical clock: 27
2025-03-05 00:59:38 - Internal event, Logical clock: 28
2025-03-05 00:59:39 - Sent message to Machine 1, Logical clock: 29
2025-03-05 00:59:39 - Sent message to ALL other machines, Logical clock: 30
2025-03-05 00:59:40 - Sent message to Machine 2, Logical clock: 31
2025-03-05 00:59:40 - Internal event, Logical clock: 32
2025-03-05 00:59:41 - Internal event, Logical clock: 33
2025-03-05 00:59:41 - Internal event, Logical clock: 34
2025-03-05 00:59:42 - Received message from Machine 2, Queue length: 0, Logical clock: 35
2025-03-05 00:59:42 - Sent message to Machine 2, Logical clock: 36
2025-03-05 00:59:43 - Sent message to Machine 2, Logical clock: 37
2025-03-05 00:59:43 - Internal event, Logical clock: 38
2025-03-05 00:59:44 - Internal event, Logical clock: 39
2025-03-05 00:59:44 - Internal event, Logical clock: 40
2025-03-05 00:59:45 - Sent message to ALL other machines, Logical clock: 41
2025-03-05 00:59:45 - Sent message to ALL other machines, Logical clock: 42
2025-03-05 00:59:46 - Internal event, Logical clock: 43
2025-03-05 00:59:46 - Internal event, Logical clock: 44
2025-03-05 00:59:47 - Internal event, Logical clock: 45
2025-03-05 00:59:47 - Internal event, Logical clock: 46
2025-03-05 00:59:48 - Internal event, Logical clock: 47
2025-03-05 00:59:48 - Sent message to Machine 2, Logical clock: 48
2025-03-05 00:59:49 - Received message from Machine 1, Queue length: 0, Logical clock: 49
2025-03-05 00:59:49 - Internal event, Logical clock: 50
2025-03-05 00:59:50 - Internal event, Logical clock: 51
2025-03-05 00:59:50 - Internal event, Logical clock: 52
2025-03-05 00:59:51 - Sent message to Machine 2, Logical clock: 53
2025-03-05 00:59:51 - Sent message to Machine 1, Logical clock: 54
2025-03-05 00:59:52 - Internal event, Logical clock: 55
2025-03-05 00:59:52 - Internal event, Logical clock: 56
2025-03-05 00:59:53 - Received message from Machine 1, Queue length: 1, Logical clock: 57
2025-03-05 00:59:53 - Received message from Machine 2, Queue length: 0, Logical clock: 58
2025-03-05 00:59:54 - Internal event, Logical clock: 59
2025-03-05 00:59:54 - Sent message to ALL other machines, Logical clock: 60
2025-03-05 00:59:55 - Internal event, Logical clock: 61
2025-03-05 00:59:55 - Sent message to Machine 1, Logical clock: 62
2025-03-05 00:59:56 - Received message from Machine 2, Queue length: 0, Logical clock: 63
2025-03-05 00:59:56 - Sent message to Machine 2, Logical clock: 64
2025-03-05 00:59:57 - Sent message to ALL other machines, Logical clock: 65
2025-03-05 00:59:57 - Sent message to Machine 2, Logical clock: 66
2025-03-05 00:59:58 - Internal event, Logical clock: 67
2025-03-05 00:59:58 - Internal event, Logical clock: 68
2025-03-05 00:59:59 - Internal event, Logical clock: 69
2025-03-05 00:59:59 - Sent message to ALL other machines, Logical clock: 70
2025-03-05 01:00:00 - Sent message to ALL other machines, Logical clock: 71
2025-03-05 01:00:00 - Internal event, Logical clock: 72
2025-03-05 01:00:01 - Sent message to ALL other machines, Logical clock: 73
2025-03-05 01:00:01 - Internal event, Logical clock: 74
2025-03-05 01:00:02 - Sent message to Machine 1, Logical clock: 75
2025-03-05 01:00:02 - Internal event, Logical clock: 76
2025-03-05 01:00:03 - Sent message to ALL other machines, Logical clock: 77
2025-03-05 01:00:03 - Internal event, Logical clock: 78
2025-03-05 01:00:04 - Internal event, Logical clock: 79
2025-03-05 01:00:04 - Internal event, Logical clock: 80
2025-03-05 01:00:05 - Sent message to ALL other machines, Logical clock: 81
2025-03-05 01:00:05 - Internal event, Logical clock: 82
2025-03-05 01:00:06 - Sent message to Machine 1, Logical clock: 83
2025-03-05 01:00:06 - Internal event, Logical clock: 84
2025-03-05 01:00:07 - Internal event, Logical clock: 85
2025-03-05 01:00:07 - Internal event, Logical clock: 86
2025-03-05 01:00:08 - Received message from Machine 1, Queue length: 0, Logical clock: 87
2025-03-05 01:00:08 - Internal event, Logical clock: 88
2025-03-05 01:00:09 - Sent message to Machine 1, Logical clock: 89
2025-03-05 01:00:09 - Sent message to Machine 2, Logical clock: 90
2025-03-05 01:00:10 - Internal event, Logical clock: 91
2025-03-05 01:00:10 - Internal event, Logical clock: 92
2025-03-05 01:00:11 - Received message from Machine 2, Queue length: 1, Logical clock: 93
2025-03-05 01:00:12 - Received message from Machine 1, Queue length: 0, Logical clock: 94
2025-03-05 01:00:12 - Internal event, Logical clock: 95
2025-03-05 01:00:13 - Sent message to Machine 2, Logical clock: 96
2025-03-05 01:00:13 - Internal event, Logical clock: 97
2025-03-05 01:00:14 - Internal event, Logical clock: 98
2025-03-05 01:00:14 - Sent message to ALL other machines, Logical clock: 99
2025-03-05 01:00:15 - Sent message to Machine 2, Logical clock: 100
2025-03-05 01:00:15 - Sent message to Machine 1, Logical clock: 101
2025-03-05 01:00:16 - Internal event, Logical clock: 102
2025-03-05 01:00:16 - Sent message to Machine 2, Logical clock: 103
2025-03-05 01:00:17 - Sent message to Machine 2, Logical clock: 104
2025-03-05 01:00:17 - Received message from Machine 1, Queue length: 0, Logical clock: 105
2025-03-05 01:00:18 - Internal event, Logical clock: 106
2025-03-05 01:00:18 - Internal event, Logical clock: 107
2025-03-05 01:00:19 - Sent message to Machine 1, Logical clock: 108
2025-03-05 01:00:19 - Internal event, Logical clock: 109
2025-03-05 01:00:20 - Internal event, Logical clock: 110
2025-03-05 01:00:20 - Received message from Machine 1, Queue length: 0, Logical clock: 111
2025-03-05 01:00:21 - Sent message to Machine 1, Logical clock: 112
2025-03-05 01:00:21 - Internal event, Logical clock: 113
2025-03-05 01:00:22 - Sent message to Machine 1, Logical clock: 114
2025-03-05 01:00:22 - Received message from Machine 2, Queue length: 0, Logical clock: 115
2025-03-05 01:00:23 - Sent message to Machine 1, Logical clock: 116
