2025-02-28 13:50:14 - Machine initialized with clock rate: 3 ticks/second
2025-02-28 13:50:16 - Sent message to Machine 1, Logical clock: 1
2025-02-28 13:50:17 - Received message from Machine 1, Queue length: 1, Logical clock: 2
2025-02-28 13:50:17 - Received message from Machine 0, Queue length: 0, Logical clock: 3
2025-02-28 13:50:17 - Internal event, Logical clock: 4
2025-02-28 13:50:18 - Received message from Machine 0, Queue length: 1, Logical clock: 7
2025-02-28 13:50:18 - Received message from Machine 0, Queue length: 0, Logical clock: 8
2025-02-28 13:50:18 - Received message from Machine 0, Queue length: 0, Logical clock: 11
2025-02-28 13:50:19 - Internal event, Logical clock: 12
2025-02-28 13:50:19 - Received message from Machine 0, Queue length: 1, Logical clock: 14
2025-02-28 13:50:19 - Received message from Machine 0, Queue length: 0, Logical clock: 15
2025-02-28 13:50:20 - Sent message to ALL other machines, Logical clock: 16
2025-02-28 13:50:20 - Sent message to Machine 0, Logical clock: 17
2025-02-28 13:50:20 - Internal event, Logical clock: 18
2025-02-28 13:50:21 - Received message from Machine 0, Queue length: 0, Logical clock: 23
2025-02-28 13:50:21 - Sent message to Machine 0, Logical clock: 24
2025-02-28 13:50:21 - Internal event, Logical clock: 25
2025-02-28 13:50:22 - Internal event, Logical clock: 26
2025-02-28 13:50:22 - Received message from Machine 0, Queue length: 0, Logical clock: 29
2025-02-28 13:50:22 - Received message from Machine 0, Queue length: 0, Logical clock: 31
2025-02-28 13:50:23 - Received message from Machine 0, Queue length: 0, Logical clock: 33
2025-02-28 13:50:23 - Internal event, Logical clock: 34
2025-02-28 13:50:23 - Internal event, Logical clock: 35
2025-02-28 13:50:24 - Internal event, Logical clock: 36
2025-02-28 13:50:24 - Received message from Machine 0, Queue length: 0, Logical clock: 39
2025-02-28 13:50:24 - Internal event, Logical clock: 40
2025-02-28 13:50:25 - Internal event, Logical clock: 41
2025-02-28 13:50:25 - Internal event, Logical clock: 42
2025-02-28 13:50:25 - Internal event, Logical clock: 43
2025-02-28 13:50:26 - Received message from Machine 0, Queue length: 0, Logical clock: 47
2025-02-28 13:50:26 - Internal event, Logical clock: 48
2025-02-28 13:50:26 - Internal event, Logical clock: 49
2025-02-28 13:50:27 - Internal event, Logical clock: 50
2025-02-28 13:50:27 - Sent message to Machine 1, Logical clock: 51
2025-02-28 13:50:27 - Received message from Machine 0, Queue length: 0, Logical clock: 56
2025-02-28 13:50:28 - Internal event, Logical clock: 57
2025-02-28 13:50:28 - Internal event, Logical clock: 58
2025-02-28 13:50:29 - Received message from Machine 0, Queue length: 0, Logical clock: 60
2025-02-28 13:50:29 - Received message from Machine 0, Queue length: 1, Logical clock: 62
2025-02-28 13:50:29 - Received message from Machine 0, Queue length: 1, Logical clock: 63
2025-02-28 13:50:30 - Received message from Machine 0, Queue length: 0, Logical clock: 64
2025-02-28 13:50:30 - Internal event, Logical clock: 65
2025-02-28 13:50:30 - Internal event, Logical clock: 66
2025-02-28 13:50:31 - Received message from Machine 0, Queue length: 0, Logical clock: 71
2025-02-28 13:50:31 - Sent message to Machine 1, Logical clock: 72
2025-02-28 13:50:31 - Sent message to Machine 0, Logical clock: 73
2025-02-28 13:50:32 - Sent message to Machine 0, Logical clock: 74
2025-02-28 13:50:32 - Internal event, Logical clock: 75
2025-02-28 13:50:32 - Sent message to Machine 0, Logical clock: 76
2025-02-28 13:50:33 - Sent message to Machine 0, Logical clock: 77
2025-02-28 13:50:33 - Internal event, Logical clock: 78
2025-02-28 13:50:33 - Internal event, Logical clock: 79
2025-02-28 13:50:34 - Received message from Machine 0, Queue length: 0, Logical clock: 85
2025-02-28 13:50:34 - Internal event, Logical clock: 86
2025-02-28 13:50:34 - Received message from Machine 0, Queue length: 0, Logical clock: 89
2025-02-28 13:50:35 - Received message from Machine 0, Queue length: 1, Logical clock: 90
2025-02-28 13:50:35 - Received message from Machine 1, Queue length: 1, Logical clock: 91
2025-02-28 13:50:35 - Received message from Machine 0, Queue length: 0, Logical clock: 92
2025-02-28 13:50:36 - Sent message to ALL other machines, Logical clock: 93
2025-02-28 13:50:36 - Internal event, Logical clock: 94
2025-02-28 13:50:36 - Sent message to Machine 0, Logical clock: 95
2025-02-28 13:50:37 - Internal event, Logical clock: 96
2025-02-28 13:50:37 - Internal event, Logical clock: 97
2025-02-28 13:50:37 - Received message from Machine 0, Queue length: 1, Logical clock: 103
2025-02-28 13:50:38 - Received message from Machine 0, Queue length: 0, Logical clock: 104
2025-02-28 13:50:38 - Sent message to ALL other machines, Logical clock: 105
2025-02-28 13:50:38 - Internal event, Logical clock: 106
2025-02-28 13:50:39 - Internal event, Logical clock: 107
2025-02-28 13:50:39 - Received message from Machine 0, Queue length: 0, Logical clock: 112
2025-02-28 13:50:39 - Received message from Machine 0, Queue length: 0, Logical clock: 113
2025-02-28 13:50:40 - Internal event, Logical clock: 114
2025-02-28 13:50:40 - Received message from Machine 0, Queue length: 0, Logical clock: 117
2025-02-28 13:50:40 - Received message from Machine 0, Queue length: 0, Logical clock: 118
2025-02-28 13:50:41 - Internal event, Logical clock: 119
2025-02-28 13:50:41 - Internal event, Logical clock: 120
2025-02-28 13:50:41 - Internal event, Logical clock: 121
2025-02-28 13:50:42 - Internal event, Logical clock: 122
2025-02-28 13:50:42 - Internal event, Logical clock: 123
2025-02-28 13:50:42 - Received message from Machine 0, Queue length: 1, Logical clock: 128
2025-02-28 13:50:43 - Received message from Machine 0, Queue length: 1, Logical clock: 129
2025-02-28 13:50:43 - Received message from Machine 0, Queue length: 0, Logical clock: 131
2025-02-28 13:50:43 - Received message from Machine 0, Queue length: 1, Logical clock: 133
2025-02-28 13:50:44 - Received message from Machine 0, Queue length: 0, Logical clock: 134
2025-02-28 13:50:44 - Received message from Machine 0, Queue length: 0, Logical clock: 136
2025-02-28 13:50:44 - Sent message to ALL other machines, Logical clock: 137
2025-02-28 13:50:45 - Internal event, Logical clock: 138
2025-02-28 13:50:45 - Received message from Machine 0, Queue length: 0, Logical clock: 142
2025-02-28 13:50:45 - Internal event, Logical clock: 143
2025-02-28 13:50:46 - Internal event, Logical clock: 144
2025-02-28 13:50:46 - Internal event, Logical clock: 145
2025-02-28 13:50:46 - Internal event, Logical clock: 146
2025-02-28 13:50:47 - Internal event, Logical clock: 147
2025-02-28 13:50:47 - Internal event, Logical clock: 148
2025-02-28 13:50:47 - Internal event, Logical clock: 149
2025-02-28 13:50:48 - Internal event, Logical clock: 150
2025-02-28 13:50:48 - Internal event, Logical clock: 151
2025-02-28 13:50:48 - Sent message to Machine 0, Logical clock: 152
2025-02-28 13:50:49 - Sent message to Machine 0, Logical clock: 153
2025-02-28 13:50:49 - Internal event, Logical clock: 154
2025-02-28 13:50:49 - Received message from Machine 0, Queue length: 1, Logical clock: 163
2025-02-28 13:50:50 - Received message from Machine 0, Queue length: 1, Logical clock: 164
2025-02-28 13:50:50 - Received message from Machine 0, Queue length: 1, Logical clock: 165
2025-02-28 13:50:50 - Received message from Machine 0, Queue length: 1, Logical clock: 167
2025-02-28 13:50:51 - Received message from Machine 0, Queue length: 0, Logical clock: 169
2025-02-28 13:50:51 - Received message from Machine 0, Queue length: 0, Logical clock: 171
2025-02-28 13:50:51 - Received message from Machine 0, Queue length: 0, Logical clock: 173
2025-02-28 13:50:52 - Received message from Machine 0, Queue length: 0, Logical clock: 175
2025-02-28 13:50:52 - Internal event, Logical clock: 176
2025-02-28 13:50:52 - Received message from Machine 0, Queue length: 0, Logical clock: 178
2025-02-28 13:50:53 - Received message from Machine 0, Queue length: 0, Logical clock: 179
2025-02-28 13:50:53 - Received message from Machine 0, Queue length: 0, Logical clock: 182
2025-02-28 13:50:53 - Internal event, Logical clock: 183
2025-02-28 13:50:54 - Received message from Machine 0, Queue length: 1, Logical clock: 184
2025-02-28 13:50:54 - Received message from Machine 0, Queue length: 1, Logical clock: 185
2025-02-28 13:50:54 - Received message from Machine 0, Queue length: 0, Logical clock: 186
2025-02-28 13:50:55 - Sent message to Machine 0, Logical clock: 187
2025-02-28 13:50:55 - Sent message to ALL other machines, Logical clock: 188
2025-02-28 13:50:55 - Internal event, Logical clock: 189
2025-02-28 13:50:56 - Sent message to Machine 1, Logical clock: 190
2025-02-28 13:50:56 - Internal event, Logical clock: 191
2025-02-28 13:50:57 - Internal event, Logical clock: 192
2025-02-28 13:50:57 - Sent message to Machine 0, Logical clock: 193
2025-02-28 13:50:57 - Internal event, Logical clock: 194
2025-02-28 13:50:58 - Received message from Machine 0, Queue length: 0, Logical clock: 203
2025-02-28 13:50:58 - Internal event, Logical clock: 204
2025-02-28 13:50:58 - Internal event, Logical clock: 205
2025-02-28 13:50:59 - Internal event, Logical clock: 206
2025-02-28 13:50:59 - Internal event, Logical clock: 207
2025-02-28 13:50:59 - Received message from Machine 0, Queue length: 0, Logical clock: 211
2025-02-28 13:51:00 - Internal event, Logical clock: 212
2025-02-28 13:51:00 - Internal event, Logical clock: 213
2025-02-28 13:51:00 - Received message from Machine 0, Queue length: 1, Logical clock: 216
2025-02-28 13:51:01 - Received message from Machine 0, Queue length: 0, Logical clock: 217
2025-02-28 13:51:01 - Internal event, Logical clock: 218
2025-02-28 13:51:01 - Internal event, Logical clock: 219
2025-02-28 13:51:02 - Internal event, Logical clock: 220
2025-02-28 13:51:02 - Received message from Machine 0, Queue length: 0, Logical clock: 224
2025-02-28 13:51:02 - Internal event, Logical clock: 225
2025-02-28 13:51:03 - Internal event, Logical clock: 226
2025-02-28 13:51:03 - Received message from Machine 0, Queue length: 0, Logical clock: 229
2025-02-28 13:51:03 - Internal event, Logical clock: 230
2025-02-28 13:51:04 - Sent message to Machine 0, Logical clock: 231
2025-02-28 13:51:04 - Internal event, Logical clock: 232
2025-02-28 13:51:04 - Sent message to Machine 1, Logical clock: 233
2025-02-28 13:51:05 - Received message from Machine 0, Queue length: 0, Logical clock: 237
2025-02-28 13:51:05 - Received message from Machine 0, Queue length: 0, Logical clock: 240
2025-02-28 13:51:05 - Internal event, Logical clock: 241
2025-02-28 13:51:06 - Internal event, Logical clock: 242
2025-02-28 13:51:06 - Internal event, Logical clock: 243
2025-02-28 13:51:06 - Internal event, Logical clock: 244
2025-02-28 13:51:07 - Received message from Machine 0, Queue length: 0, Logical clock: 247
2025-02-28 13:51:07 - Internal event, Logical clock: 248
2025-02-28 13:51:07 - Internal event, Logical clock: 249
2025-02-28 13:51:08 - Internal event, Logical clock: 250
2025-02-28 13:51:08 - Internal event, Logical clock: 251
2025-02-28 13:51:08 - Internal event, Logical clock: 252
2025-02-28 13:51:09 - Received message from Machine 0, Queue length: 0, Logical clock: 258
2025-02-28 13:51:09 - Sent message to ALL other machines, Logical clock: 259
2025-02-28 13:51:09 - Internal event, Logical clock: 260
2025-02-28 13:51:10 - Internal event, Logical clock: 261
2025-02-28 13:51:10 - Sent message to Machine 1, Logical clock: 262
2025-02-28 13:51:10 - Internal event, Logical clock: 263
2025-02-28 13:51:11 - Internal event, Logical clock: 264
2025-02-28 13:51:11 - Received message from Machine 0, Queue length: 0, Logical clock: 269
2025-02-28 13:51:11 - Internal event, Logical clock: 270
2025-02-28 13:51:12 - Received message from Machine 0, Queue length: 0, Logical clock: 273
2025-02-28 13:51:12 - Internal event, Logical clock: 274
2025-02-28 13:51:12 - Internal event, Logical clock: 275
2025-02-28 13:51:13 - Sent message to Machine 0, Logical clock: 276
2025-02-28 13:51:13 - Internal event, Logical clock: 277
2025-02-28 13:51:13 - Received message from Machine 0, Queue length: 0, Logical clock: 280
2025-02-28 13:51:14 - Internal event, Logical clock: 281
2025-02-28 13:51:14 - Internal event, Logical clock: 282
2025-02-28 13:51:14 - Error sending message to port 9001: [Errno 61] Connection refused
2025-02-28 13:51:14 - Sent message to Machine 1, Logical clock: 283
