2025-03-05 01:23:23 - Machine initialized with clock rate: 4 ticks/second
2025-03-05 01:23:25 - Sent message to Machine 0, Logical clock: 1
2025-03-05 01:23:25 - Sent message to Machine 0, Logical clock: 2
2025-03-05 01:23:26 - Received message from Machine 2, Queue length: 0, Logical clock: 3
2025-03-05 01:23:26 - Received message from Machine 2, Queue length: 0, Logical clock: 5
2025-03-05 01:23:26 - Sent message to Machine 2, Logical clock: 6
2025-03-05 01:23:26 - Sent message to ALL other machines, Logical clock: 7
2025-03-05 01:23:27 - Sent message to ALL other machines, Logical clock: 8
2025-03-05 01:23:27 - Received message from Machine 2, Queue length: 0, Logical clock: 11
2025-03-05 01:23:27 - Received message from Machine 2, Queue length: 0, Logical clock: 12
2025-03-05 01:23:27 - Received message from Machine 2, Queue length: 0, Logical clock: 14
2025-03-05 01:23:28 - Sent message to ALL other machines, Logical clock: 15
2025-03-05 01:23:28 - Received message from Machine 2, Queue length: 0, Logical clock: 17
2025-03-05 01:23:28 - Sent message to Machine 0, Logical clock: 18
2025-03-05 01:23:28 - Received message from Machine 2, Queue length: 0, Logical clock: 19
2025-03-05 01:23:29 - Received message from Machine 2, Queue length: 0, Logical clock: 21
2025-03-05 01:23:29 - Received message from Machine 2, Queue length: 0, Logical clock: 22
2025-03-05 01:23:29 - Received message from Machine 2, Queue length: 0, Logical clock: 24
2025-03-05 01:23:29 - Sent message to Machine 0, Logical clock: 25
2025-03-05 01:23:30 - Received message from Machine 2, Queue length: 0, Logical clock: 27
2025-03-05 01:23:30 - Received message from Machine 2, Queue length: 0, Logical clock: 28
2025-03-05 01:23:30 - Received message from Machine 2, Queue length: 0, Logical clock: 30
2025-03-05 01:23:30 - Received message from Machine 2, Queue length: 0, Logical clock: 32
2025-03-05 01:23:31 - Sent message to ALL other machines, Logical clock: 33
2025-03-05 01:23:31 - Internal event, Logical clock: 34
2025-03-05 01:23:31 - Sent message to ALL other machines, Logical clock: 35
2025-03-05 01:23:31 - Received message from Machine 2, Queue length: 0, Logical clock: 38
2025-03-05 01:23:32 - Sent message to Machine 2, Logical clock: 39
2025-03-05 01:23:32 - Received message from Machine 2, Queue length: 0, Logical clock: 41
2025-03-05 01:23:32 - Sent message to Machine 2, Logical clock: 42
2025-03-05 01:23:32 - Sent message to ALL other machines, Logical clock: 43
2025-03-05 01:23:33 - Sent message to Machine 0, Logical clock: 44
2025-03-05 01:23:33 - Sent message to ALL other machines, Logical clock: 45
2025-03-05 01:23:33 - Sent message to ALL other machines, Logical clock: 46
2025-03-05 01:23:33 - Received message from Machine 2, Queue length: 0, Logical clock: 50
2025-03-05 01:23:34 - Sent message to Machine 0, Logical clock: 51
2025-03-05 01:23:34 - Sent message to ALL other machines, Logical clock: 52
2025-03-05 01:23:34 - Sent message to Machine 2, Logical clock: 53
2025-03-05 01:23:34 - Sent message to ALL other machines, Logical clock: 54
2025-03-05 01:23:35 - Sent message to Machine 2, Logical clock: 55
2025-03-05 01:23:35 - Sent message to ALL other machines, Logical clock: 56
2025-03-05 01:23:35 - Sent message to Machine 2, Logical clock: 57
2025-03-05 01:23:36 - Internal event, Logical clock: 58
2025-03-05 01:23:36 - Received message from Machine 2, Queue length: 0, Logical clock: 62
2025-03-05 01:23:36 - Internal event, Logical clock: 63
2025-03-05 01:23:36 - Received message from Machine 2, Queue length: 0, Logical clock: 66
2025-03-05 01:23:37 - Sent message to Machine 0, Logical clock: 67
2025-03-05 01:23:37 - Internal event, Logical clock: 68
2025-03-05 01:23:37 - Received message from Machine 2, Queue length: 0, Logical clock: 70
2025-03-05 01:23:37 - Received message from Machine 2, Queue length: 0, Logical clock: 71
2025-03-05 01:23:38 - Sent message to Machine 0, Logical clock: 72
2025-03-05 01:23:38 - Sent message to Machine 0, Logical clock: 73
2025-03-05 01:23:38 - Sent message to ALL other machines, Logical clock: 74
2025-03-05 01:23:38 - Sent message to ALL other machines, Logical clock: 75
2025-03-05 01:23:39 - Sent message to ALL other machines, Logical clock: 76
2025-03-05 01:23:39 - Received message from Machine 2, Queue length: 0, Logical clock: 81
2025-03-05 01:23:39 - Received message from Machine 2, Queue length: 0, Logical clock: 82
2025-03-05 01:23:39 - Sent message to Machine 2, Logical clock: 83
2025-03-05 01:23:40 - Internal event, Logical clock: 84
2025-03-05 01:23:40 - Received message from Machine 2, Queue length: 0, Logical clock: 86
2025-03-05 01:23:40 - Received message from Machine 2, Queue length: 0, Logical clock: 88
2025-03-05 01:23:40 - Received message from Machine 2, Queue length: 0, Logical clock: 90
2025-03-05 01:23:41 - Sent message to ALL other machines, Logical clock: 91
2025-03-05 01:23:41 - Received message from Machine 2, Queue length: 0, Logical clock: 93
2025-03-05 01:23:41 - Received message from Machine 2, Queue length: 0, Logical clock: 94
2025-03-05 01:23:41 - Received message from Machine 2, Queue length: 1, Logical clock: 95
2025-03-05 01:23:42 - Received message from Machine 2, Queue length: 0, Logical clock: 96
2025-03-05 01:23:42 - Received message from Machine 2, Queue length: 0, Logical clock: 99
2025-03-05 01:23:42 - Received message from Machine 2, Queue length: 0, Logical clock: 100
2025-03-05 01:23:42 - Received message from Machine 2, Queue length: 0, Logical clock: 102
2025-03-05 01:23:43 - Received message from Machine 2, Queue length: 0, Logical clock: 103
2025-03-05 01:23:43 - Received message from Machine 2, Queue length: 0, Logical clock: 104
2025-03-05 01:23:43 - Sent message to Machine 2, Logical clock: 105
2025-03-05 01:23:43 - Sent message to Machine 2, Logical clock: 106
2025-03-05 01:23:44 - Sent message to ALL other machines, Logical clock: 107
2025-03-05 01:23:44 - Received message from Machine 2, Queue length: 0, Logical clock: 111
2025-03-05 01:23:44 - Sent message to Machine 0, Logical clock: 112
2025-03-05 01:23:44 - Received message from Machine 2, Queue length: 1, Logical clock: 113
2025-03-05 01:23:45 - Received message from Machine 2, Queue length: 0, Logical clock: 114
2025-03-05 01:23:45 - Received message from Machine 2, Queue length: 1, Logical clock: 116
2025-03-05 01:23:45 - Received message from Machine 2, Queue length: 0, Logical clock: 117
2025-03-05 01:23:45 - Received message from Machine 2, Queue length: 0, Logical clock: 119
2025-03-05 01:23:46 - Received message from Machine 2, Queue length: 0, Logical clock: 121
2025-03-05 01:23:46 - Sent message to ALL other machines, Logical clock: 122
2025-03-05 01:23:46 - Sent message to Machine 2, Logical clock: 123
2025-03-05 01:23:46 - Sent message to Machine 0, Logical clock: 124
2025-03-05 01:23:47 - Sent message to Machine 2, Logical clock: 125
2025-03-05 01:23:47 - Sent message to Machine 0, Logical clock: 126
2025-03-05 01:23:47 - Received message from Machine 2, Queue length: 0, Logical clock: 130
2025-03-05 01:23:47 - Sent message to ALL other machines, Logical clock: 131
2025-03-05 01:23:48 - Sent message to Machine 0, Logical clock: 132
2025-03-05 01:23:48 - Received message from Machine 2, Queue length: 0, Logical clock: 134
2025-03-05 01:23:48 - Received message from Machine 2, Queue length: 1, Logical clock: 135
2025-03-05 01:23:48 - Received message from Machine 2, Queue length: 0, Logical clock: 136
2025-03-05 01:23:49 - Sent message to Machine 0, Logical clock: 137
2025-03-05 01:23:49 - Sent message to ALL other machines, Logical clock: 138
2025-03-05 01:23:49 - Internal event, Logical clock: 139
2025-03-05 01:23:49 - Sent message to Machine 2, Logical clock: 140
2025-03-05 01:23:50 - Received message from Machine 2, Queue length: 0, Logical clock: 145
2025-03-05 01:23:50 - Received message from Machine 2, Queue length: 0, Logical clock: 146
2025-03-05 01:23:50 - Received message from Machine 2, Queue length: 0, Logical clock: 148
2025-03-05 01:23:50 - Sent message to ALL other machines, Logical clock: 149
2025-03-05 01:23:51 - Received message from Machine 2, Queue length: 0, Logical clock: 151
2025-03-05 01:23:51 - Sent message to Machine 0, Logical clock: 152
2025-03-05 01:23:51 - Sent message to Machine 0, Logical clock: 153
2025-03-05 01:23:51 - Sent message to Machine 2, Logical clock: 154
2025-03-05 01:23:52 - Received message from Machine 2, Queue length: 0, Logical clock: 157
2025-03-05 01:23:52 - Internal event, Logical clock: 158
2025-03-05 01:23:52 - Received message from Machine 2, Queue length: 0, Logical clock: 159
2025-03-05 01:23:53 - Received message from Machine 2, Queue length: 0, Logical clock: 161
2025-03-05 01:23:53 - Received message from Machine 2, Queue length: 1, Logical clock: 162
2025-03-05 01:23:53 - Received message from Machine 2, Queue length: 0, Logical clock: 163
2025-03-05 01:23:53 - Received message from Machine 2, Queue length: 1, Logical clock: 165
2025-03-05 01:23:54 - Received message from Machine 2, Queue length: 0, Logical clock: 166
2025-03-05 01:23:54 - Received message from Machine 2, Queue length: 0, Logical clock: 169
2025-03-05 01:23:54 - Received message from Machine 2, Queue length: 0, Logical clock: 170
2025-03-05 01:23:54 - Received message from Machine 2, Queue length: 1, Logical clock: 171
2025-03-05 01:23:55 - Received message from Machine 2, Queue length: 1, Logical clock: 172
2025-03-05 01:23:55 - Received message from Machine 2, Queue length: 1, Logical clock: 173
2025-03-05 01:23:55 - Received message from Machine 2, Queue length: 1, Logical clock: 174
2025-03-05 01:23:55 - Received message from Machine 2, Queue length: 1, Logical clock: 176
2025-03-05 01:23:56 - Received message from Machine 2, Queue length: 1, Logical clock: 178
2025-03-05 01:23:56 - Received message from Machine 2, Queue length: 1, Logical clock: 179
2025-03-05 01:23:56 - Received message from Machine 2, Queue length: 0, Logical clock: 180
2025-03-05 01:23:56 - Internal event, Logical clock: 181
2025-03-05 01:23:57 - Received message from Machine 2, Queue length: 0, Logical clock: 185
2025-03-05 01:23:57 - Received message from Machine 2, Queue length: 0, Logical clock: 186
2025-03-05 01:23:57 - Sent message to Machine 0, Logical clock: 187
2025-03-05 01:23:57 - Received message from Machine 2, Queue length: 0, Logical clock: 189
2025-03-05 01:23:58 - Received message from Machine 2, Queue length: 0, Logical clock: 191
2025-03-05 01:23:58 - Internal event, Logical clock: 192
2025-03-05 01:23:58 - Received message from Machine 2, Queue length: 1, Logical clock: 193
2025-03-05 01:23:58 - Received message from Machine 2, Queue length: 0, Logical clock: 194
2025-03-05 01:23:59 - Received message from Machine 2, Queue length: 0, Logical clock: 197
2025-03-05 01:23:59 - Sent message to ALL other machines, Logical clock: 198
2025-03-05 01:23:59 - Received message from Machine 2, Queue length: 0, Logical clock: 200
2025-03-05 01:23:59 - Sent message to Machine 0, Logical clock: 201
2025-03-05 01:24:00 - Received message from Machine 2, Queue length: 1, Logical clock: 202
2025-03-05 01:24:00 - Received message from Machine 2, Queue length: 0, Logical clock: 203
2025-03-05 01:24:00 - Received message from Machine 2, Queue length: 0, Logical clock: 205
2025-03-05 01:24:00 - Received message from Machine 2, Queue length: 0, Logical clock: 207
2025-03-05 01:24:01 - Received message from Machine 2, Queue length: 0, Logical clock: 208
2025-03-05 01:24:01 - Sent message to Machine 2, Logical clock: 209
2025-03-05 01:24:01 - Received message from Machine 2, Queue length: 0, Logical clock: 212
2025-03-05 01:24:01 - Sent message to ALL other machines, Logical clock: 213
2025-03-05 01:24:02 - Sent message to Machine 0, Logical clock: 214
2025-03-05 01:24:02 - Received message from Machine 2, Queue length: 0, Logical clock: 216
2025-03-05 01:24:02 - Sent message to ALL other machines, Logical clock: 217
2025-03-05 01:24:02 - Sent message to Machine 2, Logical clock: 218
2025-03-05 01:24:03 - Sent message to ALL other machines, Logical clock: 219
2025-03-05 01:24:03 - Sent message to Machine 2, Logical clock: 220
2025-03-05 01:24:03 - Received message from Machine 2, Queue length: 0, Logical clock: 224
2025-03-05 01:24:03 - Received message from Machine 2, Queue length: 0, Logical clock: 225
2025-03-05 01:24:04 - Sent message to Machine 2, Logical clock: 226
2025-03-05 01:24:04 - Sent message to ALL other machines, Logical clock: 227
2025-03-05 01:24:04 - Sent message to Machine 0, Logical clock: 228
2025-03-05 01:24:04 - Internal event, Logical clock: 229
2025-03-05 01:24:05 - Received message from Machine 2, Queue length: 0, Logical clock: 232
2025-03-05 01:24:05 - Received message from Machine 2, Queue length: 0, Logical clock: 234
2025-03-05 01:24:05 - Sent message to Machine 2, Logical clock: 235
2025-03-05 01:24:05 - Sent message to Machine 2, Logical clock: 236
2025-03-05 01:24:06 - Received message from Machine 2, Queue length: 0, Logical clock: 239
2025-03-05 01:24:06 - Received message from Machine 2, Queue length: 0, Logical clock: 240
2025-03-05 01:24:06 - Received message from Machine 2, Queue length: 0, Logical clock: 241
2025-03-05 01:24:06 - Received message from Machine 2, Queue length: 0, Logical clock: 243
2025-03-05 01:24:07 - Sent message to ALL other machines, Logical clock: 244
2025-03-05 01:24:07 - Sent message to Machine 2, Logical clock: 245
2025-03-05 01:24:07 - Received message from Machine 2, Queue length: 0, Logical clock: 248
2025-03-05 01:24:07 - Sent message to ALL other machines, Logical clock: 249
2025-03-05 01:24:08 - Sent message to ALL other machines, Logical clock: 250
2025-03-05 01:24:08 - Internal event, Logical clock: 251
2025-03-05 01:24:08 - Received message from Machine 2, Queue length: 0, Logical clock: 253
2025-03-05 01:24:09 - Received message from Machine 2, Queue length: 1, Logical clock: 254
2025-03-05 01:24:09 - Received message from Machine 2, Queue length: 2, Logical clock: 255
2025-03-05 01:24:09 - Received message from Machine 2, Queue length: 2, Logical clock: 256
2025-03-05 01:24:09 - Received message from Machine 2, Queue length: 1, Logical clock: 257
2025-03-05 01:24:10 - Received message from Machine 2, Queue length: 2, Logical clock: 258
2025-03-05 01:24:10 - Received message from Machine 2, Queue length: 1, Logical clock: 260
2025-03-05 01:24:10 - Received message from Machine 2, Queue length: 2, Logical clock: 261
2025-03-05 01:24:10 - Received message from Machine 2, Queue length: 2, Logical clock: 263
2025-03-05 01:24:11 - Received message from Machine 2, Queue length: 2, Logical clock: 264
2025-03-05 01:24:11 - Received message from Machine 2, Queue length: 1, Logical clock: 265
2025-03-05 01:24:11 - Received message from Machine 2, Queue length: 2, Logical clock: 267
2025-03-05 01:24:11 - Received message from Machine 2, Queue length: 2, Logical clock: 269
2025-03-05 01:24:12 - Received message from Machine 2, Queue length: 1, Logical clock: 270
2025-03-05 01:24:12 - Received message from Machine 2, Queue length: 1, Logical clock: 271
2025-03-05 01:24:12 - Received message from Machine 2, Queue length: 0, Logical clock: 274
2025-03-05 01:24:12 - Sent message to ALL other machines, Logical clock: 275
2025-03-05 01:24:13 - Sent message to Machine 2, Logical clock: 276
2025-03-05 01:24:13 - Internal event, Logical clock: 277
2025-03-05 01:24:13 - Sent message to Machine 2, Logical clock: 278
2025-03-05 01:24:13 - Sent message to Machine 2, Logical clock: 279
2025-03-05 01:24:14 - Sent message to Machine 2, Logical clock: 280
2025-03-05 01:24:14 - Sent message to ALL other machines, Logical clock: 281
2025-03-05 01:24:14 - Received message from Machine 2, Queue length: 0, Logical clock: 288
2025-03-05 01:24:14 - Received message from Machine 2, Queue length: 0, Logical clock: 289
2025-03-05 01:24:15 - Sent message to Machine 0, Logical clock: 290
2025-03-05 01:24:15 - Received message from Machine 2, Queue length: 0, Logical clock: 292
2025-03-05 01:24:15 - Received message from Machine 2, Queue length: 0, Logical clock: 293
2025-03-05 01:24:15 - Received message from Machine 2, Queue length: 0, Logical clock: 295
2025-03-05 01:24:16 - Received message from Machine 2, Queue length: 0, Logical clock: 297
2025-03-05 01:24:16 - Sent message to ALL other machines, Logical clock: 298
2025-03-05 01:24:16 - Internal event, Logical clock: 299
2025-03-05 01:24:16 - Received message from Machine 2, Queue length: 0, Logical clock: 301
2025-03-05 01:24:17 - Received message from Machine 2, Queue length: 1, Logical clock: 302
2025-03-05 01:24:17 - Received message from Machine 2, Queue length: 1, Logical clock: 303
2025-03-05 01:24:17 - Received message from Machine 2, Queue length: 1, Logical clock: 304
2025-03-05 01:24:17 - Received message from Machine 2, Queue length: 1, Logical clock: 305
2025-03-05 01:24:18 - Received message from Machine 2, Queue length: 1, Logical clock: 307
2025-03-05 01:24:18 - Received message from Machine 2, Queue length: 0, Logical clock: 309
2025-03-05 01:24:18 - Received message from Machine 2, Queue length: 0, Logical clock: 311
2025-03-05 01:24:18 - Received message from Machine 2, Queue length: 0, Logical clock: 313
2025-03-05 01:24:19 - Received message from Machine 2, Queue length: 1, Logical clock: 314
2025-03-05 01:24:19 - Received message from Machine 2, Queue length: 0, Logical clock: 315
2025-03-05 01:24:19 - Received message from Machine 2, Queue length: 1, Logical clock: 317
2025-03-05 01:24:19 - Received message from Machine 2, Queue length: 1, Logical clock: 318
2025-03-05 01:24:20 - Received message from Machine 2, Queue length: 1, Logical clock: 319
2025-03-05 01:24:20 - Received message from Machine 2, Queue length: 1, Logical clock: 320
2025-03-05 01:24:20 - Received message from Machine 2, Queue length: 1, Logical clock: 322
2025-03-05 01:24:20 - Received message from Machine 2, Queue length: 1, Logical clock: 323
2025-03-05 01:24:21 - Received message from Machine 2, Queue length: 0, Logical clock: 325
2025-03-05 01:24:21 - Sent message to Machine 0, Logical clock: 326
2025-03-05 01:24:21 - Received message from Machine 2, Queue length: 0, Logical clock: 330
2025-03-05 01:24:21 - Sent message to Machine 0, Logical clock: 331
2025-03-05 01:24:22 - Sent message to ALL other machines, Logical clock: 332
2025-03-05 01:24:22 - Internal event, Logical clock: 333
2025-03-05 01:24:22 - Internal event, Logical clock: 334
2025-03-05 01:24:22 - Internal event, Logical clock: 335
2025-03-05 01:24:23 - Received message from Machine 2, Queue length: 0, Logical clock: 338
2025-03-05 01:24:23 - Received message from Machine 2, Queue length: 1, Logical clock: 339
