2025-03-05 11:59:18 - Machine initialized with clock rate: 4 ticks/second
2025-03-05 11:59:20 - Sent message to Machine 0, Logical clock: 1
2025-03-05 11:59:21 - Received message from Machine 1, Queue length: 0, Logical clock: 2
2025-03-05 11:59:21 - Internal event, Logical clock: 3
2025-03-05 11:59:21 - Internal event, Logical clock: 4
2025-03-05 11:59:21 - Internal event, Logical clock: 5
2025-03-05 11:59:22 - Internal event, Logical clock: 6
2025-03-05 11:59:22 - Internal event, Logical clock: 7
2025-03-05 11:59:22 - Internal event, Logical clock: 8
2025-03-05 11:59:22 - Internal event, Logical clock: 9
2025-03-05 11:59:23 - Internal event, Logical clock: 10
2025-03-05 11:59:23 - Internal event, Logical clock: 11
2025-03-05 11:59:23 - Sent message to Machine 0, Logical clock: 12
2025-03-05 11:59:23 - Internal event, Logical clock: 13
2025-03-05 11:59:24 - Internal event, Logical clock: 14
2025-03-05 11:59:24 - Internal event, Logical clock: 15
2025-03-05 11:59:24 - Internal event, Logical clock: 16
2025-03-05 11:59:24 - Internal event, Logical clock: 17
2025-03-05 11:59:25 - Sent message to Machine 1, Logical clock: 18
2025-03-05 11:59:25 - Internal event, Logical clock: 19
2025-03-05 11:59:25 - Internal event, Logical clock: 20
2025-03-05 11:59:25 - Internal event, Logical clock: 21
2025-03-05 11:59:26 - Internal event, Logical clock: 22
2025-03-05 11:59:26 - Internal event, Logical clock: 23
2025-03-05 11:59:26 - Internal event, Logical clock: 24
2025-03-05 11:59:26 - Internal event, Logical clock: 25
2025-03-05 11:59:27 - Internal event, Logical clock: 26
2025-03-05 11:59:27 - Internal event, Logical clock: 27
2025-03-05 11:59:27 - Internal event, Logical clock: 28
2025-03-05 11:59:27 - Internal event, Logical clock: 29
2025-03-05 11:59:28 - Internal event, Logical clock: 30
2025-03-05 11:59:28 - Internal event, Logical clock: 31
2025-03-05 11:59:28 - Internal event, Logical clock: 32
2025-03-05 11:59:28 - Sent message to Machine 0, Logical clock: 33
2025-03-05 11:59:29 - Internal event, Logical clock: 34
2025-03-05 11:59:29 - Internal event, Logical clock: 35
2025-03-05 11:59:29 - Internal event, Logical clock: 36
2025-03-05 11:59:29 - Sent message to Machine 0, Logical clock: 37
2025-03-05 11:59:30 - Internal event, Logical clock: 38
2025-03-05 11:59:30 - Internal event, Logical clock: 39
2025-03-05 11:59:30 - Internal event, Logical clock: 40
2025-03-05 11:59:30 - Internal event, Logical clock: 41
2025-03-05 11:59:31 - Internal event, Logical clock: 42
2025-03-05 11:59:31 - Internal event, Logical clock: 43
2025-03-05 11:59:31 - Internal event, Logical clock: 44
2025-03-05 11:59:31 - Internal event, Logical clock: 45
2025-03-05 11:59:32 - Internal event, Logical clock: 46
2025-03-05 11:59:32 - Internal event, Logical clock: 47
2025-03-05 11:59:32 - Sent message to ALL other machines, Logical clock: 48
2025-03-05 11:59:32 - Internal event, Logical clock: 49
2025-03-05 11:59:33 - Internal event, Logical clock: 50
2025-03-05 11:59:33 - Sent message to Machine 0, Logical clock: 51
2025-03-05 11:59:33 - Internal event, Logical clock: 52
2025-03-05 11:59:33 - Internal event, Logical clock: 53
2025-03-05 11:59:34 - Internal event, Logical clock: 54
2025-03-05 11:59:34 - Internal event, Logical clock: 55
2025-03-05 11:59:34 - Internal event, Logical clock: 56
2025-03-05 11:59:34 - Internal event, Logical clock: 57
2025-03-05 11:59:35 - Internal event, Logical clock: 58
2025-03-05 11:59:35 - Internal event, Logical clock: 59
2025-03-05 11:59:35 - Internal event, Logical clock: 60
2025-03-05 11:59:35 - Internal event, Logical clock: 61
2025-03-05 11:59:36 - Internal event, Logical clock: 62
2025-03-05 11:59:36 - Internal event, Logical clock: 63
2025-03-05 11:59:36 - Internal event, Logical clock: 64
2025-03-05 11:59:36 - Internal event, Logical clock: 65
2025-03-05 11:59:37 - Internal event, Logical clock: 66
2025-03-05 11:59:37 - Internal event, Logical clock: 67
2025-03-05 11:59:37 - Internal event, Logical clock: 68
2025-03-05 11:59:37 - Internal event, Logical clock: 69
2025-03-05 11:59:38 - Internal event, Logical clock: 70
2025-03-05 11:59:38 - Internal event, Logical clock: 71
2025-03-05 11:59:38 - Internal event, Logical clock: 72
2025-03-05 11:59:39 - Internal event, Logical clock: 73
2025-03-05 11:59:39 - Internal event, Logical clock: 74
2025-03-05 11:59:39 - Internal event, Logical clock: 75
2025-03-05 11:59:39 - Internal event, Logical clock: 76
2025-03-05 11:59:40 - Internal event, Logical clock: 77
2025-03-05 11:59:40 - Internal event, Logical clock: 78
2025-03-05 11:59:40 - Internal event, Logical clock: 79
2025-03-05 11:59:40 - Internal event, Logical clock: 80
2025-03-05 11:59:41 - Internal event, Logical clock: 81
2025-03-05 11:59:41 - Internal event, Logical clock: 82
2025-03-05 11:59:41 - Internal event, Logical clock: 83
2025-03-05 11:59:41 - Internal event, Logical clock: 84
2025-03-05 11:59:42 - Internal event, Logical clock: 85
2025-03-05 11:59:42 - Internal event, Logical clock: 86
2025-03-05 11:59:42 - Internal event, Logical clock: 87
2025-03-05 11:59:42 - Internal event, Logical clock: 88
2025-03-05 11:59:43 - Internal event, Logical clock: 89
2025-03-05 11:59:43 - Internal event, Logical clock: 90
2025-03-05 11:59:43 - Internal event, Logical clock: 91
2025-03-05 11:59:43 - Internal event, Logical clock: 92
2025-03-05 11:59:44 - Internal event, Logical clock: 93
2025-03-05 11:59:44 - Internal event, Logical clock: 94
2025-03-05 11:59:44 - Internal event, Logical clock: 95
2025-03-05 11:59:44 - Internal event, Logical clock: 96
2025-03-05 11:59:45 - Received message from Machine 0, Queue length: 0, Logical clock: 144
2025-03-05 11:59:45 - Internal event, Logical clock: 145
2025-03-05 11:59:45 - Internal event, Logical clock: 146
2025-03-05 11:59:45 - Internal event, Logical clock: 147
2025-03-05 11:59:46 - Internal event, Logical clock: 148
2025-03-05 11:59:46 - Internal event, Logical clock: 149
2025-03-05 11:59:46 - Internal event, Logical clock: 150
2025-03-05 11:59:46 - Internal event, Logical clock: 151
2025-03-05 11:59:47 - Internal event, Logical clock: 152
2025-03-05 11:59:47 - Internal event, Logical clock: 153
2025-03-05 11:59:47 - Internal event, Logical clock: 154
2025-03-05 11:59:47 - Internal event, Logical clock: 155
2025-03-05 11:59:48 - Internal event, Logical clock: 156
2025-03-05 11:59:48 - Internal event, Logical clock: 157
2025-03-05 11:59:48 - Internal event, Logical clock: 158
2025-03-05 11:59:48 - Internal event, Logical clock: 159
2025-03-05 11:59:49 - Internal event, Logical clock: 160
2025-03-05 11:59:49 - Internal event, Logical clock: 161
2025-03-05 11:59:49 - Internal event, Logical clock: 162
2025-03-05 11:59:49 - Internal event, Logical clock: 163
2025-03-05 11:59:50 - Internal event, Logical clock: 164
2025-03-05 11:59:50 - Internal event, Logical clock: 165
2025-03-05 11:59:50 - Internal event, Logical clock: 166
2025-03-05 11:59:50 - Internal event, Logical clock: 167
2025-03-05 11:59:51 - Internal event, Logical clock: 168
2025-03-05 11:59:51 - Internal event, Logical clock: 169
2025-03-05 11:59:51 - Internal event, Logical clock: 170
2025-03-05 11:59:51 - Internal event, Logical clock: 171
2025-03-05 11:59:52 - Internal event, Logical clock: 172
2025-03-05 11:59:52 - Internal event, Logical clock: 173
2025-03-05 11:59:52 - Internal event, Logical clock: 174
2025-03-05 11:59:52 - Internal event, Logical clock: 175
2025-03-05 11:59:53 - Internal event, Logical clock: 176
2025-03-05 11:59:53 - Internal event, Logical clock: 177
2025-03-05 11:59:53 - Internal event, Logical clock: 178
2025-03-05 11:59:53 - Internal event, Logical clock: 179
2025-03-05 11:59:54 - Internal event, Logical clock: 180
2025-03-05 11:59:54 - Received message from Machine 0, Queue length: 0, Logical clock: 198
2025-03-05 11:59:54 - Internal event, Logical clock: 199
2025-03-05 11:59:54 - Internal event, Logical clock: 200
2025-03-05 11:59:55 - Internal event, Logical clock: 201
2025-03-05 11:59:55 - Internal event, Logical clock: 202
2025-03-05 11:59:55 - Internal event, Logical clock: 203
2025-03-05 11:59:55 - Internal event, Logical clock: 204
2025-03-05 11:59:56 - Internal event, Logical clock: 205
2025-03-05 11:59:56 - Internal event, Logical clock: 206
2025-03-05 11:59:56 - Internal event, Logical clock: 207
2025-03-05 11:59:56 - Internal event, Logical clock: 208
2025-03-05 11:59:57 - Internal event, Logical clock: 209
2025-03-05 11:59:57 - Internal event, Logical clock: 210
2025-03-05 11:59:57 - Internal event, Logical clock: 211
2025-03-05 11:59:57 - Internal event, Logical clock: 212
2025-03-05 11:59:58 - Received message from Machine 0, Queue length: 0, Logical clock: 221
2025-03-05 11:59:58 - Internal event, Logical clock: 222
2025-03-05 11:59:58 - Internal event, Logical clock: 223
2025-03-05 11:59:58 - Sent message to ALL other machines, Logical clock: 224
2025-03-05 11:59:59 - Internal event, Logical clock: 225
2025-03-05 11:59:59 - Internal event, Logical clock: 226
2025-03-05 11:59:59 - Received message from Machine 0, Queue length: 0, Logical clock: 230
2025-03-05 12:00:00 - Internal event, Logical clock: 231
2025-03-05 12:00:00 - Internal event, Logical clock: 232
2025-03-05 12:00:00 - Internal event, Logical clock: 233
2025-03-05 12:00:00 - Internal event, Logical clock: 234
2025-03-05 12:00:01 - Internal event, Logical clock: 235
2025-03-05 12:00:01 - Internal event, Logical clock: 236
2025-03-05 12:00:01 - Internal event, Logical clock: 237
2025-03-05 12:00:01 - Internal event, Logical clock: 238
2025-03-05 12:00:02 - Internal event, Logical clock: 239
2025-03-05 12:00:02 - Internal event, Logical clock: 240
2025-03-05 12:00:02 - Internal event, Logical clock: 241
2025-03-05 12:00:02 - Internal event, Logical clock: 242
2025-03-05 12:00:03 - Internal event, Logical clock: 243
2025-03-05 12:00:03 - Internal event, Logical clock: 244
2025-03-05 12:00:03 - Internal event, Logical clock: 245
2025-03-05 12:00:03 - Internal event, Logical clock: 246
2025-03-05 12:00:04 - Internal event, Logical clock: 247
2025-03-05 12:00:04 - Internal event, Logical clock: 248
2025-03-05 12:00:04 - Internal event, Logical clock: 249
2025-03-05 12:00:04 - Internal event, Logical clock: 250
2025-03-05 12:00:05 - Internal event, Logical clock: 251
2025-03-05 12:00:05 - Internal event, Logical clock: 252
2025-03-05 12:00:05 - Internal event, Logical clock: 253
2025-03-05 12:00:05 - Internal event, Logical clock: 254
2025-03-05 12:00:06 - Internal event, Logical clock: 255
2025-03-05 12:00:06 - Internal event, Logical clock: 256
2025-03-05 12:00:06 - Internal event, Logical clock: 257
2025-03-05 12:00:06 - Internal event, Logical clock: 258
2025-03-05 12:00:07 - Internal event, Logical clock: 259
2025-03-05 12:00:07 - Internal event, Logical clock: 260
2025-03-05 12:00:07 - Internal event, Logical clock: 261
2025-03-05 12:00:07 - Internal event, Logical clock: 262
2025-03-05 12:00:08 - Internal event, Logical clock: 263
2025-03-05 12:00:08 - Internal event, Logical clock: 264
2025-03-05 12:00:08 - Received message from Machine 1, Queue length: 0, Logical clock: 265
2025-03-05 12:00:08 - Internal event, Logical clock: 266
2025-03-05 12:00:09 - Internal event, Logical clock: 267
2025-03-05 12:00:09 - Internal event, Logical clock: 268
2025-03-05 12:00:09 - Internal event, Logical clock: 269
2025-03-05 12:00:09 - Internal event, Logical clock: 270
2025-03-05 12:00:10 - Internal event, Logical clock: 271
2025-03-05 12:00:10 - Internal event, Logical clock: 272
2025-03-05 12:00:10 - Internal event, Logical clock: 273
2025-03-05 12:00:10 - Internal event, Logical clock: 274
2025-03-05 12:00:11 - Internal event, Logical clock: 275
2025-03-05 12:00:11 - Internal event, Logical clock: 276
2025-03-05 12:00:11 - Internal event, Logical clock: 277
2025-03-05 12:00:11 - Internal event, Logical clock: 278
2025-03-05 12:00:12 - Internal event, Logical clock: 279
2025-03-05 12:00:12 - Sent message to Machine 1, Logical clock: 280
2025-03-05 12:00:12 - Internal event, Logical clock: 281
2025-03-05 12:00:12 - Internal event, Logical clock: 282
2025-03-05 12:00:13 - Internal event, Logical clock: 283
2025-03-05 12:00:13 - Internal event, Logical clock: 284
2025-03-05 12:00:13 - Internal event, Logical clock: 285
2025-03-05 12:00:13 - Internal event, Logical clock: 286
2025-03-05 12:00:14 - Internal event, Logical clock: 287
2025-03-05 12:00:14 - Internal event, Logical clock: 288
2025-03-05 12:00:14 - Received message from Machine 1, Queue length: 0, Logical clock: 289
2025-03-05 12:00:14 - Internal event, Logical clock: 290
2025-03-05 12:00:15 - Internal event, Logical clock: 291
2025-03-05 12:00:15 - Internal event, Logical clock: 292
2025-03-05 12:00:15 - Internal event, Logical clock: 293
2025-03-05 12:00:15 - Internal event, Logical clock: 294
2025-03-05 12:00:16 - Internal event, Logical clock: 295
2025-03-05 12:00:16 - Internal event, Logical clock: 296
2025-03-05 12:00:16 - Internal event, Logical clock: 297
2025-03-05 12:00:16 - Internal event, Logical clock: 298
2025-03-05 12:00:17 - Internal event, Logical clock: 299
2025-03-05 12:00:17 - Internal event, Logical clock: 300
2025-03-05 12:00:17 - Internal event, Logical clock: 301
2025-03-05 12:00:17 - Internal event, Logical clock: 302
2025-03-05 12:00:18 - Internal event, Logical clock: 303
2025-03-05 12:00:18 - Internal event, Logical clock: 304
2025-03-05 12:00:18 - Internal event, Logical clock: 305
