2025-02-28 14:32:09 - Machine initialized with clock rate: 13 ticks/second
2025-02-28 14:32:11 - Internal event, Logical clock: 1
2025-02-28 14:32:11 - Received message from Machine 2, Queue length: 0, Logical clock: 3
2025-02-28 14:32:12 - Received message from Machine 2, Queue length: 1, Logical clock: 7
2025-02-28 14:32:12 - Received message from Machine 2, Queue length: 1, Logical clock: 8
2025-02-28 14:32:12 - Received message from Machine 1, Queue length: 0, Logical clock: 9
2025-02-28 14:32:12 - Received message from Machine 2, Queue length: 0, Logical clock: 18
2025-02-28 14:32:12 - Received message from Machine 2, Queue length: 0, Logical clock: 23
2025-02-28 14:32:12 - Received message from Machine 2, Queue length: 0, Logical clock: 25
2025-02-28 14:32:12 - Received message from Machine 1, Queue length: 0, Logical clock: 30
2025-02-28 14:32:12 - Received message from Machine 1, Queue length: 2, Logical clock: 31
2025-02-28 14:32:12 - Received message from Machine 2, Queue length: 3, Logical clock: 33
2025-02-28 14:32:12 - Received message from Machine 2, Queue length: 3, Logical clock: 34
2025-02-28 14:32:12 - Received message from Machine 2, Queue length: 4, Logical clock: 36
2025-02-28 14:32:12 - Received message from Machine 1, Queue length: 4, Logical clock: 38
2025-02-28 14:32:12 - Received message from Machine 2, Queue length: 4, Logical clock: 42
2025-02-28 14:32:13 - Received message from Machine 2, Queue length: 5, Logical clock: 46
2025-02-28 14:32:13 - Received message from Machine 2, Queue length: 5, Logical clock: 47
2025-02-28 14:32:13 - Received message from Machine 2, Queue length: 5, Logical clock: 50
2025-02-28 14:32:13 - Received message from Machine 2, Queue length: 6, Logical clock: 53
2025-02-28 14:32:13 - Received message from Machine 2, Queue length: 8, Logical clock: 55
2025-02-28 14:32:13 - Received message from Machine 2, Queue length: 9, Logical clock: 58
2025-02-28 14:32:13 - Received message from Machine 1, Queue length: 8, Logical clock: 61
2025-02-28 14:32:13 - Received message from Machine 1, Queue length: 9, Logical clock: 62
2025-02-28 14:32:13 - Received message from Machine 2, Queue length: 10, Logical clock: 66
2025-02-28 14:32:13 - Received message from Machine 2, Queue length: 11, Logical clock: 68
2025-02-28 14:32:13 - Received message from Machine 2, Queue length: 11, Logical clock: 70
2025-02-28 14:32:13 - Received message from Machine 2, Queue length: 12, Logical clock: 71
2025-02-28 14:32:14 - Received message from Machine 2, Queue length: 12, Logical clock: 72
2025-02-28 14:32:14 - Received message from Machine 1, Queue length: 11, Logical clock: 74
2025-02-28 14:32:14 - Received message from Machine 2, Queue length: 10, Logical clock: 76
2025-02-28 14:32:14 - Received message from Machine 1, Queue length: 10, Logical clock: 81
2025-02-28 14:32:14 - Received message from Machine 2, Queue length: 9, Logical clock: 83
2025-02-28 14:32:14 - Received message from Machine 2, Queue length: 8, Logical clock: 86
2025-02-28 14:32:14 - Received message from Machine 1, Queue length: 8, Logical clock: 88
2025-02-28 14:32:14 - Received message from Machine 2, Queue length: 9, Logical clock: 90
2025-02-28 14:32:14 - Received message from Machine 2, Queue length: 8, Logical clock: 91
2025-02-28 14:32:14 - Received message from Machine 1, Queue length: 8, Logical clock: 95
2025-02-28 14:32:14 - Received message from Machine 2, Queue length: 9, Logical clock: 97
2025-02-28 14:32:14 - Received message from Machine 1, Queue length: 8, Logical clock: 98
2025-02-28 14:32:15 - Received message from Machine 1, Queue length: 7, Logical clock: 101
2025-02-28 14:32:15 - Received message from Machine 1, Queue length: 7, Logical clock: 113
2025-02-28 14:32:15 - Received message from Machine 2, Queue length: 8, Logical clock: 124
2025-02-28 14:32:15 - Received message from Machine 1, Queue length: 8, Logical clock: 125
2025-02-28 14:32:15 - Received message from Machine 2, Queue length: 9, Logical clock: 127
2025-02-28 14:32:15 - Received message from Machine 2, Queue length: 8, Logical clock: 136
2025-02-28 14:32:15 - Received message from Machine 2, Queue length: 8, Logical clock: 138
2025-02-28 14:32:15 - Received message from Machine 1, Queue length: 9, Logical clock: 140
2025-02-28 14:32:15 - Received message from Machine 1, Queue length: 9, Logical clock: 148
2025-02-28 14:32:15 - Received message from Machine 2, Queue length: 9, Logical clock: 152
2025-02-28 14:32:15 - Received message from Machine 1, Queue length: 9, Logical clock: 153
2025-02-28 14:32:15 - Received message from Machine 2, Queue length: 9, Logical clock: 159
2025-02-28 14:32:15 - Received message from Machine 2, Queue length: 8, Logical clock: 161
2025-02-28 14:32:16 - Received message from Machine 1, Queue length: 7, Logical clock: 162
2025-02-28 14:32:16 - Received message from Machine 1, Queue length: 7, Logical clock: 167
2025-02-28 14:32:16 - Received message from Machine 1, Queue length: 6, Logical clock: 168
2025-02-28 14:32:16 - Received message from Machine 1, Queue length: 5, Logical clock: 169
2025-02-28 14:32:16 - Received message from Machine 2, Queue length: 4, Logical clock: 175
2025-02-28 14:32:16 - Received message from Machine 1, Queue length: 4, Logical clock: 179
2025-02-28 14:32:16 - Received message from Machine 1, Queue length: 3, Logical clock: 181
2025-02-28 14:32:16 - Received message from Machine 2, Queue length: 3, Logical clock: 187
2025-02-28 14:32:16 - Received message from Machine 2, Queue length: 3, Logical clock: 199
2025-02-28 14:32:16 - Received message from Machine 1, Queue length: 2, Logical clock: 213
2025-02-28 14:32:16 - Received message from Machine 1, Queue length: 3, Logical clock: 218
2025-02-28 14:32:16 - Received message from Machine 1, Queue length: 4, Logical clock: 222
2025-02-28 14:32:17 - Received message from Machine 2, Queue length: 4, Logical clock: 230
2025-02-28 14:32:17 - Received message from Machine 1, Queue length: 6, Logical clock: 232
2025-02-28 14:32:17 - Received message from Machine 2, Queue length: 6, Logical clock: 234
2025-02-28 14:32:17 - Received message from Machine 1, Queue length: 5, Logical clock: 235
2025-02-28 14:32:17 - Received message from Machine 1, Queue length: 4, Logical clock: 236
2025-02-28 14:32:17 - Received message from Machine 1, Queue length: 4, Logical clock: 239
2025-02-28 14:32:17 - Received message from Machine 1, Queue length: 3, Logical clock: 240
2025-02-28 14:32:17 - Received message from Machine 2, Queue length: 3, Logical clock: 244
2025-02-28 14:32:17 - Received message from Machine 1, Queue length: 2, Logical clock: 245
2025-02-28 14:32:17 - Received message from Machine 1, Queue length: 2, Logical clock: 259
2025-02-28 14:32:17 - Received message from Machine 2, Queue length: 3, Logical clock: 265
2025-02-28 14:32:17 - Received message from Machine 2, Queue length: 2, Logical clock: 273
2025-02-28 14:32:18 - Received message from Machine 1, Queue length: 2, Logical clock: 275
2025-02-28 14:32:18 - Received message from Machine 2, Queue length: 2, Logical clock: 278
2025-02-28 14:32:18 - Received message from Machine 2, Queue length: 1, Logical clock: 285
2025-02-28 14:32:18 - Received message from Machine 2, Queue length: 2, Logical clock: 288
2025-02-28 14:32:18 - Received message from Machine 2, Queue length: 1, Logical clock: 295
2025-02-28 14:32:18 - Received message from Machine 1, Queue length: 1, Logical clock: 296
2025-02-28 14:32:18 - Received message from Machine 1, Queue length: 2, Logical clock: 304
2025-02-28 14:32:18 - Received message from Machine 2, Queue length: 2, Logical clock: 306
2025-02-28 14:32:18 - Received message from Machine 1, Queue length: 2, Logical clock: 307
2025-02-28 14:32:18 - Received message from Machine 2, Queue length: 2, Logical clock: 310
2025-02-28 14:32:18 - Received message from Machine 2, Queue length: 1, Logical clock: 314
2025-02-28 14:32:18 - Received message from Machine 2, Queue length: 0, Logical clock: 320
2025-02-28 14:32:18 - Sent message to Machine 1, Logical clock: 321
2025-02-28 14:32:19 - Internal event, Logical clock: 322
2025-02-28 14:32:19 - Received message from Machine 2, Queue length: 0, Logical clock: 336
2025-02-28 14:32:19 - Received message from Machine 1, Queue length: 1, Logical clock: 339
2025-02-28 14:32:19 - Received message from Machine 1, Queue length: 2, Logical clock: 340
2025-02-28 14:32:19 - Received message from Machine 1, Queue length: 2, Logical clock: 345
2025-02-28 14:32:19 - Received message from Machine 1, Queue length: 2, Logical clock: 346
2025-02-28 14:32:19 - Received message from Machine 2, Queue length: 2, Logical clock: 350
2025-02-28 14:32:19 - Received message from Machine 2, Queue length: 2, Logical clock: 351
2025-02-28 14:32:19 - Received message from Machine 1, Queue length: 3, Logical clock: 353
2025-02-28 14:32:19 - Received message from Machine 1, Queue length: 3, Logical clock: 356
2025-02-28 14:32:19 - Received message from Machine 2, Queue length: 3, Logical clock: 362
2025-02-28 14:32:19 - Received message from Machine 2, Queue length: 3, Logical clock: 364
2025-02-28 14:32:20 - Received message from Machine 2, Queue length: 4, Logical clock: 366
2025-02-28 14:32:20 - Received message from Machine 1, Queue length: 4, Logical clock: 368
2025-02-28 14:32:20 - Received message from Machine 1, Queue length: 3, Logical clock: 373
2025-02-28 14:32:20 - Received message from Machine 2, Queue length: 3, Logical clock: 379
2025-02-28 14:32:20 - Received message from Machine 2, Queue length: 2, Logical clock: 380
2025-02-28 14:32:20 - Received message from Machine 2, Queue length: 4, Logical clock: 383
2025-02-28 14:32:20 - Received message from Machine 1, Queue length: 4, Logical clock: 389
2025-02-28 14:32:20 - Received message from Machine 2, Queue length: 4, Logical clock: 396
2025-02-28 14:32:20 - Received message from Machine 2, Queue length: 4, Logical clock: 398
2025-02-28 14:32:20 - Received message from Machine 2, Queue length: 4, Logical clock: 399
2025-02-28 14:32:20 - Received message from Machine 2, Queue length: 5, Logical clock: 401
2025-02-28 14:32:20 - Received message from Machine 2, Queue length: 5, Logical clock: 405
2025-02-28 14:32:21 - Received message from Machine 2, Queue length: 5, Logical clock: 409
2025-02-28 14:32:21 - Received message from Machine 2, Queue length: 5, Logical clock: 412
2025-02-28 14:32:21 - Received message from Machine 2, Queue length: 5, Logical clock: 416
2025-02-28 14:32:21 - Received message from Machine 1, Queue length: 6, Logical clock: 417
2025-02-28 14:32:21 - Received message from Machine 1, Queue length: 7, Logical clock: 421
2025-02-28 14:32:21 - Received message from Machine 1, Queue length: 6, Logical clock: 422
2025-02-28 14:32:21 - Received message from Machine 2, Queue length: 7, Logical clock: 429
2025-02-28 14:32:21 - Received message from Machine 2, Queue length: 6, Logical clock: 433
2025-02-28 14:32:21 - Received message from Machine 1, Queue length: 6, Logical clock: 434
2025-02-28 14:32:21 - Received message from Machine 2, Queue length: 6, Logical clock: 437
2025-02-28 14:32:21 - Received message from Machine 1, Queue length: 7, Logical clock: 439
2025-02-28 14:32:21 - Received message from Machine 1, Queue length: 8, Logical clock: 440
2025-02-28 14:32:21 - Received message from Machine 1, Queue length: 7, Logical clock: 445
2025-02-28 14:32:22 - Received message from Machine 1, Queue length: 7, Logical clock: 446
2025-02-28 14:32:22 - Received message from Machine 1, Queue length: 7, Logical clock: 455
2025-02-28 14:32:22 - Received message from Machine 2, Queue length: 7, Logical clock: 458
2025-02-28 14:32:22 - Received message from Machine 2, Queue length: 7, Logical clock: 462
2025-02-28 14:32:22 - Received message from Machine 2, Queue length: 7, Logical clock: 463
2025-02-28 14:32:22 - Received message from Machine 2, Queue length: 7, Logical clock: 465
2025-02-28 14:32:22 - Received message from Machine 2, Queue length: 9, Logical clock: 467
2025-02-28 14:32:22 - Received message from Machine 2, Queue length: 8, Logical clock: 473
2025-02-28 14:32:22 - Received message from Machine 1, Queue length: 8, Logical clock: 479
2025-02-28 14:32:22 - Received message from Machine 2, Queue length: 8, Logical clock: 483
2025-02-28 14:32:22 - Received message from Machine 2, Queue length: 8, Logical clock: 484
2025-02-28 14:32:22 - Received message from Machine 2, Queue length: 7, Logical clock: 489
2025-02-28 14:32:23 - Received message from Machine 1, Queue length: 7, Logical clock: 491
2025-02-28 14:32:23 - Received message from Machine 1, Queue length: 6, Logical clock: 492
2025-02-28 14:32:23 - Received message from Machine 1, Queue length: 5, Logical clock: 493
2025-02-28 14:32:23 - Received message from Machine 2, Queue length: 4, Logical clock: 498
2025-02-28 14:32:23 - Received message from Machine 1, Queue length: 4, Logical clock: 504
2025-02-28 14:32:23 - Received message from Machine 2, Queue length: 4, Logical clock: 506
2025-02-28 14:32:23 - Received message from Machine 1, Queue length: 3, Logical clock: 509
2025-02-28 14:32:23 - Received message from Machine 1, Queue length: 3, Logical clock: 515
2025-02-28 14:32:23 - Received message from Machine 2, Queue length: 4, Logical clock: 535
2025-02-28 14:32:23 - Received message from Machine 2, Queue length: 4, Logical clock: 538
2025-02-28 14:32:23 - Received message from Machine 1, Queue length: 3, Logical clock: 542
2025-02-28 14:32:23 - Received message from Machine 2, Queue length: 2, Logical clock: 547
2025-02-28 14:32:23 - Received message from Machine 1, Queue length: 2, Logical clock: 548
2025-02-28 14:32:24 - Received message from Machine 2, Queue length: 3, Logical clock: 551
2025-02-28 14:32:24 - Received message from Machine 2, Queue length: 2, Logical clock: 564
2025-02-28 14:32:24 - Received message from Machine 2, Queue length: 1, Logical clock: 567
2025-02-28 14:32:24 - Received message from Machine 2, Queue length: 3, Logical clock: 568
2025-02-28 14:32:24 - Received message from Machine 1, Queue length: 4, Logical clock: 578
2025-02-28 14:32:24 - Received message from Machine 2, Queue length: 5, Logical clock: 580
2025-02-28 14:32:24 - Received message from Machine 1, Queue length: 5, Logical clock: 581
2025-02-28 14:32:24 - Received message from Machine 2, Queue length: 6, Logical clock: 582
2025-02-28 14:32:24 - Received message from Machine 1, Queue length: 5, Logical clock: 583
2025-02-28 14:32:24 - Received message from Machine 2, Queue length: 7, Logical clock: 584
2025-02-28 14:32:24 - Received message from Machine 2, Queue length: 8, Logical clock: 587
2025-02-28 14:32:24 - Received message from Machine 1, Queue length: 9, Logical clock: 589
2025-02-28 14:32:25 - Received message from Machine 1, Queue length: 11, Logical clock: 593
2025-02-28 14:32:25 - Received message from Machine 2, Queue length: 10, Logical clock: 594
2025-02-28 14:32:25 - Received message from Machine 2, Queue length: 12, Logical clock: 599
2025-02-28 14:32:25 - Received message from Machine 2, Queue length: 11, Logical clock: 602
2025-02-28 14:32:25 - Received message from Machine 1, Queue length: 11, Logical clock: 603
2025-02-28 14:32:25 - Received message from Machine 2, Queue length: 11, Logical clock: 605
2025-02-28 14:32:25 - Received message from Machine 2, Queue length: 11, Logical clock: 606
2025-02-28 14:32:25 - Received message from Machine 2, Queue length: 12, Logical clock: 608
2025-02-28 14:32:25 - Received message from Machine 2, Queue length: 15, Logical clock: 609
2025-02-28 14:32:25 - Received message from Machine 1, Queue length: 14, Logical clock: 610
2025-02-28 14:32:25 - Received message from Machine 1, Queue length: 13, Logical clock: 611
2025-02-28 14:32:25 - Received message from Machine 2, Queue length: 12, Logical clock: 613
2025-02-28 14:32:26 - Received message from Machine 2, Queue length: 12, Logical clock: 619
2025-02-28 14:32:26 - Received message from Machine 1, Queue length: 14, Logical clock: 620
2025-02-28 14:32:26 - Received message from Machine 2, Queue length: 13, Logical clock: 621
2025-02-28 14:32:26 - Received message from Machine 1, Queue length: 13, Logical clock: 624
2025-02-28 14:32:26 - Received message from Machine 1, Queue length: 14, Logical clock: 630
2025-02-28 14:32:26 - Received message from Machine 1, Queue length: 13, Logical clock: 633
2025-02-28 14:32:26 - Received message from Machine 2, Queue length: 13, Logical clock: 637
2025-02-28 14:32:26 - Received message from Machine 2, Queue length: 13, Logical clock: 640
2025-02-28 14:32:26 - Received message from Machine 2, Queue length: 13, Logical clock: 641
2025-02-28 14:32:26 - Received message from Machine 1, Queue length: 14, Logical clock: 642
2025-02-28 14:32:26 - Received message from Machine 2, Queue length: 14, Logical clock: 643
2025-02-28 14:32:26 - Received message from Machine 2, Queue length: 13, Logical clock: 644
2025-02-28 14:32:27 - Received message from Machine 1, Queue length: 13, Logical clock: 657
2025-02-28 14:32:27 - Received message from Machine 2, Queue length: 12, Logical clock: 661
2025-02-28 14:32:27 - Received message from Machine 1, Queue length: 11, Logical clock: 663
2025-02-28 14:32:27 - Received message from Machine 1, Queue length: 11, Logical clock: 664
2025-02-28 14:32:27 - Received message from Machine 1, Queue length: 10, Logical clock: 668
2025-02-28 14:32:27 - Received message from Machine 2, Queue length: 10, Logical clock: 673
2025-02-28 14:32:27 - Received message from Machine 2, Queue length: 9, Logical clock: 675
2025-02-28 14:32:27 - Received message from Machine 2, Queue length: 9, Logical clock: 682
2025-02-28 14:32:27 - Received message from Machine 2, Queue length: 9, Logical clock: 685
2025-02-28 14:32:27 - Received message from Machine 2, Queue length: 9, Logical clock: 689
2025-02-28 14:32:27 - Received message from Machine 2, Queue length: 9, Logical clock: 693
2025-02-28 14:32:27 - Received message from Machine 2, Queue length: 9, Logical clock: 694
2025-02-28 14:32:27 - Received message from Machine 2, Queue length: 8, Logical clock: 697
2025-02-28 14:32:28 - Received message from Machine 2, Queue length: 7, Logical clock: 706
2025-02-28 14:32:28 - Received message from Machine 2, Queue length: 7, Logical clock: 717
2025-02-28 14:32:28 - Received message from Machine 2, Queue length: 6, Logical clock: 724
2025-02-28 14:32:28 - Received message from Machine 2, Queue length: 6, Logical clock: 732
2025-02-28 14:32:28 - Received message from Machine 2, Queue length: 6, Logical clock: 736
2025-02-28 14:32:28 - Received message from Machine 2, Queue length: 6, Logical clock: 738
2025-02-28 14:32:28 - Received message from Machine 2, Queue length: 6, Logical clock: 743
2025-02-28 14:32:28 - Received message from Machine 1, Queue length: 6, Logical clock: 744
2025-02-28 14:32:28 - Received message from Machine 1, Queue length: 6, Logical clock: 757
2025-02-28 14:32:28 - Received message from Machine 2, Queue length: 5, Logical clock: 763
2025-02-28 14:32:28 - Received message from Machine 1, Queue length: 5, Logical clock: 765
2025-02-28 14:32:28 - Received message from Machine 1, Queue length: 5, Logical clock: 772
2025-02-28 14:32:29 - Received message from Machine 2, Queue length: 4, Logical clock: 777
2025-02-28 14:32:29 - Received message from Machine 1, Queue length: 3, Logical clock: 779
2025-02-28 14:32:29 - Received message from Machine 2, Queue length: 2, Logical clock: 784
2025-02-28 14:32:29 - Received message from Machine 1, Queue length: 1, Logical clock: 791
2025-02-28 14:32:29 - Received message from Machine 1, Queue length: 0, Logical clock: 795
2025-02-28 14:32:29 - Internal event, Logical clock: 796
2025-02-28 14:32:29 - Received message from Machine 2, Queue length: 0, Logical clock: 824
2025-02-28 14:32:29 - Received message from Machine 2, Queue length: 0, Logical clock: 826
2025-02-28 14:32:29 - Received message from Machine 1, Queue length: 0, Logical clock: 830
2025-02-28 14:32:29 - Internal event, Logical clock: 831
2025-02-28 14:32:29 - Received message from Machine 1, Queue length: 0, Logical clock: 836
2025-02-28 14:32:29 - Received message from Machine 2, Queue length: 3, Logical clock: 840
2025-02-28 14:32:29 - Received message from Machine 2, Queue length: 3, Logical clock: 842
2025-02-28 14:32:30 - Received message from Machine 1, Queue length: 4, Logical clock: 843
2025-02-28 14:32:30 - Received message from Machine 2, Queue length: 3, Logical clock: 844
2025-02-28 14:32:30 - Received message from Machine 2, Queue length: 2, Logical clock: 845
2025-02-28 14:32:30 - Received message from Machine 2, Queue length: 2, Logical clock: 848
2025-02-28 14:32:30 - Received message from Machine 2, Queue length: 1, Logical clock: 849
2025-02-28 14:32:30 - Received message from Machine 2, Queue length: 0, Logical clock: 859
2025-02-28 14:32:30 - Received message from Machine 1, Queue length: 0, Logical clock: 871
2025-02-28 14:32:30 - Received message from Machine 1, Queue length: 0, Logical clock: 872
2025-02-28 14:32:30 - Received message from Machine 1, Queue length: 0, Logical clock: 876
2025-02-28 14:32:30 - Received message from Machine 1, Queue length: 2, Logical clock: 877
2025-02-28 14:32:30 - Received message from Machine 1, Queue length: 3, Logical clock: 884
2025-02-28 14:32:30 - Received message from Machine 2, Queue length: 2, Logical clock: 885
2025-02-28 14:32:31 - Received message from Machine 2, Queue length: 2, Logical clock: 886
2025-02-28 14:32:31 - Received message from Machine 2, Queue length: 2, Logical clock: 888
2025-02-28 14:32:31 - Received message from Machine 2, Queue length: 4, Logical clock: 896
2025-02-28 14:32:31 - Received message from Machine 1, Queue length: 5, Logical clock: 897
2025-02-28 14:32:31 - Received message from Machine 2, Queue length: 5, Logical clock: 900
2025-02-28 14:32:31 - Received message from Machine 2, Queue length: 6, Logical clock: 901
2025-02-28 14:32:31 - Received message from Machine 2, Queue length: 6, Logical clock: 903
2025-02-28 14:32:31 - Received message from Machine 1, Queue length: 6, Logical clock: 904
2025-02-28 14:32:31 - Received message from Machine 2, Queue length: 7, Logical clock: 905
2025-02-28 14:32:31 - Received message from Machine 2, Queue length: 9, Logical clock: 909
2025-02-28 14:32:31 - Received message from Machine 2, Queue length: 8, Logical clock: 913
2025-02-28 14:32:31 - Received message from Machine 1, Queue length: 8, Logical clock: 914
2025-02-28 14:32:31 - Received message from Machine 2, Queue length: 8, Logical clock: 917
2025-02-28 14:32:32 - Received message from Machine 2, Queue length: 8, Logical clock: 921
2025-02-28 14:32:32 - Received message from Machine 2, Queue length: 7, Logical clock: 925
2025-02-28 14:32:32 - Received message from Machine 1, Queue length: 8, Logical clock: 927
2025-02-28 14:32:32 - Received message from Machine 1, Queue length: 9, Logical clock: 929
2025-02-28 14:32:32 - Received message from Machine 2, Queue length: 8, Logical clock: 930
2025-02-28 14:32:32 - Received message from Machine 2, Queue length: 8, Logical clock: 931
2025-02-28 14:32:32 - Received message from Machine 2, Queue length: 8, Logical clock: 936
2025-02-28 14:32:32 - Received message from Machine 2, Queue length: 7, Logical clock: 940
2025-02-28 14:32:32 - Received message from Machine 1, Queue length: 8, Logical clock: 943
2025-02-28 14:32:32 - Received message from Machine 2, Queue length: 8, Logical clock: 953
2025-02-28 14:32:32 - Received message from Machine 2, Queue length: 9, Logical clock: 954
2025-02-28 14:32:32 - Received message from Machine 2, Queue length: 9, Logical clock: 955
2025-02-28 14:32:33 - Received message from Machine 1, Queue length: 9, Logical clock: 957
2025-02-28 14:32:33 - Received message from Machine 2, Queue length: 10, Logical clock: 963
2025-02-28 14:32:33 - Received message from Machine 1, Queue length: 10, Logical clock: 968
2025-02-28 14:32:33 - Received message from Machine 1, Queue length: 10, Logical clock: 972
2025-02-28 14:32:33 - Received message from Machine 2, Queue length: 9, Logical clock: 974
2025-02-28 14:32:33 - Received message from Machine 2, Queue length: 9, Logical clock: 979
2025-02-28 14:32:33 - Received message from Machine 2, Queue length: 9, Logical clock: 981
2025-02-28 14:32:33 - Received message from Machine 2, Queue length: 8, Logical clock: 982
2025-02-28 14:32:33 - Received message from Machine 2, Queue length: 8, Logical clock: 986
2025-02-28 14:32:33 - Received message from Machine 2, Queue length: 8, Logical clock: 990
2025-02-28 14:32:33 - Received message from Machine 2, Queue length: 8, Logical clock: 992
2025-02-28 14:32:33 - Received message from Machine 2, Queue length: 8, Logical clock: 993
2025-02-28 14:32:34 - Received message from Machine 2, Queue length: 8, Logical clock: 998
2025-02-28 14:32:34 - Received message from Machine 1, Queue length: 9, Logical clock: 1000
2025-02-28 14:32:34 - Received message from Machine 2, Queue length: 8, Logical clock: 1008
2025-02-28 14:32:34 - Received message from Machine 2, Queue length: 9, Logical clock: 1011
2025-02-28 14:32:34 - Received message from Machine 2, Queue length: 8, Logical clock: 1019
2025-02-28 14:32:34 - Received message from Machine 1, Queue length: 9, Logical clock: 1023
2025-02-28 14:32:34 - Received message from Machine 2, Queue length: 8, Logical clock: 1027
2025-02-28 14:32:34 - Received message from Machine 2, Queue length: 7, Logical clock: 1034
2025-02-28 14:32:34 - Received message from Machine 2, Queue length: 7, Logical clock: 1035
2025-02-28 14:32:34 - Received message from Machine 1, Queue length: 8, Logical clock: 1038
2025-02-28 14:32:34 - Received message from Machine 2, Queue length: 9, Logical clock: 1040
2025-02-28 14:32:34 - Received message from Machine 1, Queue length: 10, Logical clock: 1045
2025-02-28 14:32:34 - Received message from Machine 2, Queue length: 9, Logical clock: 1047
2025-02-28 14:32:35 - Received message from Machine 2, Queue length: 11, Logical clock: 1054
2025-02-28 14:32:35 - Received message from Machine 2, Queue length: 11, Logical clock: 1055
2025-02-28 14:32:35 - Received message from Machine 2, Queue length: 11, Logical clock: 1064
2025-02-28 14:32:35 - Received message from Machine 1, Queue length: 13, Logical clock: 1068
2025-02-28 14:32:35 - Received message from Machine 2, Queue length: 12, Logical clock: 1071
2025-02-28 14:32:35 - Received message from Machine 2, Queue length: 11, Logical clock: 1072
2025-02-28 14:32:35 - Received message from Machine 1, Queue length: 12, Logical clock: 1073
2025-02-28 14:32:35 - Received message from Machine 2, Queue length: 11, Logical clock: 1077
2025-02-28 14:32:35 - Received message from Machine 2, Queue length: 12, Logical clock: 1078
2025-02-28 14:32:35 - Received message from Machine 2, Queue length: 13, Logical clock: 1084
2025-02-28 14:32:35 - Received message from Machine 2, Queue length: 13, Logical clock: 1085
2025-02-28 14:32:35 - Received message from Machine 2, Queue length: 13, Logical clock: 1086
2025-02-28 14:32:36 - Received message from Machine 2, Queue length: 13, Logical clock: 1087
2025-02-28 14:32:36 - Received message from Machine 2, Queue length: 13, Logical clock: 1091
2025-02-28 14:32:36 - Received message from Machine 1, Queue length: 13, Logical clock: 1094
2025-02-28 14:32:36 - Received message from Machine 2, Queue length: 12, Logical clock: 1095
2025-02-28 14:32:36 - Received message from Machine 2, Queue length: 12, Logical clock: 1097
2025-02-28 14:32:36 - Received message from Machine 2, Queue length: 13, Logical clock: 1106
2025-02-28 14:32:36 - Received message from Machine 1, Queue length: 12, Logical clock: 1107
2025-02-28 14:32:36 - Received message from Machine 2, Queue length: 13, Logical clock: 1115
2025-02-28 14:32:36 - Received message from Machine 1, Queue length: 13, Logical clock: 1116
2025-02-28 14:32:36 - Received message from Machine 1, Queue length: 13, Logical clock: 1117
2025-02-28 14:32:36 - Received message from Machine 2, Queue length: 14, Logical clock: 1119
2025-02-28 14:32:36 - Received message from Machine 1, Queue length: 15, Logical clock: 1123
2025-02-28 14:32:36 - Received message from Machine 1, Queue length: 14, Logical clock: 1124
2025-02-28 14:32:37 - Received message from Machine 2, Queue length: 14, Logical clock: 1129
2025-02-28 14:32:37 - Received message from Machine 2, Queue length: 14, Logical clock: 1133
2025-02-28 14:32:37 - Received message from Machine 1, Queue length: 15, Logical clock: 1136
2025-02-28 14:32:37 - Received message from Machine 2, Queue length: 15, Logical clock: 1146
2025-02-28 14:32:37 - Received message from Machine 1, Queue length: 14, Logical clock: 1147
2025-02-28 14:32:37 - Received message from Machine 1, Queue length: 13, Logical clock: 1148
2025-02-28 14:32:37 - Received message from Machine 1, Queue length: 13, Logical clock: 1153
2025-02-28 14:32:37 - Received message from Machine 2, Queue length: 12, Logical clock: 1157
2025-02-28 14:32:37 - Received message from Machine 2, Queue length: 14, Logical clock: 1159
2025-02-28 14:32:37 - Received message from Machine 2, Queue length: 16, Logical clock: 1164
2025-02-28 14:32:37 - Received message from Machine 2, Queue length: 15, Logical clock: 1166
2025-02-28 14:32:37 - Received message from Machine 2, Queue length: 14, Logical clock: 1167
2025-02-28 14:32:38 - Received message from Machine 1, Queue length: 15, Logical clock: 1169
2025-02-28 14:32:38 - Received message from Machine 2, Queue length: 16, Logical clock: 1172
2025-02-28 14:32:38 - Received message from Machine 2, Queue length: 18, Logical clock: 1177
2025-02-28 14:32:38 - Received message from Machine 1, Queue length: 18, Logical clock: 1181
2025-02-28 14:32:38 - Received message from Machine 2, Queue length: 19, Logical clock: 1185
2025-02-28 14:32:38 - Received message from Machine 1, Queue length: 18, Logical clock: 1186
2025-02-28 14:32:38 - Received message from Machine 2, Queue length: 18, Logical clock: 1190
2025-02-28 14:32:38 - Received message from Machine 2, Queue length: 21, Logical clock: 1201
2025-02-28 14:32:38 - Received message from Machine 2, Queue length: 21, Logical clock: 1207
2025-02-28 14:32:38 - Received message from Machine 2, Queue length: 21, Logical clock: 1209
2025-02-28 14:32:38 - Received message from Machine 2, Queue length: 23, Logical clock: 1210
2025-02-28 14:32:38 - Received message from Machine 2, Queue length: 23, Logical clock: 1211
2025-02-28 14:32:39 - Received message from Machine 2, Queue length: 24, Logical clock: 1212
2025-02-28 14:32:39 - Received message from Machine 2, Queue length: 23, Logical clock: 1213
2025-02-28 14:32:39 - Received message from Machine 1, Queue length: 23, Logical clock: 1220
2025-02-28 14:32:39 - Received message from Machine 2, Queue length: 23, Logical clock: 1225
2025-02-28 14:32:39 - Received message from Machine 2, Queue length: 24, Logical clock: 1227
2025-02-28 14:32:39 - Received message from Machine 2, Queue length: 24, Logical clock: 1229
2025-02-28 14:32:39 - Received message from Machine 2, Queue length: 23, Logical clock: 1230
2025-02-28 14:32:39 - Received message from Machine 1, Queue length: 22, Logical clock: 1231
2025-02-28 14:32:39 - Received message from Machine 1, Queue length: 22, Logical clock: 1232
2025-02-28 14:32:39 - Received message from Machine 1, Queue length: 22, Logical clock: 1233
2025-02-28 14:32:39 - Received message from Machine 2, Queue length: 24, Logical clock: 1238
2025-02-28 14:32:39 - Received message from Machine 2, Queue length: 25, Logical clock: 1239
2025-02-28 14:32:39 - Received message from Machine 2, Queue length: 26, Logical clock: 1248
2025-02-28 14:32:40 - Received message from Machine 1, Queue length: 25, Logical clock: 1249
2025-02-28 14:32:40 - Received message from Machine 2, Queue length: 25, Logical clock: 1250
2025-02-28 14:32:40 - Received message from Machine 1, Queue length: 25, Logical clock: 1251
2025-02-28 14:32:40 - Received message from Machine 2, Queue length: 26, Logical clock: 1252
2025-02-28 14:32:40 - Received message from Machine 2, Queue length: 27, Logical clock: 1255
2025-02-28 14:32:40 - Received message from Machine 2, Queue length: 26, Logical clock: 1257
2025-02-28 14:32:40 - Received message from Machine 2, Queue length: 27, Logical clock: 1261
2025-02-28 14:32:40 - Received message from Machine 2, Queue length: 26, Logical clock: 1262
2025-02-28 14:32:40 - Received message from Machine 2, Queue length: 26, Logical clock: 1264
2025-02-28 14:32:40 - Received message from Machine 1, Queue length: 25, Logical clock: 1267
2025-02-28 14:32:40 - Received message from Machine 1, Queue length: 25, Logical clock: 1268
2025-02-28 14:32:40 - Received message from Machine 2, Queue length: 26, Logical clock: 1269
2025-02-28 14:32:41 - Received message from Machine 1, Queue length: 27, Logical clock: 1277
2025-02-28 14:32:41 - Received message from Machine 1, Queue length: 28, Logical clock: 1281
2025-02-28 14:32:41 - Received message from Machine 2, Queue length: 28, Logical clock: 1284
2025-02-28 14:32:41 - Received message from Machine 1, Queue length: 28, Logical clock: 1285
2025-02-28 14:32:41 - Received message from Machine 2, Queue length: 29, Logical clock: 1287
2025-02-28 14:32:41 - Received message from Machine 2, Queue length: 28, Logical clock: 1300
2025-02-28 14:32:41 - Received message from Machine 1, Queue length: 29, Logical clock: 1302
2025-02-28 14:32:41 - Received message from Machine 1, Queue length: 29, Logical clock: 1305
2025-02-28 14:32:41 - Received message from Machine 2, Queue length: 30, Logical clock: 1308
2025-02-28 14:32:41 - Received message from Machine 1, Queue length: 31, Logical clock: 1309
2025-02-28 14:32:41 - Received message from Machine 2, Queue length: 30, Logical clock: 1310
2025-02-28 14:32:41 - Received message from Machine 2, Queue length: 30, Logical clock: 1313
2025-02-28 14:32:42 - Received message from Machine 1, Queue length: 31, Logical clock: 1314
2025-02-28 14:32:42 - Received message from Machine 2, Queue length: 31, Logical clock: 1316
2025-02-28 14:32:42 - Received message from Machine 1, Queue length: 32, Logical clock: 1320
2025-02-28 14:32:42 - Received message from Machine 1, Queue length: 32, Logical clock: 1321
2025-02-28 14:32:42 - Received message from Machine 1, Queue length: 33, Logical clock: 1324
2025-02-28 14:32:42 - Received message from Machine 1, Queue length: 33, Logical clock: 1325
2025-02-28 14:32:42 - Received message from Machine 2, Queue length: 33, Logical clock: 1334
2025-02-28 14:32:42 - Received message from Machine 1, Queue length: 33, Logical clock: 1335
2025-02-28 14:32:42 - Received message from Machine 2, Queue length: 32, Logical clock: 1341
2025-02-28 14:32:42 - Received message from Machine 2, Queue length: 33, Logical clock: 1343
2025-02-28 14:32:42 - Received message from Machine 1, Queue length: 34, Logical clock: 1348
2025-02-28 14:32:42 - Received message from Machine 2, Queue length: 34, Logical clock: 1358
2025-02-28 14:32:42 - Received message from Machine 2, Queue length: 35, Logical clock: 1360
2025-02-28 14:32:43 - Received message from Machine 2, Queue length: 34, Logical clock: 1363
2025-02-28 14:32:43 - Received message from Machine 2, Queue length: 34, Logical clock: 1364
2025-02-28 14:32:43 - Received message from Machine 2, Queue length: 35, Logical clock: 1366
2025-02-28 14:32:43 - Received message from Machine 2, Queue length: 35, Logical clock: 1367
2025-02-28 14:32:43 - Received message from Machine 1, Queue length: 34, Logical clock: 1369
2025-02-28 14:32:43 - Received message from Machine 2, Queue length: 33, Logical clock: 1372
2025-02-28 14:32:43 - Received message from Machine 2, Queue length: 34, Logical clock: 1377
2025-02-28 14:32:43 - Received message from Machine 2, Queue length: 34, Logical clock: 1380
2025-02-28 14:32:43 - Received message from Machine 1, Queue length: 34, Logical clock: 1382
2025-02-28 14:32:43 - Received message from Machine 2, Queue length: 33, Logical clock: 1388
2025-02-28 14:32:43 - Received message from Machine 2, Queue length: 33, Logical clock: 1389
2025-02-28 14:32:43 - Received message from Machine 2, Queue length: 32, Logical clock: 1393
2025-02-28 14:32:44 - Received message from Machine 1, Queue length: 32, Logical clock: 1395
2025-02-28 14:32:44 - Received message from Machine 2, Queue length: 31, Logical clock: 1397
2025-02-28 14:32:44 - Received message from Machine 1, Queue length: 32, Logical clock: 1400
2025-02-28 14:32:44 - Received message from Machine 2, Queue length: 34, Logical clock: 1401
2025-02-28 14:32:44 - Received message from Machine 2, Queue length: 34, Logical clock: 1408
2025-02-28 14:32:44 - Received message from Machine 1, Queue length: 36, Logical clock: 1410
2025-02-28 14:32:44 - Received message from Machine 2, Queue length: 36, Logical clock: 1413
2025-02-28 14:32:44 - Received message from Machine 2, Queue length: 35, Logical clock: 1414
2025-02-28 14:32:44 - Received message from Machine 2, Queue length: 35, Logical clock: 1419
2025-02-28 14:32:44 - Received message from Machine 2, Queue length: 35, Logical clock: 1420
2025-02-28 14:32:44 - Received message from Machine 2, Queue length: 36, Logical clock: 1423
2025-02-28 14:32:44 - Received message from Machine 2, Queue length: 36, Logical clock: 1426
2025-02-28 14:32:44 - Received message from Machine 2, Queue length: 36, Logical clock: 1428
2025-02-28 14:32:45 - Received message from Machine 1, Queue length: 37, Logical clock: 1429
2025-02-28 14:32:45 - Received message from Machine 2, Queue length: 37, Logical clock: 1433
2025-02-28 14:32:45 - Received message from Machine 1, Queue length: 36, Logical clock: 1436
2025-02-28 14:32:45 - Received message from Machine 2, Queue length: 37, Logical clock: 1445
2025-02-28 14:32:45 - Received message from Machine 1, Queue length: 36, Logical clock: 1447
2025-02-28 14:32:45 - Received message from Machine 2, Queue length: 37, Logical clock: 1451
2025-02-28 14:32:45 - Received message from Machine 2, Queue length: 38, Logical clock: 1452
2025-02-28 14:32:45 - Received message from Machine 2, Queue length: 37, Logical clock: 1454
2025-02-28 14:32:45 - Received message from Machine 2, Queue length: 37, Logical clock: 1456
2025-02-28 14:32:45 - Received message from Machine 2, Queue length: 36, Logical clock: 1457
2025-02-28 14:32:45 - Received message from Machine 1, Queue length: 37, Logical clock: 1461
2025-02-28 14:32:45 - Received message from Machine 2, Queue length: 38, Logical clock: 1468
2025-02-28 14:32:46 - Received message from Machine 1, Queue length: 38, Logical clock: 1469
2025-02-28 14:32:46 - Received message from Machine 2, Queue length: 37, Logical clock: 1472
2025-02-28 14:32:46 - Received message from Machine 2, Queue length: 38, Logical clock: 1482
2025-02-28 14:32:46 - Received message from Machine 1, Queue length: 38, Logical clock: 1484
2025-02-28 14:32:46 - Received message from Machine 1, Queue length: 38, Logical clock: 1486
2025-02-28 14:32:46 - Received message from Machine 2, Queue length: 38, Logical clock: 1490
2025-02-28 14:32:46 - Received message from Machine 1, Queue length: 39, Logical clock: 1497
2025-02-28 14:32:46 - Received message from Machine 2, Queue length: 39, Logical clock: 1505
2025-02-28 14:32:46 - Received message from Machine 2, Queue length: 38, Logical clock: 1514
2025-02-28 14:32:46 - Received message from Machine 2, Queue length: 39, Logical clock: 1515
2025-02-28 14:32:46 - Received message from Machine 1, Queue length: 39, Logical clock: 1516
2025-02-28 14:32:46 - Received message from Machine 1, Queue length: 39, Logical clock: 1517
2025-02-28 14:32:46 - Received message from Machine 2, Queue length: 38, Logical clock: 1519
2025-02-28 14:32:47 - Received message from Machine 2, Queue length: 39, Logical clock: 1520
2025-02-28 14:32:47 - Received message from Machine 2, Queue length: 39, Logical clock: 1524
2025-02-28 14:32:47 - Received message from Machine 2, Queue length: 38, Logical clock: 1525
2025-02-28 14:32:47 - Received message from Machine 1, Queue length: 38, Logical clock: 1527
2025-02-28 14:32:47 - Received message from Machine 2, Queue length: 39, Logical clock: 1530
2025-02-28 14:32:47 - Received message from Machine 2, Queue length: 39, Logical clock: 1537
2025-02-28 14:32:47 - Received message from Machine 2, Queue length: 38, Logical clock: 1541
2025-02-28 14:32:47 - Received message from Machine 2, Queue length: 37, Logical clock: 1543
2025-02-28 14:32:47 - Received message from Machine 2, Queue length: 37, Logical clock: 1544
2025-02-28 14:32:47 - Received message from Machine 1, Queue length: 37, Logical clock: 1549
2025-02-28 14:32:47 - Received message from Machine 1, Queue length: 38, Logical clock: 1552
2025-02-28 14:32:47 - Received message from Machine 2, Queue length: 37, Logical clock: 1555
2025-02-28 14:32:48 - Received message from Machine 1, Queue length: 37, Logical clock: 1556
2025-02-28 14:32:48 - Received message from Machine 2, Queue length: 36, Logical clock: 1559
2025-02-28 14:32:48 - Received message from Machine 1, Queue length: 35, Logical clock: 1565
2025-02-28 14:32:48 - Received message from Machine 1, Queue length: 34, Logical clock: 1566
2025-02-28 14:32:48 - Received message from Machine 2, Queue length: 33, Logical clock: 1573
2025-02-28 14:32:48 - Received message from Machine 1, Queue length: 33, Logical clock: 1575
2025-02-28 14:32:48 - Received message from Machine 1, Queue length: 32, Logical clock: 1577
2025-02-28 14:32:48 - Received message from Machine 2, Queue length: 32, Logical clock: 1579
2025-02-28 14:32:48 - Received message from Machine 2, Queue length: 33, Logical clock: 1588
2025-02-28 14:32:48 - Received message from Machine 2, Queue length: 33, Logical clock: 1592
2025-02-28 14:32:48 - Received message from Machine 2, Queue length: 33, Logical clock: 1594
2025-02-28 14:32:48 - Received message from Machine 2, Queue length: 33, Logical clock: 1596
2025-02-28 14:32:48 - Received message from Machine 1, Queue length: 33, Logical clock: 1599
2025-02-28 14:32:49 - Received message from Machine 1, Queue length: 33, Logical clock: 1600
2025-02-28 14:32:49 - Received message from Machine 1, Queue length: 32, Logical clock: 1607
2025-02-28 14:32:49 - Received message from Machine 2, Queue length: 32, Logical clock: 1610
2025-02-28 14:32:49 - Received message from Machine 2, Queue length: 31, Logical clock: 1612
2025-02-28 14:32:49 - Received message from Machine 2, Queue length: 31, Logical clock: 1617
2025-02-28 14:32:49 - Received message from Machine 2, Queue length: 30, Logical clock: 1623
2025-02-28 14:32:49 - Received message from Machine 2, Queue length: 31, Logical clock: 1625
2025-02-28 14:32:49 - Received message from Machine 2, Queue length: 31, Logical clock: 1626
2025-02-28 14:32:49 - Received message from Machine 2, Queue length: 30, Logical clock: 1631
2025-02-28 14:32:49 - Received message from Machine 2, Queue length: 31, Logical clock: 1635
2025-02-28 14:32:49 - Received message from Machine 1, Queue length: 30, Logical clock: 1637
2025-02-28 14:32:49 - Received message from Machine 2, Queue length: 31, Logical clock: 1640
2025-02-28 14:32:50 - Received message from Machine 1, Queue length: 32, Logical clock: 1643
2025-02-28 14:32:50 - Received message from Machine 1, Queue length: 33, Logical clock: 1648
2025-02-28 14:32:50 - Received message from Machine 2, Queue length: 32, Logical clock: 1653
2025-02-28 14:32:50 - Received message from Machine 1, Queue length: 32, Logical clock: 1654
2025-02-28 14:32:50 - Received message from Machine 1, Queue length: 33, Logical clock: 1663
2025-02-28 14:32:50 - Received message from Machine 2, Queue length: 34, Logical clock: 1666
2025-02-28 14:32:50 - Received message from Machine 2, Queue length: 34, Logical clock: 1667
2025-02-28 14:32:50 - Received message from Machine 2, Queue length: 34, Logical clock: 1672
2025-02-28 14:32:50 - Received message from Machine 2, Queue length: 33, Logical clock: 1682
2025-02-28 14:32:50 - Received message from Machine 2, Queue length: 33, Logical clock: 1684
2025-02-28 14:32:50 - Received message from Machine 2, Queue length: 33, Logical clock: 1688
2025-02-28 14:32:50 - Received message from Machine 1, Queue length: 32, Logical clock: 1689
2025-02-28 14:32:50 - Received message from Machine 1, Queue length: 32, Logical clock: 1696
2025-02-28 14:32:51 - Received message from Machine 1, Queue length: 32, Logical clock: 1715
2025-02-28 14:32:51 - Received message from Machine 1, Queue length: 32, Logical clock: 1723
2025-02-28 14:32:51 - Received message from Machine 2, Queue length: 32, Logical clock: 1726
2025-02-28 14:32:51 - Received message from Machine 1, Queue length: 33, Logical clock: 1727
2025-02-28 14:32:51 - Received message from Machine 1, Queue length: 35, Logical clock: 1729
2025-02-28 14:32:51 - Received message from Machine 2, Queue length: 36, Logical clock: 1734
2025-02-28 14:32:51 - Received message from Machine 1, Queue length: 35, Logical clock: 1737
2025-02-28 14:32:51 - Received message from Machine 2, Queue length: 35, Logical clock: 1740
2025-02-28 14:32:51 - Received message from Machine 2, Queue length: 35, Logical clock: 1745
2025-02-28 14:32:51 - Received message from Machine 2, Queue length: 34, Logical clock: 1753
2025-02-28 14:32:51 - Received message from Machine 1, Queue length: 36, Logical clock: 1759
2025-02-28 14:32:51 - Received message from Machine 1, Queue length: 36, Logical clock: 1766
2025-02-28 14:32:52 - Received message from Machine 2, Queue length: 35, Logical clock: 1767
2025-02-28 14:32:52 - Received message from Machine 2, Queue length: 36, Logical clock: 1770
2025-02-28 14:32:52 - Received message from Machine 2, Queue length: 38, Logical clock: 1778
2025-02-28 14:32:52 - Received message from Machine 1, Queue length: 38, Logical clock: 1779
2025-02-28 14:32:52 - Received message from Machine 2, Queue length: 38, Logical clock: 1787
2025-02-28 14:32:52 - Received message from Machine 1, Queue length: 38, Logical clock: 1788
2025-02-28 14:32:52 - Received message from Machine 2, Queue length: 37, Logical clock: 1789
2025-02-28 14:32:52 - Received message from Machine 2, Queue length: 38, Logical clock: 1791
2025-02-28 14:32:52 - Received message from Machine 2, Queue length: 38, Logical clock: 1794
2025-02-28 14:32:52 - Received message from Machine 1, Queue length: 38, Logical clock: 1795
2025-02-28 14:32:52 - Received message from Machine 1, Queue length: 40, Logical clock: 1799
2025-02-28 14:32:52 - Received message from Machine 2, Queue length: 40, Logical clock: 1805
2025-02-28 14:32:53 - Received message from Machine 2, Queue length: 40, Logical clock: 1807
2025-02-28 14:32:53 - Received message from Machine 2, Queue length: 41, Logical clock: 1809
2025-02-28 14:32:53 - Received message from Machine 1, Queue length: 40, Logical clock: 1811
2025-02-28 14:32:53 - Received message from Machine 2, Queue length: 40, Logical clock: 1814
2025-02-28 14:32:53 - Received message from Machine 2, Queue length: 39, Logical clock: 1817
2025-02-28 14:32:53 - Received message from Machine 1, Queue length: 38, Logical clock: 1821
2025-02-28 14:32:53 - Received message from Machine 2, Queue length: 39, Logical clock: 1828
2025-02-28 14:32:53 - Received message from Machine 1, Queue length: 41, Logical clock: 1835
2025-02-28 14:32:53 - Received message from Machine 2, Queue length: 40, Logical clock: 1841
2025-02-28 14:32:53 - Received message from Machine 2, Queue length: 39, Logical clock: 1842
2025-02-28 14:32:53 - Received message from Machine 1, Queue length: 39, Logical clock: 1844
2025-02-28 14:32:53 - Received message from Machine 1, Queue length: 39, Logical clock: 1847
2025-02-28 14:32:53 - Received message from Machine 1, Queue length: 40, Logical clock: 1849
2025-02-28 14:32:54 - Received message from Machine 1, Queue length: 40, Logical clock: 1850
2025-02-28 14:32:54 - Received message from Machine 2, Queue length: 40, Logical clock: 1853
2025-02-28 14:32:54 - Received message from Machine 1, Queue length: 40, Logical clock: 1855
2025-02-28 14:32:54 - Received message from Machine 2, Queue length: 40, Logical clock: 1857
2025-02-28 14:32:54 - Received message from Machine 2, Queue length: 40, Logical clock: 1858
2025-02-28 14:32:54 - Received message from Machine 2, Queue length: 40, Logical clock: 1865
2025-02-28 14:32:54 - Received message from Machine 1, Queue length: 41, Logical clock: 1871
2025-02-28 14:32:54 - Received message from Machine 1, Queue length: 41, Logical clock: 1875
2025-02-28 14:32:54 - Received message from Machine 2, Queue length: 41, Logical clock: 1877
2025-02-28 14:32:54 - Received message from Machine 2, Queue length: 42, Logical clock: 1878
2025-02-28 14:32:54 - Received message from Machine 1, Queue length: 43, Logical clock: 1880
2025-02-28 14:32:54 - Received message from Machine 1, Queue length: 42, Logical clock: 1887
2025-02-28 14:32:55 - Received message from Machine 2, Queue length: 42, Logical clock: 1889
2025-02-28 14:32:55 - Received message from Machine 2, Queue length: 42, Logical clock: 1891
2025-02-28 14:32:55 - Received message from Machine 2, Queue length: 42, Logical clock: 1892
2025-02-28 14:32:55 - Received message from Machine 1, Queue length: 42, Logical clock: 1894
2025-02-28 14:32:55 - Received message from Machine 1, Queue length: 43, Logical clock: 1896
2025-02-28 14:32:55 - Received message from Machine 2, Queue length: 42, Logical clock: 1901
2025-02-28 14:32:55 - Received message from Machine 1, Queue length: 42, Logical clock: 1903
2025-02-28 14:32:55 - Received message from Machine 1, Queue length: 44, Logical clock: 1907
2025-02-28 14:32:55 - Received message from Machine 2, Queue length: 43, Logical clock: 1912
2025-02-28 14:32:55 - Received message from Machine 2, Queue length: 42, Logical clock: 1915
2025-02-28 14:32:55 - Received message from Machine 2, Queue length: 43, Logical clock: 1917
2025-02-28 14:32:55 - Received message from Machine 2, Queue length: 44, Logical clock: 1921
2025-02-28 14:32:55 - Received message from Machine 2, Queue length: 44, Logical clock: 1923
2025-02-28 14:32:56 - Received message from Machine 2, Queue length: 44, Logical clock: 1924
2025-02-28 14:32:56 - Received message from Machine 2, Queue length: 44, Logical clock: 1925
2025-02-28 14:32:56 - Received message from Machine 2, Queue length: 44, Logical clock: 1930
2025-02-28 14:32:56 - Received message from Machine 1, Queue length: 44, Logical clock: 1933
2025-02-28 14:32:56 - Received message from Machine 1, Queue length: 44, Logical clock: 1935
2025-02-28 14:32:56 - Received message from Machine 1, Queue length: 44, Logical clock: 1942
2025-02-28 14:32:56 - Received message from Machine 2, Queue length: 44, Logical clock: 1952
2025-02-28 14:32:56 - Received message from Machine 2, Queue length: 43, Logical clock: 1955
2025-02-28 14:32:56 - Received message from Machine 2, Queue length: 46, Logical clock: 1956
2025-02-28 14:32:56 - Received message from Machine 2, Queue length: 46, Logical clock: 1958
2025-02-28 14:32:56 - Received message from Machine 2, Queue length: 46, Logical clock: 1959
2025-02-28 14:32:56 - Received message from Machine 1, Queue length: 45, Logical clock: 1970
2025-02-28 14:32:57 - Received message from Machine 2, Queue length: 46, Logical clock: 1972
2025-02-28 14:32:57 - Received message from Machine 1, Queue length: 46, Logical clock: 1973
2025-02-28 14:32:57 - Received message from Machine 2, Queue length: 46, Logical clock: 1974
2025-02-28 14:32:57 - Received message from Machine 2, Queue length: 45, Logical clock: 1979
2025-02-28 14:32:57 - Received message from Machine 2, Queue length: 44, Logical clock: 1983
2025-02-28 14:32:57 - Received message from Machine 1, Queue length: 44, Logical clock: 1986
2025-02-28 14:32:57 - Received message from Machine 1, Queue length: 45, Logical clock: 1993
2025-02-28 14:32:57 - Received message from Machine 1, Queue length: 45, Logical clock: 1994
2025-02-28 14:32:57 - Received message from Machine 1, Queue length: 47, Logical clock: 2001
2025-02-28 14:32:57 - Received message from Machine 2, Queue length: 47, Logical clock: 2002
2025-02-28 14:32:57 - Received message from Machine 1, Queue length: 46, Logical clock: 2004
2025-02-28 14:32:57 - Received message from Machine 1, Queue length: 47, Logical clock: 2005
2025-02-28 14:32:57 - Received message from Machine 1, Queue length: 46, Logical clock: 2008
2025-02-28 14:32:58 - Received message from Machine 2, Queue length: 46, Logical clock: 2013
2025-02-28 14:32:58 - Received message from Machine 1, Queue length: 46, Logical clock: 2014
2025-02-28 14:32:58 - Received message from Machine 1, Queue length: 46, Logical clock: 2015
2025-02-28 14:32:58 - Received message from Machine 2, Queue length: 46, Logical clock: 2017
2025-02-28 14:32:58 - Received message from Machine 1, Queue length: 46, Logical clock: 2025
2025-02-28 14:32:58 - Received message from Machine 2, Queue length: 45, Logical clock: 2030
2025-02-28 14:32:58 - Received message from Machine 1, Queue length: 45, Logical clock: 2033
2025-02-28 14:32:58 - Received message from Machine 2, Queue length: 44, Logical clock: 2038
2025-02-28 14:32:58 - Received message from Machine 1, Queue length: 44, Logical clock: 2040
2025-02-28 14:32:58 - Received message from Machine 2, Queue length: 46, Logical clock: 2041
2025-02-28 14:32:58 - Received message from Machine 1, Queue length: 47, Logical clock: 2049
2025-02-28 14:32:58 - Received message from Machine 1, Queue length: 46, Logical clock: 2051
2025-02-28 14:32:59 - Received message from Machine 1, Queue length: 46, Logical clock: 2052
2025-02-28 14:32:59 - Received message from Machine 2, Queue length: 46, Logical clock: 2053
2025-02-28 14:32:59 - Received message from Machine 1, Queue length: 46, Logical clock: 2060
2025-02-28 14:32:59 - Received message from Machine 2, Queue length: 48, Logical clock: 2064
2025-02-28 14:32:59 - Received message from Machine 1, Queue length: 47, Logical clock: 2067
2025-02-28 14:32:59 - Received message from Machine 2, Queue length: 47, Logical clock: 2069
2025-02-28 14:32:59 - Received message from Machine 2, Queue length: 46, Logical clock: 2071
2025-02-28 14:32:59 - Received message from Machine 1, Queue length: 46, Logical clock: 2073
2025-02-28 14:32:59 - Received message from Machine 1, Queue length: 45, Logical clock: 2077
2025-02-28 14:32:59 - Received message from Machine 1, Queue length: 46, Logical clock: 2079
2025-02-28 14:32:59 - Received message from Machine 2, Queue length: 46, Logical clock: 2086
2025-02-28 14:32:59 - Received message from Machine 2, Queue length: 47, Logical clock: 2089
2025-02-28 14:32:59 - Received message from Machine 2, Queue length: 46, Logical clock: 2094
2025-02-28 14:33:00 - Received message from Machine 1, Queue length: 45, Logical clock: 2097
2025-02-28 14:33:00 - Received message from Machine 2, Queue length: 45, Logical clock: 2104
2025-02-28 14:33:00 - Received message from Machine 2, Queue length: 45, Logical clock: 2105
2025-02-28 14:33:00 - Received message from Machine 2, Queue length: 44, Logical clock: 2106
2025-02-28 14:33:00 - Received message from Machine 1, Queue length: 44, Logical clock: 2107
2025-02-28 14:33:00 - Received message from Machine 1, Queue length: 44, Logical clock: 2108
2025-02-28 14:33:00 - Received message from Machine 2, Queue length: 45, Logical clock: 2111
2025-02-28 14:33:00 - Received message from Machine 2, Queue length: 44, Logical clock: 2119
2025-02-28 14:33:00 - Received message from Machine 2, Queue length: 43, Logical clock: 2120
2025-02-28 14:33:00 - Received message from Machine 1, Queue length: 42, Logical clock: 2123
2025-02-28 14:33:00 - Received message from Machine 2, Queue length: 41, Logical clock: 2128
2025-02-28 14:33:00 - Received message from Machine 1, Queue length: 40, Logical clock: 2140
2025-02-28 14:33:01 - Received message from Machine 1, Queue length: 42, Logical clock: 2141
2025-02-28 14:33:01 - Received message from Machine 1, Queue length: 43, Logical clock: 2143
2025-02-28 14:33:01 - Received message from Machine 2, Queue length: 44, Logical clock: 2147
2025-02-28 14:33:01 - Received message from Machine 1, Queue length: 45, Logical clock: 2149
2025-02-28 14:33:01 - Received message from Machine 2, Queue length: 45, Logical clock: 2152
2025-02-28 14:33:01 - Received message from Machine 1, Queue length: 45, Logical clock: 2153
2025-02-28 14:33:01 - Received message from Machine 2, Queue length: 45, Logical clock: 2154
2025-02-28 14:33:01 - Received message from Machine 2, Queue length: 45, Logical clock: 2159
2025-02-28 14:33:01 - Received message from Machine 2, Queue length: 45, Logical clock: 2161
2025-02-28 14:33:01 - Received message from Machine 1, Queue length: 44, Logical clock: 2169
2025-02-28 14:33:01 - Received message from Machine 2, Queue length: 44, Logical clock: 2172
2025-02-28 14:33:01 - Received message from Machine 2, Queue length: 44, Logical clock: 2178
2025-02-28 14:33:01 - Received message from Machine 1, Queue length: 45, Logical clock: 2180
2025-02-28 14:33:02 - Received message from Machine 2, Queue length: 46, Logical clock: 2183
2025-02-28 14:33:02 - Received message from Machine 2, Queue length: 45, Logical clock: 2192
2025-02-28 14:33:02 - Received message from Machine 2, Queue length: 45, Logical clock: 2200
2025-02-28 14:33:02 - Received message from Machine 2, Queue length: 46, Logical clock: 2201
2025-02-28 14:33:02 - Received message from Machine 2, Queue length: 46, Logical clock: 2202
2025-02-28 14:33:02 - Received message from Machine 1, Queue length: 46, Logical clock: 2203
2025-02-28 14:33:02 - Received message from Machine 1, Queue length: 45, Logical clock: 2206
2025-02-28 14:33:02 - Received message from Machine 2, Queue length: 44, Logical clock: 2208
2025-02-28 14:33:02 - Received message from Machine 1, Queue length: 45, Logical clock: 2211
2025-02-28 14:33:02 - Received message from Machine 1, Queue length: 45, Logical clock: 2215
2025-02-28 14:33:02 - Received message from Machine 1, Queue length: 46, Logical clock: 2222
2025-02-28 14:33:02 - Received message from Machine 2, Queue length: 47, Logical clock: 2225
2025-02-28 14:33:03 - Received message from Machine 1, Queue length: 46, Logical clock: 2226
2025-02-28 14:33:03 - Received message from Machine 1, Queue length: 45, Logical clock: 2227
2025-02-28 14:33:03 - Received message from Machine 1, Queue length: 46, Logical clock: 2229
2025-02-28 14:33:03 - Received message from Machine 1, Queue length: 47, Logical clock: 2240
2025-02-28 14:33:03 - Received message from Machine 1, Queue length: 46, Logical clock: 2246
2025-02-28 14:33:03 - Received message from Machine 1, Queue length: 47, Logical clock: 2248
2025-02-28 14:33:03 - Received message from Machine 1, Queue length: 48, Logical clock: 2249
2025-02-28 14:33:03 - Received message from Machine 1, Queue length: 47, Logical clock: 2251
2025-02-28 14:33:03 - Received message from Machine 2, Queue length: 48, Logical clock: 2257
2025-02-28 14:33:03 - Received message from Machine 2, Queue length: 49, Logical clock: 2267
2025-02-28 14:33:03 - Received message from Machine 2, Queue length: 49, Logical clock: 2272
2025-02-28 14:33:03 - Received message from Machine 2, Queue length: 48, Logical clock: 2280
2025-02-28 14:33:04 - Received message from Machine 2, Queue length: 47, Logical clock: 2283
2025-02-28 14:33:04 - Received message from Machine 2, Queue length: 47, Logical clock: 2285
2025-02-28 14:33:04 - Received message from Machine 1, Queue length: 47, Logical clock: 2287
2025-02-28 14:33:04 - Received message from Machine 2, Queue length: 47, Logical clock: 2309
2025-02-28 14:33:04 - Received message from Machine 2, Queue length: 47, Logical clock: 2310
2025-02-28 14:33:04 - Received message from Machine 1, Queue length: 47, Logical clock: 2311
2025-02-28 14:33:04 - Received message from Machine 1, Queue length: 49, Logical clock: 2312
2025-02-28 14:33:04 - Received message from Machine 1, Queue length: 48, Logical clock: 2313
2025-02-28 14:33:04 - Received message from Machine 2, Queue length: 48, Logical clock: 2316
2025-02-28 14:33:04 - Received message from Machine 1, Queue length: 48, Logical clock: 2318
2025-02-28 14:33:04 - Received message from Machine 1, Queue length: 47, Logical clock: 2320
2025-02-28 14:33:04 - Received message from Machine 2, Queue length: 47, Logical clock: 2323
2025-02-28 14:33:04 - Received message from Machine 2, Queue length: 47, Logical clock: 2327
2025-02-28 14:33:05 - Received message from Machine 2, Queue length: 48, Logical clock: 2330
2025-02-28 14:33:05 - Received message from Machine 1, Queue length: 47, Logical clock: 2332
2025-02-28 14:33:05 - Received message from Machine 2, Queue length: 48, Logical clock: 2338
2025-02-28 14:33:05 - Received message from Machine 1, Queue length: 48, Logical clock: 2340
2025-02-28 14:33:05 - Received message from Machine 1, Queue length: 47, Logical clock: 2348
2025-02-28 14:33:05 - Received message from Machine 1, Queue length: 48, Logical clock: 2352
2025-02-28 14:33:05 - Received message from Machine 2, Queue length: 47, Logical clock: 2357
2025-02-28 14:33:05 - Received message from Machine 1, Queue length: 49, Logical clock: 2358
2025-02-28 14:33:05 - Received message from Machine 2, Queue length: 51, Logical clock: 2360
2025-02-28 14:33:05 - Received message from Machine 1, Queue length: 53, Logical clock: 2361
2025-02-28 14:33:05 - Received message from Machine 2, Queue length: 53, Logical clock: 2368
2025-02-28 14:33:05 - Received message from Machine 1, Queue length: 55, Logical clock: 2370
2025-02-28 14:33:06 - Received message from Machine 2, Queue length: 55, Logical clock: 2371
2025-02-28 14:33:06 - Received message from Machine 2, Queue length: 55, Logical clock: 2375
2025-02-28 14:33:06 - Received message from Machine 2, Queue length: 55, Logical clock: 2380
2025-02-28 14:33:06 - Received message from Machine 1, Queue length: 55, Logical clock: 2389
2025-02-28 14:33:06 - Received message from Machine 2, Queue length: 54, Logical clock: 2391
2025-02-28 14:33:06 - Received message from Machine 2, Queue length: 55, Logical clock: 2393
2025-02-28 14:33:06 - Received message from Machine 2, Queue length: 55, Logical clock: 2396
2025-02-28 14:33:06 - Received message from Machine 1, Queue length: 55, Logical clock: 2399
2025-02-28 14:33:06 - Received message from Machine 1, Queue length: 54, Logical clock: 2401
2025-02-28 14:33:06 - Received message from Machine 2, Queue length: 54, Logical clock: 2402
2025-02-28 14:33:06 - Received message from Machine 2, Queue length: 55, Logical clock: 2412
2025-02-28 14:33:06 - Received message from Machine 1, Queue length: 56, Logical clock: 2413
2025-02-28 14:33:06 - Received message from Machine 1, Queue length: 56, Logical clock: 2414
2025-02-28 14:33:07 - Received message from Machine 1, Queue length: 56, Logical clock: 2415
2025-02-28 14:33:07 - Received message from Machine 1, Queue length: 56, Logical clock: 2420
2025-02-28 14:33:07 - Received message from Machine 1, Queue length: 56, Logical clock: 2421
2025-02-28 14:33:07 - Received message from Machine 1, Queue length: 56, Logical clock: 2422
2025-02-28 14:33:07 - Received message from Machine 1, Queue length: 57, Logical clock: 2424
2025-02-28 14:33:07 - Received message from Machine 1, Queue length: 57, Logical clock: 2428
2025-02-28 14:33:07 - Received message from Machine 1, Queue length: 56, Logical clock: 2430
2025-02-28 14:33:07 - Received message from Machine 2, Queue length: 56, Logical clock: 2437
2025-02-28 14:33:07 - Received message from Machine 1, Queue length: 56, Logical clock: 2440
2025-02-28 14:33:07 - Received message from Machine 1, Queue length: 56, Logical clock: 2441
2025-02-28 14:33:07 - Received message from Machine 1, Queue length: 58, Logical clock: 2450
2025-02-28 14:33:07 - Received message from Machine 2, Queue length: 59, Logical clock: 2456
2025-02-28 14:33:08 - Received message from Machine 2, Queue length: 59, Logical clock: 2460
2025-02-28 14:33:08 - Received message from Machine 2, Queue length: 59, Logical clock: 2465
2025-02-28 14:33:08 - Received message from Machine 2, Queue length: 59, Logical clock: 2469
2025-02-28 14:33:08 - Received message from Machine 2, Queue length: 60, Logical clock: 2470
2025-02-28 14:33:08 - Received message from Machine 2, Queue length: 60, Logical clock: 2471
2025-02-28 14:33:08 - Received message from Machine 2, Queue length: 59, Logical clock: 2473
2025-02-28 14:33:08 - Received message from Machine 2, Queue length: 58, Logical clock: 2480
2025-02-28 14:33:08 - Received message from Machine 1, Queue length: 58, Logical clock: 2481
2025-02-28 14:33:08 - Received message from Machine 1, Queue length: 59, Logical clock: 2489
2025-02-28 14:33:08 - Received message from Machine 2, Queue length: 58, Logical clock: 2495
2025-02-28 14:33:08 - Received message from Machine 1, Queue length: 57, Logical clock: 2496
2025-02-28 14:33:08 - Received message from Machine 2, Queue length: 58, Logical clock: 2497
2025-02-28 14:33:08 - Received message from Machine 2, Queue length: 57, Logical clock: 2503
2025-02-28 14:33:09 - Received message from Machine 2, Queue length: 56, Logical clock: 2504
2025-02-28 14:33:09 - Received message from Machine 2, Queue length: 55, Logical clock: 2509
2025-02-28 14:33:09 - Received message from Machine 1, Queue length: 57, Logical clock: 2513
2025-02-28 14:33:09 - Received message from Machine 2, Queue length: 58, Logical clock: 2516
2025-02-28 14:33:09 - Received message from Machine 2, Queue length: 57, Logical clock: 2522
2025-02-28 14:33:09 - Received message from Machine 2, Queue length: 58, Logical clock: 2523
2025-02-28 14:33:09 - Received message from Machine 2, Queue length: 57, Logical clock: 2525
2025-02-28 14:33:09 - Received message from Machine 1, Queue length: 56, Logical clock: 2527
2025-02-28 14:33:09 - Received message from Machine 2, Queue length: 57, Logical clock: 2528
2025-02-28 14:33:09 - Received message from Machine 2, Queue length: 57, Logical clock: 2529
