2025-02-28 13:30:58 - Machine initialized with clock rate: 2 ticks/second
2025-02-28 13:31:00 - Internal event, Logical clock: 1
2025-02-28 13:31:01 - Received message from Machine 0, Queue length: 1, Logical clock: 2
2025-02-28 13:31:01 - Received message from Machine 0, Queue length: 1, Logical clock: 3
2025-02-28 13:31:02 - Received message from Machine 0, Queue length: 0, Logical clock: 5
2025-02-28 13:31:02 - Received message from Machine 0, Queue length: 0, Logical clock: 11
2025-02-28 13:31:03 - Received message from Machine 0, Queue length: 1, Logical clock: 12
2025-02-28 13:31:03 - Received message from Machine 0, Queue length: 0, Logical clock: 13
2025-02-28 13:31:04 - Received message from Machine 0, Queue length: 1, Logical clock: 17
2025-02-28 13:31:04 - Received message from Machine 0, Queue length: 1, Logical clock: 18
2025-02-28 13:31:05 - Received message from Machine 0, Queue length: 0, Logical clock: 20
2025-02-28 13:31:05 - Internal event, Logical clock: 21
2025-02-28 13:31:06 - Internal event, Logical clock: 22
2025-02-28 13:31:06 - Sent message to ALL other machines, Logical clock: 23
2025-02-28 13:31:07 - Internal event, Logical clock: 24
2025-02-28 13:31:07 - Internal event, Logical clock: 25
2025-02-28 13:31:08 - Internal event, Logical clock: 26
2025-02-28 13:31:08 - Sent message to ALL other machines, Logical clock: 27
2025-02-28 13:31:09 - Received message from Machine 0, Queue length: 0, Logical clock: 44
2025-02-28 13:31:09 - Received message from Machine 0, Queue length: 0, Logical clock: 46
2025-02-28 13:31:10 - Received message from Machine 0, Queue length: 1, Logical clock: 47
2025-02-28 13:31:10 - Received message from Machine 0, Queue length: 0, Logical clock: 49
2025-02-28 13:31:11 - Internal event, Logical clock: 50
2025-02-28 13:31:11 - Internal event, Logical clock: 51
2025-02-28 13:31:12 - Received message from Machine 0, Queue length: 0, Logical clock: 57
2025-02-28 13:31:12 - Received message from Machine 0, Queue length: 0, Logical clock: 59
2025-02-28 13:31:13 - Received message from Machine 0, Queue length: 0, Logical clock: 63
2025-02-28 13:31:13 - Received message from Machine 0, Queue length: 1, Logical clock: 64
2025-02-28 13:31:14 - Received message from Machine 0, Queue length: 1, Logical clock: 66
2025-02-28 13:31:14 - Received message from Machine 0, Queue length: 0, Logical clock: 68
2025-02-28 13:31:15 - Received message from Machine 0, Queue length: 0, Logical clock: 73
2025-02-28 13:31:15 - Received message from Machine 0, Queue length: 0, Logical clock: 74
2025-02-28 13:31:16 - Received message from Machine 0, Queue length: 0, Logical clock: 78
2025-02-28 13:31:16 - Sent message to Machine 0, Logical clock: 79
2025-02-28 13:31:17 - Sent message to Machine 0, Logical clock: 80
2025-02-28 13:31:17 - Sent message to Machine 2, Logical clock: 81
2025-02-28 13:31:18 - Internal event, Logical clock: 82
2025-02-28 13:31:18 - Received message from Machine 0, Queue length: 0, Logical clock: 89
2025-02-28 13:31:19 - Internal event, Logical clock: 90
2025-02-28 13:31:19 - Sent message to ALL other machines, Logical clock: 91
2025-02-28 13:31:20 - Internal event, Logical clock: 92
2025-02-28 13:31:20 - Internal event, Logical clock: 93
2025-02-28 13:31:21 - Received message from Machine 0, Queue length: 0, Logical clock: 101
2025-02-28 13:31:21 - Internal event, Logical clock: 102
2025-02-28 13:31:22 - Sent message to ALL other machines, Logical clock: 103
2025-02-28 13:31:22 - Internal event, Logical clock: 104
2025-02-28 13:31:23 - Received message from Machine 0, Queue length: 0, Logical clock: 113
2025-02-28 13:31:23 - Received message from Machine 0, Queue length: 0, Logical clock: 114
2025-02-28 13:31:24 - Sent message to ALL other machines, Logical clock: 115
2025-02-28 13:31:24 - Sent message to Machine 2, Logical clock: 116
2025-02-28 13:31:25 - Internal event, Logical clock: 117
2025-02-28 13:31:25 - Received message from Machine 0, Queue length: 0, Logical clock: 125
2025-02-28 13:31:26 - Received message from Machine 0, Queue length: 0, Logical clock: 127
2025-02-28 13:31:26 - Internal event, Logical clock: 128
2025-02-28 13:31:27 - Received message from Machine 0, Queue length: 0, Logical clock: 132
2025-02-28 13:31:27 - Received message from Machine 0, Queue length: 1, Logical clock: 133
2025-02-28 13:31:28 - Received message from Machine 0, Queue length: 1, Logical clock: 135
2025-02-28 13:31:28 - Received message from Machine 0, Queue length: 1, Logical clock: 137
2025-02-28 13:31:29 - Received message from Machine 0, Queue length: 1, Logical clock: 140
2025-02-28 13:31:29 - Received message from Machine 0, Queue length: 0, Logical clock: 141
2025-02-28 13:31:30 - Received message from Machine 0, Queue length: 0, Logical clock: 146
2025-02-28 13:31:30 - Sent message to ALL other machines, Logical clock: 147
2025-02-28 13:31:31 - Internal event, Logical clock: 148
2025-02-28 13:31:31 - Received message from Machine 0, Queue length: 0, Logical clock: 153
2025-02-28 13:31:32 - Internal event, Logical clock: 154
2025-02-28 13:31:32 - Internal event, Logical clock: 155
2025-02-28 13:31:33 - Internal event, Logical clock: 156
2025-02-28 13:31:33 - Received message from Machine 0, Queue length: 0, Logical clock: 163
2025-02-28 13:31:34 - Received message from Machine 0, Queue length: 0, Logical clock: 167
2025-02-28 13:31:34 - Internal event, Logical clock: 168
2025-02-28 13:31:35 - Received message from Machine 0, Queue length: 0, Logical clock: 171
2025-02-28 13:31:35 - Internal event, Logical clock: 172
2025-02-28 13:31:36 - Internal event, Logical clock: 173
2025-02-28 13:31:36 - Internal event, Logical clock: 174
2025-02-28 13:31:37 - Sent message to Machine 2, Logical clock: 175
2025-02-28 13:31:37 - Internal event, Logical clock: 176
2025-02-28 13:31:38 - Received message from Machine 0, Queue length: 0, Logical clock: 185
2025-02-28 13:31:38 - Sent message to ALL other machines, Logical clock: 186
2025-02-28 13:31:39 - Received message from Machine 0, Queue length: 0, Logical clock: 191
2025-02-28 13:31:39 - Internal event, Logical clock: 192
2025-02-28 13:31:40 - Received message from Machine 0, Queue length: 2, Logical clock: 195
2025-02-28 13:31:40 - Received message from Machine 0, Queue length: 2, Logical clock: 196
2025-02-28 13:31:41 - Received message from Machine 0, Queue length: 1, Logical clock: 197
2025-02-28 13:31:41 - Received message from Machine 0, Queue length: 0, Logical clock: 198
2025-02-28 13:31:42 - Sent message to Machine 0, Logical clock: 199
2025-02-28 13:31:42 - Internal event, Logical clock: 200
2025-02-28 13:31:43 - Internal event, Logical clock: 201
2025-02-28 13:31:43 - Sent message to Machine 2, Logical clock: 202
2025-02-28 13:31:44 - Internal event, Logical clock: 203
2025-02-28 13:31:44 - Received message from Machine 0, Queue length: 1, Logical clock: 218
2025-02-28 13:31:45 - Received message from Machine 0, Queue length: 0, Logical clock: 219
2025-02-28 13:31:45 - Internal event, Logical clock: 220
2025-02-28 13:31:46 - Internal event, Logical clock: 221
2025-02-28 13:31:46 - Received message from Machine 0, Queue length: 0, Logical clock: 229
2025-02-28 13:31:47 - Sent message to Machine 2, Logical clock: 230
2025-02-28 13:31:47 - Received message from Machine 0, Queue length: 0, Logical clock: 232
2025-02-28 13:31:48 - Internal event, Logical clock: 233
2025-02-28 13:31:48 - Received message from Machine 0, Queue length: 0, Logical clock: 237
2025-02-28 13:31:49 - Internal event, Logical clock: 238
2025-02-28 13:31:49 - Internal event, Logical clock: 239
2025-02-28 13:31:50 - Internal event, Logical clock: 240
2025-02-28 13:31:50 - Received message from Machine 0, Queue length: 0, Logical clock: 248
2025-02-28 13:31:51 - Received message from Machine 0, Queue length: 0, Logical clock: 250
2025-02-28 13:31:51 - Internal event, Logical clock: 251
2025-02-28 13:31:52 - Sent message to Machine 0, Logical clock: 252
2025-02-28 13:31:52 - Internal event, Logical clock: 253
2025-02-28 13:31:53 - Sent message to ALL other machines, Logical clock: 254
2025-02-28 13:31:53 - Sent message to Machine 0, Logical clock: 255
2025-02-28 13:31:54 - Internal event, Logical clock: 256
2025-02-28 13:31:54 - Received message from Machine 0, Queue length: 0, Logical clock: 268
2025-02-28 13:31:55 - Received message from Machine 0, Queue length: 0, Logical clock: 271
2025-02-28 13:31:55 - Internal event, Logical clock: 272
2025-02-28 13:31:56 - Internal event, Logical clock: 273
2025-02-28 13:31:57 - Received message from Machine 0, Queue length: 0, Logical clock: 278
2025-02-28 13:31:57 - Received message from Machine 0, Queue length: 0, Logical clock: 279
2025-02-28 13:31:58 - Received message from Machine 0, Queue length: 0, Logical clock: 282
2025-02-28 13:31:58 - Received message from Machine 0, Queue length: 0, Logical clock: 286
