2025-03-05 11:56:32 - Machine initialized with clock rate: 3 ticks/second
2025-03-05 11:56:34 - Internal event, Logical clock: 1
2025-03-05 11:56:34 - Sent message to Machine 2, Logical clock: 2
2025-03-05 11:56:34 - Received message from Machine 1, Queue length: 0, Logical clock: 3
2025-03-05 11:56:35 - Received message from Machine 1, Queue length: 0, Logical clock: 4
2025-03-05 11:56:35 - Internal event, Logical clock: 5
2025-03-05 11:56:35 - Sent message to Machine 2, Logical clock: 6
2025-03-05 11:56:36 - Sent message to Machine 1, Logical clock: 7
2025-03-05 11:56:36 - Received message from Machine 1, Queue length: 0, Logical clock: 8
2025-03-05 11:56:36 - Internal event, Logical clock: 9
2025-03-05 11:56:37 - Sent message to ALL other machines, Logical clock: 10
2025-03-05 11:56:37 - Sent message to Machine 1, Logical clock: 11
2025-03-05 11:56:37 - Received message from Machine 2, Queue length: 0, Logical clock: 12
2025-03-05 11:56:38 - Internal event, Logical clock: 13
2025-03-05 11:56:38 - Sent message to Machine 1, Logical clock: 14
2025-03-05 11:56:38 - Received message from Machine 1, Queue length: 1, Logical clock: 15
2025-03-05 11:56:39 - Received message from Machine 2, Queue length: 0, Logical clock: 16
2025-03-05 11:56:39 - Received message from Machine 2, Queue length: 0, Logical clock: 17
2025-03-05 11:56:39 - Received message from Machine 2, Queue length: 0, Logical clock: 18
2025-03-05 11:56:40 - Received message from Machine 1, Queue length: 0, Logical clock: 19
2025-03-05 11:56:40 - Sent message to ALL other machines, Logical clock: 20
2025-03-05 11:56:40 - Received message from Machine 1, Queue length: 0, Logical clock: 21
2025-03-05 11:56:41 - Received message from Machine 2, Queue length: 1, Logical clock: 22
2025-03-05 11:56:41 - Received message from Machine 1, Queue length: 0, Logical clock: 23
2025-03-05 11:56:41 - Sent message to ALL other machines, Logical clock: 24
2025-03-05 11:56:42 - Sent message to Machine 1, Logical clock: 25
2025-03-05 11:56:42 - Sent message to Machine 1, Logical clock: 26
2025-03-05 11:56:42 - Internal event, Logical clock: 27
2025-03-05 11:56:43 - Received message from Machine 2, Queue length: 0, Logical clock: 28
2025-03-05 11:56:43 - Received message from Machine 2, Queue length: 0, Logical clock: 29
2025-03-05 11:56:43 - Received message from Machine 2, Queue length: 0, Logical clock: 30
2025-03-05 11:56:44 - Internal event, Logical clock: 31
2025-03-05 11:56:44 - Sent message to ALL other machines, Logical clock: 32
2025-03-05 11:56:44 - Internal event, Logical clock: 33
2025-03-05 11:56:45 - Sent message to Machine 1, Logical clock: 34
2025-03-05 11:56:45 - Internal event, Logical clock: 35
2025-03-05 11:56:45 - Internal event, Logical clock: 36
2025-03-05 11:56:46 - Sent message to Machine 2, Logical clock: 37
2025-03-05 11:56:46 - Sent message to Machine 2, Logical clock: 38
2025-03-05 11:56:46 - Received message from Machine 1, Queue length: 0, Logical clock: 39
2025-03-05 11:56:47 - Sent message to Machine 1, Logical clock: 40
2025-03-05 11:56:47 - Received message from Machine 2, Queue length: 0, Logical clock: 41
2025-03-05 11:56:47 - Internal event, Logical clock: 42
2025-03-05 11:56:48 - Received message from Machine 2, Queue length: 0, Logical clock: 43
2025-03-05 11:56:48 - Received message from Machine 2, Queue length: 0, Logical clock: 44
2025-03-05 11:56:48 - Received message from Machine 2, Queue length: 0, Logical clock: 45
2025-03-05 11:56:49 - Sent message to ALL other machines, Logical clock: 46
2025-03-05 11:56:49 - Received message from Machine 2, Queue length: 0, Logical clock: 47
2025-03-05 11:56:49 - Sent message to ALL other machines, Logical clock: 48
2025-03-05 11:56:50 - Sent message to Machine 2, Logical clock: 49
2025-03-05 11:56:50 - Received message from Machine 1, Queue length: 0, Logical clock: 50
2025-03-05 11:56:51 - Internal event, Logical clock: 51
2025-03-05 11:56:51 - Internal event, Logical clock: 52
2025-03-05 11:56:51 - Sent message to ALL other machines, Logical clock: 53
2025-03-05 11:56:52 - Sent message to ALL other machines, Logical clock: 54
2025-03-05 11:56:52 - Internal event, Logical clock: 55
2025-03-05 11:56:52 - Internal event, Logical clock: 56
2025-03-05 11:56:53 - Internal event, Logical clock: 57
2025-03-05 11:56:53 - Received message from Machine 2, Queue length: 0, Logical clock: 58
2025-03-05 11:56:53 - Received message from Machine 1, Queue length: 1, Logical clock: 59
2025-03-05 11:56:54 - Received message from Machine 2, Queue length: 1, Logical clock: 60
2025-03-05 11:56:54 - Received message from Machine 1, Queue length: 0, Logical clock: 61
2025-03-05 11:56:54 - Received message from Machine 2, Queue length: 0, Logical clock: 62
2025-03-05 11:56:55 - Received message from Machine 2, Queue length: 0, Logical clock: 63
2025-03-05 11:56:55 - Received message from Machine 1, Queue length: 1, Logical clock: 64
2025-03-05 11:56:55 - Received message from Machine 2, Queue length: 0, Logical clock: 65
2025-03-05 11:56:56 - Sent message to Machine 2, Logical clock: 66
2025-03-05 11:56:56 - Received message from Machine 1, Queue length: 0, Logical clock: 67
2025-03-05 11:56:56 - Sent message to Machine 1, Logical clock: 68
2025-03-05 11:56:57 - Received message from Machine 2, Queue length: 0, Logical clock: 69
2025-03-05 11:56:57 - Received message from Machine 1, Queue length: 0, Logical clock: 70
2025-03-05 11:56:57 - Received message from Machine 1, Queue length: 0, Logical clock: 71
2025-03-05 11:56:58 - Internal event, Logical clock: 72
2025-03-05 11:56:58 - Received message from Machine 1, Queue length: 0, Logical clock: 73
2025-03-05 11:56:58 - Sent message to Machine 2, Logical clock: 74
2025-03-05 11:56:59 - Internal event, Logical clock: 75
2025-03-05 11:56:59 - Sent message to Machine 1, Logical clock: 76
2025-03-05 11:56:59 - Sent message to ALL other machines, Logical clock: 77
2025-03-05 11:57:00 - Sent message to Machine 2, Logical clock: 78
2025-03-05 11:57:00 - Internal event, Logical clock: 79
2025-03-05 11:57:00 - Sent message to Machine 1, Logical clock: 80
2025-03-05 11:57:01 - Received message from Machine 2, Queue length: 0, Logical clock: 81
2025-03-05 11:57:01 - Internal event, Logical clock: 82
2025-03-05 11:57:01 - Received message from Machine 2, Queue length: 0, Logical clock: 83
2025-03-05 11:57:02 - Received message from Machine 2, Queue length: 0, Logical clock: 84
2025-03-05 11:57:02 - Received message from Machine 1, Queue length: 0, Logical clock: 85
2025-03-05 11:57:02 - Received message from Machine 1, Queue length: 0, Logical clock: 86
2025-03-05 11:57:03 - Received message from Machine 1, Queue length: 0, Logical clock: 87
2025-03-05 11:57:03 - Internal event, Logical clock: 88
2025-03-05 11:57:03 - Sent message to ALL other machines, Logical clock: 89
2025-03-05 11:57:04 - Received message from Machine 2, Queue length: 0, Logical clock: 90
2025-03-05 11:57:04 - Sent message to Machine 1, Logical clock: 91
2025-03-05 11:57:04 - Sent message to Machine 1, Logical clock: 92
2025-03-05 11:57:05 - Internal event, Logical clock: 93
2025-03-05 11:57:05 - Internal event, Logical clock: 94
2025-03-05 11:57:05 - Sent message to Machine 2, Logical clock: 95
2025-03-05 11:57:06 - Sent message to Machine 2, Logical clock: 96
2025-03-05 11:57:06 - Sent message to Machine 1, Logical clock: 97
2025-03-05 11:57:06 - Received message from Machine 2, Queue length: 0, Logical clock: 98
2025-03-05 11:57:07 - Sent message to ALL other machines, Logical clock: 99
2025-03-05 11:57:07 - Internal event, Logical clock: 100
2025-03-05 11:57:07 - Received message from Machine 2, Queue length: 0, Logical clock: 101
2025-03-05 11:57:08 - Received message from Machine 1, Queue length: 1, Logical clock: 102
2025-03-05 11:57:08 - Received message from Machine 2, Queue length: 0, Logical clock: 103
2025-03-05 11:57:08 - Received message from Machine 1, Queue length: 0, Logical clock: 104
2025-03-05 11:57:09 - Internal event, Logical clock: 105
2025-03-05 11:57:09 - Received message from Machine 2, Queue length: 0, Logical clock: 106
2025-03-05 11:57:09 - Sent message to ALL other machines, Logical clock: 107
2025-03-05 11:57:10 - Sent message to Machine 2, Logical clock: 108
2025-03-05 11:57:10 - Internal event, Logical clock: 109
2025-03-05 11:57:10 - Sent message to Machine 1, Logical clock: 110
2025-03-05 11:57:11 - Internal event, Logical clock: 111
2025-03-05 11:57:11 - Sent message to Machine 2, Logical clock: 112
2025-03-05 11:57:11 - Received message from Machine 1, Queue length: 0, Logical clock: 113
2025-03-05 11:57:12 - Sent message to ALL other machines, Logical clock: 114
2025-03-05 11:57:12 - Sent message to Machine 1, Logical clock: 115
2025-03-05 11:57:12 - Received message from Machine 2, Queue length: 0, Logical clock: 116
2025-03-05 11:57:13 - Received message from Machine 2, Queue length: 0, Logical clock: 117
2025-03-05 11:57:13 - Internal event, Logical clock: 118
2025-03-05 11:57:13 - Received message from Machine 1, Queue length: 0, Logical clock: 119
2025-03-05 11:57:14 - Received message from Machine 2, Queue length: 0, Logical clock: 120
2025-03-05 11:57:14 - Received message from Machine 2, Queue length: 0, Logical clock: 121
2025-03-05 11:57:14 - Received message from Machine 2, Queue length: 0, Logical clock: 122
2025-03-05 11:57:15 - Received message from Machine 2, Queue length: 0, Logical clock: 123
2025-03-05 11:57:15 - Received message from Machine 1, Queue length: 0, Logical clock: 124
2025-03-05 11:57:15 - Received message from Machine 1, Queue length: 0, Logical clock: 125
2025-03-05 11:57:16 - Internal event, Logical clock: 126
2025-03-05 11:57:16 - Received message from Machine 1, Queue length: 0, Logical clock: 127
2025-03-05 11:57:16 - Internal event, Logical clock: 128
2025-03-05 11:57:17 - Received message from Machine 2, Queue length: 0, Logical clock: 129
2025-03-05 11:57:17 - Received message from Machine 2, Queue length: 0, Logical clock: 130
2025-03-05 11:57:17 - Sent message to ALL other machines, Logical clock: 131
2025-03-05 11:57:18 - Sent message to Machine 2, Logical clock: 132
2025-03-05 11:57:18 - Received message from Machine 1, Queue length: 0, Logical clock: 133
2025-03-05 11:57:18 - Sent message to Machine 1, Logical clock: 134
2025-03-05 11:57:19 - Sent message to ALL other machines, Logical clock: 135
2025-03-05 11:57:19 - Sent message to ALL other machines, Logical clock: 136
2025-03-05 11:57:19 - Sent message to Machine 1, Logical clock: 137
2025-03-05 11:57:20 - Internal event, Logical clock: 138
2025-03-05 11:57:20 - Received message from Machine 2, Queue length: 0, Logical clock: 139
2025-03-05 11:57:20 - Received message from Machine 2, Queue length: 0, Logical clock: 140
2025-03-05 11:57:21 - Sent message to ALL other machines, Logical clock: 141
2025-03-05 11:57:21 - Received message from Machine 2, Queue length: 0, Logical clock: 142
2025-03-05 11:57:21 - Internal event, Logical clock: 143
2025-03-05 11:57:22 - Internal event, Logical clock: 144
2025-03-05 11:57:22 - Received message from Machine 1, Queue length: 0, Logical clock: 145
2025-03-05 11:57:22 - Sent message to ALL other machines, Logical clock: 146
2025-03-05 11:57:23 - Sent message to Machine 2, Logical clock: 147
2025-03-05 11:57:23 - Internal event, Logical clock: 148
2025-03-05 11:57:23 - Received message from Machine 1, Queue length: 0, Logical clock: 149
2025-03-05 11:57:24 - Internal event, Logical clock: 150
2025-03-05 11:57:24 - Received message from Machine 2, Queue length: 0, Logical clock: 151
2025-03-05 11:57:24 - Received message from Machine 1, Queue length: 0, Logical clock: 152
2025-03-05 11:57:25 - Internal event, Logical clock: 153
2025-03-05 11:57:25 - Received message from Machine 2, Queue length: 0, Logical clock: 154
2025-03-05 11:57:25 - Received message from Machine 2, Queue length: 0, Logical clock: 155
2025-03-05 11:57:26 - Received message from Machine 2, Queue length: 1, Logical clock: 156
2025-03-05 11:57:26 - Received message from Machine 1, Queue length: 0, Logical clock: 157
2025-03-05 11:57:27 - Received message from Machine 1, Queue length: 1, Logical clock: 158
2025-03-05 11:57:27 - Received message from Machine 2, Queue length: 1, Logical clock: 159
2025-03-05 11:57:27 - Received message from Machine 2, Queue length: 0, Logical clock: 160
2025-03-05 11:57:28 - Received message from Machine 2, Queue length: 0, Logical clock: 161
2025-03-05 11:57:28 - Internal event, Logical clock: 162
2025-03-05 11:57:28 - Received message from Machine 1, Queue length: 0, Logical clock: 163
2025-03-05 11:57:29 - Received message from Machine 1, Queue length: 0, Logical clock: 164
2025-03-05 11:57:29 - Received message from Machine 1, Queue length: 1, Logical clock: 165
2025-03-05 11:57:29 - Received message from Machine 2, Queue length: 1, Logical clock: 166
2025-03-05 11:57:30 - Received message from Machine 2, Queue length: 0, Logical clock: 167
2025-03-05 11:57:30 - Sent message to Machine 2, Logical clock: 168
2025-03-05 11:57:30 - Internal event, Logical clock: 169
2025-03-05 11:57:31 - Internal event, Logical clock: 170
2025-03-05 11:57:31 - Sent message to ALL other machines, Logical clock: 171
2025-03-05 11:57:31 - Internal event, Logical clock: 172
2025-03-05 11:57:32 - Received message from Machine 2, Queue length: 1, Logical clock: 173
