2025-02-28 14:34:30 - Machine initialized with clock rate: 3 ticks/second
2025-02-28 14:34:32 - Internal event, Logical clock: 1
2025-02-28 14:34:33 - Sent message to Machine 0, Logical clock: 2
2025-02-28 14:34:33 - Internal event, Logical clock: 3
2025-02-28 14:34:33 - Received message from Machine 2, Queue length: 0, Logical clock: 4
2025-02-28 14:34:34 - Sent message to ALL other machines, Logical clock: 5
2025-02-28 14:34:34 - Internal event, Logical clock: 6
2025-02-28 14:34:34 - Sent message to Machine 2, Logical clock: 7
2025-02-28 14:34:35 - Sent message to Machine 0, Logical clock: 8
2025-02-28 14:34:35 - Sent message to ALL other machines, Logical clock: 9
2025-02-28 14:34:35 - Internal event, Logical clock: 10
2025-02-28 14:34:36 - Sent message to Machine 2, Logical clock: 11
2025-02-28 14:34:36 - Internal event, Logical clock: 12
2025-02-28 14:34:36 - Internal event, Logical clock: 13
2025-02-28 14:34:37 - Internal event, Logical clock: 14
2025-02-28 14:34:37 - Sent message to ALL other machines, Logical clock: 15
2025-02-28 14:34:37 - Sent message to Machine 0, Logical clock: 16
2025-02-28 14:34:38 - Sent message to ALL other machines, Logical clock: 17
2025-02-28 14:34:38 - Internal event, Logical clock: 18
2025-02-28 14:34:38 - Internal event, Logical clock: 19
2025-02-28 14:34:39 - Sent message to Machine 0, Logical clock: 20
2025-02-28 14:34:39 - Sent message to ALL other machines, Logical clock: 21
2025-02-28 14:34:39 - Sent message to Machine 0, Logical clock: 22
2025-02-28 14:34:40 - Sent message to Machine 2, Logical clock: 23
2025-02-28 14:34:40 - Sent message to Machine 0, Logical clock: 24
2025-02-28 14:34:40 - Sent message to ALL other machines, Logical clock: 25
2025-02-28 14:34:41 - Sent message to Machine 0, Logical clock: 26
2025-02-28 14:34:41 - Sent message to Machine 0, Logical clock: 27
2025-02-28 14:34:41 - Sent message to ALL other machines, Logical clock: 28
2025-02-28 14:34:42 - Sent message to Machine 2, Logical clock: 29
2025-02-28 14:34:42 - Internal event, Logical clock: 30
2025-02-28 14:34:42 - Sent message to ALL other machines, Logical clock: 31
2025-02-28 14:34:43 - Internal event, Logical clock: 32
2025-02-28 14:34:43 - Sent message to Machine 0, Logical clock: 33
2025-02-28 14:34:43 - Internal event, Logical clock: 34
2025-02-28 14:34:44 - Sent message to Machine 0, Logical clock: 35
2025-02-28 14:34:44 - Sent message to ALL other machines, Logical clock: 36
2025-02-28 14:34:44 - Sent message to Machine 0, Logical clock: 37
2025-02-28 14:34:45 - Sent message to Machine 0, Logical clock: 38
2025-02-28 14:34:45 - Sent message to ALL other machines, Logical clock: 39
2025-02-28 14:34:45 - Internal event, Logical clock: 40
2025-02-28 14:34:46 - Sent message to Machine 2, Logical clock: 41
2025-02-28 14:34:46 - Internal event, Logical clock: 42
2025-02-28 14:34:46 - Internal event, Logical clock: 43
2025-02-28 14:34:47 - Internal event, Logical clock: 44
2025-02-28 14:34:47 - Sent message to Machine 2, Logical clock: 45
2025-02-28 14:34:47 - Internal event, Logical clock: 46
2025-02-28 14:34:48 - Sent message to Machine 2, Logical clock: 47
2025-02-28 14:34:48 - Internal event, Logical clock: 48
2025-02-28 14:34:48 - Internal event, Logical clock: 49
2025-02-28 14:34:49 - Internal event, Logical clock: 50
2025-02-28 14:34:49 - Sent message to ALL other machines, Logical clock: 51
2025-02-28 14:34:49 - Internal event, Logical clock: 52
2025-02-28 14:34:50 - Internal event, Logical clock: 53
2025-02-28 14:34:50 - Internal event, Logical clock: 54
2025-02-28 14:34:50 - Internal event, Logical clock: 55
2025-02-28 14:34:51 - Sent message to Machine 0, Logical clock: 56
2025-02-28 14:34:51 - Sent message to Machine 0, Logical clock: 57
2025-02-28 14:34:51 - Sent message to Machine 2, Logical clock: 58
2025-02-28 14:34:52 - Internal event, Logical clock: 59
2025-02-28 14:34:52 - Sent message to Machine 2, Logical clock: 60
2025-02-28 14:34:52 - Sent message to Machine 0, Logical clock: 61
2025-02-28 14:34:53 - Sent message to Machine 2, Logical clock: 62
2025-02-28 14:34:53 - Sent message to ALL other machines, Logical clock: 63
2025-02-28 14:34:53 - Internal event, Logical clock: 64
2025-02-28 14:34:54 - Sent message to Machine 0, Logical clock: 65
2025-02-28 14:34:54 - Internal event, Logical clock: 66
2025-02-28 14:34:54 - Internal event, Logical clock: 67
2025-02-28 14:34:55 - Sent message to ALL other machines, Logical clock: 68
2025-02-28 14:34:55 - Internal event, Logical clock: 69
2025-02-28 14:34:55 - Internal event, Logical clock: 70
2025-02-28 14:34:56 - Internal event, Logical clock: 71
2025-02-28 14:34:56 - Sent message to Machine 0, Logical clock: 72
2025-02-28 14:34:56 - Internal event, Logical clock: 73
2025-02-28 14:34:57 - Sent message to Machine 2, Logical clock: 74
2025-02-28 14:34:57 - Sent message to Machine 0, Logical clock: 75
2025-02-28 14:34:57 - Internal event, Logical clock: 76
2025-02-28 14:34:58 - Sent message to Machine 2, Logical clock: 77
2025-02-28 14:34:58 - Sent message to ALL other machines, Logical clock: 78
2025-02-28 14:34:58 - Internal event, Logical clock: 79
2025-02-28 14:34:59 - Sent message to Machine 2, Logical clock: 80
2025-02-28 14:34:59 - Sent message to Machine 2, Logical clock: 81
2025-02-28 14:35:00 - Internal event, Logical clock: 82
2025-02-28 14:35:00 - Internal event, Logical clock: 83
2025-02-28 14:35:00 - Sent message to Machine 0, Logical clock: 84
2025-02-28 14:35:01 - Internal event, Logical clock: 85
2025-02-28 14:35:01 - Internal event, Logical clock: 86
2025-02-28 14:35:01 - Internal event, Logical clock: 87
2025-02-28 14:35:02 - Internal event, Logical clock: 88
2025-02-28 14:35:02 - Internal event, Logical clock: 89
2025-02-28 14:35:02 - Sent message to Machine 2, Logical clock: 90
2025-02-28 14:35:03 - Internal event, Logical clock: 91
2025-02-28 14:35:03 - Internal event, Logical clock: 92
2025-02-28 14:35:03 - Sent message to Machine 2, Logical clock: 93
2025-02-28 14:35:04 - Sent message to Machine 2, Logical clock: 94
2025-02-28 14:35:04 - Internal event, Logical clock: 95
2025-02-28 14:35:04 - Internal event, Logical clock: 96
2025-02-28 14:35:05 - Sent message to ALL other machines, Logical clock: 97
2025-02-28 14:35:05 - Sent message to ALL other machines, Logical clock: 98
2025-02-28 14:35:05 - Sent message to Machine 2, Logical clock: 99
2025-02-28 14:35:06 - Internal event, Logical clock: 100
2025-02-28 14:35:06 - Internal event, Logical clock: 101
2025-02-28 14:35:06 - Sent message to Machine 0, Logical clock: 102
2025-02-28 14:35:07 - Sent message to ALL other machines, Logical clock: 103
2025-02-28 14:35:07 - Internal event, Logical clock: 104
2025-02-28 14:35:07 - Internal event, Logical clock: 105
2025-02-28 14:35:08 - Internal event, Logical clock: 106
2025-02-28 14:35:08 - Sent message to Machine 0, Logical clock: 107
2025-02-28 14:35:08 - Internal event, Logical clock: 108
2025-02-28 14:35:09 - Internal event, Logical clock: 109
2025-02-28 14:35:09 - Sent message to ALL other machines, Logical clock: 110
2025-02-28 14:35:09 - Sent message to ALL other machines, Logical clock: 111
2025-02-28 14:35:10 - Sent message to Machine 2, Logical clock: 112
2025-02-28 14:35:10 - Internal event, Logical clock: 113
2025-02-28 14:35:10 - Sent message to Machine 2, Logical clock: 114
2025-02-28 14:35:11 - Sent message to Machine 2, Logical clock: 115
2025-02-28 14:35:11 - Sent message to Machine 0, Logical clock: 116
2025-02-28 14:35:11 - Sent message to Machine 0, Logical clock: 117
2025-02-28 14:35:12 - Sent message to Machine 2, Logical clock: 118
2025-02-28 14:35:12 - Sent message to Machine 2, Logical clock: 119
2025-02-28 14:35:12 - Sent message to ALL other machines, Logical clock: 120
2025-02-28 14:35:13 - Sent message to Machine 0, Logical clock: 121
2025-02-28 14:35:13 - Sent message to Machine 2, Logical clock: 122
2025-02-28 14:35:13 - Internal event, Logical clock: 123
2025-02-28 14:35:14 - Internal event, Logical clock: 124
2025-02-28 14:35:14 - Sent message to Machine 2, Logical clock: 125
2025-02-28 14:35:14 - Internal event, Logical clock: 126
2025-02-28 14:35:15 - Sent message to Machine 2, Logical clock: 127
2025-02-28 14:35:15 - Sent message to ALL other machines, Logical clock: 128
2025-02-28 14:35:15 - Sent message to ALL other machines, Logical clock: 129
2025-02-28 14:35:16 - Sent message to Machine 0, Logical clock: 130
2025-02-28 14:35:16 - Internal event, Logical clock: 131
2025-02-28 14:35:16 - Sent message to ALL other machines, Logical clock: 132
2025-02-28 14:35:17 - Sent message to Machine 2, Logical clock: 133
2025-02-28 14:35:17 - Sent message to ALL other machines, Logical clock: 134
2025-02-28 14:35:17 - Sent message to ALL other machines, Logical clock: 135
2025-02-28 14:35:18 - Sent message to ALL other machines, Logical clock: 136
2025-02-28 14:35:18 - Internal event, Logical clock: 137
2025-02-28 14:35:18 - Sent message to Machine 2, Logical clock: 138
2025-02-28 14:35:19 - Internal event, Logical clock: 139
2025-02-28 14:35:19 - Sent message to Machine 0, Logical clock: 140
2025-02-28 14:35:19 - Internal event, Logical clock: 141
2025-02-28 14:35:20 - Sent message to Machine 0, Logical clock: 142
2025-02-28 14:35:20 - Sent message to ALL other machines, Logical clock: 143
2025-02-28 14:35:20 - Sent message to Machine 2, Logical clock: 144
2025-02-28 14:35:21 - Internal event, Logical clock: 145
2025-02-28 14:35:21 - Sent message to ALL other machines, Logical clock: 146
2025-02-28 14:35:21 - Sent message to Machine 2, Logical clock: 147
2025-02-28 14:35:22 - Internal event, Logical clock: 148
2025-02-28 14:35:22 - Sent message to Machine 0, Logical clock: 149
2025-02-28 14:35:22 - Internal event, Logical clock: 150
2025-02-28 14:35:23 - Sent message to ALL other machines, Logical clock: 151
2025-02-28 14:35:23 - Internal event, Logical clock: 152
2025-02-28 14:35:23 - Internal event, Logical clock: 153
2025-02-28 14:35:24 - Sent message to ALL other machines, Logical clock: 154
2025-02-28 14:35:24 - Sent message to Machine 2, Logical clock: 155
2025-02-28 14:35:24 - Sent message to Machine 2, Logical clock: 156
2025-02-28 14:35:25 - Sent message to ALL other machines, Logical clock: 157
2025-02-28 14:35:25 - Internal event, Logical clock: 158
2025-02-28 14:35:25 - Sent message to Machine 0, Logical clock: 159
2025-02-28 14:35:26 - Sent message to ALL other machines, Logical clock: 160
2025-02-28 14:35:26 - Sent message to ALL other machines, Logical clock: 161
2025-02-28 14:35:27 - Sent message to ALL other machines, Logical clock: 162
2025-02-28 14:35:27 - Sent message to Machine 2, Logical clock: 163
2025-02-28 14:35:27 - Sent message to Machine 0, Logical clock: 164
2025-02-28 14:35:28 - Sent message to Machine 0, Logical clock: 165
2025-02-28 14:35:28 - Sent message to Machine 0, Logical clock: 166
2025-02-28 14:35:28 - Sent message to Machine 0, Logical clock: 167
2025-02-28 14:35:29 - Sent message to Machine 2, Logical clock: 168
2025-02-28 14:35:29 - Internal event, Logical clock: 169
2025-02-28 14:35:29 - Sent message to Machine 2, Logical clock: 170
2025-02-28 14:35:30 - Sent message to ALL other machines, Logical clock: 171
2025-02-28 14:35:30 - Internal event, Logical clock: 172
