2025-03-05 01:25:52 - Machine initialized with clock rate: 6 ticks/second
2025-03-05 01:25:54 - Internal event, Logical clock: 1
2025-03-05 01:25:54 - Received message from Machine 0, Queue length: 0, Logical clock: 2
2025-03-05 01:25:55 - Received message from Machine 0, Queue length: 0, Logical clock: 3
2025-03-05 01:25:55 - Received message from Machine 0, Queue length: 0, Logical clock: 4
2025-03-05 01:25:55 - Internal event, Logical clock: 5
2025-03-05 01:25:55 - Internal event, Logical clock: 6
2025-03-05 01:25:55 - Received message from Machine 0, Queue length: 0, Logical clock: 7
2025-03-05 01:25:55 - Sent message to Machine 0, Logical clock: 8
2025-03-05 01:25:56 - Sent message to Machine 0, Logical clock: 9
2025-03-05 01:25:56 - Sent message to ALL other machines, Logical clock: 10
2025-03-05 01:25:56 - Internal event, Logical clock: 11
2025-03-05 01:25:56 - Sent message to Machine 0, Logical clock: 12
2025-03-05 01:25:56 - Received message from Machine 2, Queue length: 0, Logical clock: 13
2025-03-05 01:25:57 - Sent message to ALL other machines, Logical clock: 14
2025-03-05 01:25:57 - Sent message to Machine 0, Logical clock: 15
2025-03-05 01:25:57 - Received message from Machine 2, Queue length: 0, Logical clock: 16
2025-03-05 01:25:57 - Sent message to Machine 0, Logical clock: 17
2025-03-05 01:25:57 - Internal event, Logical clock: 18
2025-03-05 01:25:57 - Received message from Machine 2, Queue length: 0, Logical clock: 19
2025-03-05 01:25:58 - Sent message to Machine 2, Logical clock: 20
2025-03-05 01:25:58 - Sent message to ALL other machines, Logical clock: 21
2025-03-05 01:25:58 - Sent message to ALL other machines, Logical clock: 22
2025-03-05 01:25:58 - Sent message to Machine 0, Logical clock: 23
2025-03-05 01:25:58 - Sent message to Machine 0, Logical clock: 24
2025-03-05 01:25:58 - Received message from Machine 2, Queue length: 0, Logical clock: 25
2025-03-05 01:25:59 - Sent message to ALL other machines, Logical clock: 26
2025-03-05 01:25:59 - Sent message to Machine 0, Logical clock: 27
2025-03-05 01:25:59 - Sent message to ALL other machines, Logical clock: 28
2025-03-05 01:25:59 - Sent message to Machine 0, Logical clock: 29
2025-03-05 01:25:59 - Internal event, Logical clock: 30
2025-03-05 01:25:59 - Internal event, Logical clock: 31
2025-03-05 01:26:00 - Internal event, Logical clock: 32
2025-03-05 01:26:00 - Received message from Machine 2, Queue length: 0, Logical clock: 33
2025-03-05 01:26:00 - Sent message to ALL other machines, Logical clock: 34
2025-03-05 01:26:00 - Sent message to ALL other machines, Logical clock: 35
2025-03-05 01:26:00 - Sent message to Machine 0, Logical clock: 36
2025-03-05 01:26:00 - Sent message to Machine 2, Logical clock: 37
2025-03-05 01:26:01 - Sent message to Machine 0, Logical clock: 38
2025-03-05 01:26:01 - Internal event, Logical clock: 39
2025-03-05 01:26:01 - Received message from Machine 0, Queue length: 0, Logical clock: 40
2025-03-05 01:26:01 - Sent message to ALL other machines, Logical clock: 41
2025-03-05 01:26:01 - Sent message to Machine 2, Logical clock: 42
2025-03-05 01:26:01 - Sent message to ALL other machines, Logical clock: 43
2025-03-05 01:26:02 - Internal event, Logical clock: 44
2025-03-05 01:26:02 - Sent message to Machine 2, Logical clock: 45
2025-03-05 01:26:02 - Received message from Machine 0, Queue length: 0, Logical clock: 46
2025-03-05 01:26:02 - Sent message to ALL other machines, Logical clock: 47
2025-03-05 01:26:02 - Sent message to ALL other machines, Logical clock: 48
2025-03-05 01:26:02 - Sent message to ALL other machines, Logical clock: 49
2025-03-05 01:26:03 - Sent message to Machine 0, Logical clock: 50
2025-03-05 01:26:03 - Sent message to Machine 0, Logical clock: 51
2025-03-05 01:26:03 - Sent message to ALL other machines, Logical clock: 52
2025-03-05 01:26:03 - Sent message to ALL other machines, Logical clock: 53
2025-03-05 01:26:03 - Internal event, Logical clock: 54
2025-03-05 01:26:03 - Sent message to Machine 2, Logical clock: 55
2025-03-05 01:26:04 - Sent message to Machine 2, Logical clock: 56
2025-03-05 01:26:04 - Received message from Machine 0, Queue length: 0, Logical clock: 57
2025-03-05 01:26:04 - Sent message to Machine 2, Logical clock: 58
2025-03-05 01:26:04 - Sent message to ALL other machines, Logical clock: 59
2025-03-05 01:26:04 - Sent message to Machine 0, Logical clock: 60
2025-03-05 01:26:04 - Sent message to Machine 0, Logical clock: 61
2025-03-05 01:26:05 - Internal event, Logical clock: 62
2025-03-05 01:26:05 - Sent message to Machine 2, Logical clock: 63
2025-03-05 01:26:05 - Sent message to Machine 2, Logical clock: 64
2025-03-05 01:26:05 - Sent message to Machine 2, Logical clock: 65
2025-03-05 01:26:05 - Received message from Machine 0, Queue length: 0, Logical clock: 66
2025-03-05 01:26:06 - Received message from Machine 0, Queue length: 0, Logical clock: 67
2025-03-05 01:26:06 - Sent message to Machine 2, Logical clock: 68
2025-03-05 01:26:06 - Received message from Machine 0, Queue length: 0, Logical clock: 69
2025-03-05 01:26:06 - Received message from Machine 0, Queue length: 0, Logical clock: 70
2025-03-05 01:26:06 - Sent message to Machine 2, Logical clock: 71
2025-03-05 01:26:06 - Received message from Machine 0, Queue length: 0, Logical clock: 72
2025-03-05 01:26:07 - Received message from Machine 0, Queue length: 0, Logical clock: 73
2025-03-05 01:26:07 - Sent message to Machine 0, Logical clock: 74
2025-03-05 01:26:07 - Sent message to ALL other machines, Logical clock: 75
2025-03-05 01:26:07 - Sent message to Machine 2, Logical clock: 76
2025-03-05 01:26:07 - Sent message to Machine 2, Logical clock: 77
2025-03-05 01:26:07 - Sent message to ALL other machines, Logical clock: 78
2025-03-05 01:26:08 - Sent message to Machine 0, Logical clock: 79
2025-03-05 01:26:08 - Sent message to ALL other machines, Logical clock: 80
2025-03-05 01:26:08 - Sent message to Machine 2, Logical clock: 81
2025-03-05 01:26:08 - Internal event, Logical clock: 82
2025-03-05 01:26:08 - Received message from Machine 0, Queue length: 0, Logical clock: 83
2025-03-05 01:26:08 - Sent message to Machine 2, Logical clock: 84
2025-03-05 01:26:09 - Received message from Machine 0, Queue length: 0, Logical clock: 85
2025-03-05 01:26:09 - Received message from Machine 0, Queue length: 0, Logical clock: 86
2025-03-05 01:26:09 - Sent message to ALL other machines, Logical clock: 87
2025-03-05 01:26:09 - Sent message to ALL other machines, Logical clock: 88
2025-03-05 01:26:09 - Internal event, Logical clock: 89
2025-03-05 01:26:09 - Received message from Machine 0, Queue length: 0, Logical clock: 90
2025-03-05 01:26:10 - Received message from Machine 0, Queue length: 0, Logical clock: 91
2025-03-05 01:26:10 - Received message from Machine 0, Queue length: 0, Logical clock: 92
2025-03-05 01:26:10 - Internal event, Logical clock: 93
2025-03-05 01:26:10 - Sent message to Machine 0, Logical clock: 94
2025-03-05 01:26:10 - Sent message to Machine 0, Logical clock: 95
2025-03-05 01:26:10 - Sent message to Machine 2, Logical clock: 96
2025-03-05 01:26:11 - Received message from Machine 0, Queue length: 0, Logical clock: 97
2025-03-05 01:26:11 - Received message from Machine 0, Queue length: 1, Logical clock: 98
2025-03-05 01:26:11 - Received message from Machine 2, Queue length: 0, Logical clock: 99
2025-03-05 01:26:11 - Received message from Machine 0, Queue length: 0, Logical clock: 100
2025-03-05 01:26:11 - Received message from Machine 0, Queue length: 0, Logical clock: 101
2025-03-05 01:26:11 - Sent message to Machine 0, Logical clock: 102
2025-03-05 01:26:12 - Received message from Machine 2, Queue length: 0, Logical clock: 103
2025-03-05 01:26:12 - Received message from Machine 2, Queue length: 0, Logical clock: 104
2025-03-05 01:26:12 - Internal event, Logical clock: 105
2025-03-05 01:26:12 - Received message from Machine 2, Queue length: 0, Logical clock: 106
2025-03-05 01:26:12 - Received message from Machine 0, Queue length: 0, Logical clock: 107
2025-03-05 01:26:12 - Sent message to Machine 0, Logical clock: 108
2025-03-05 01:26:13 - Sent message to ALL other machines, Logical clock: 109
2025-03-05 01:26:13 - Internal event, Logical clock: 110
2025-03-05 01:26:13 - Internal event, Logical clock: 111
2025-03-05 01:26:13 - Received message from Machine 0, Queue length: 1, Logical clock: 112
2025-03-05 01:26:13 - Received message from Machine 2, Queue length: 2, Logical clock: 113
2025-03-05 01:26:14 - Received message from Machine 0, Queue length: 1, Logical clock: 114
2025-03-05 01:26:14 - Received message from Machine 2, Queue length: 1, Logical clock: 115
2025-03-05 01:26:14 - Received message from Machine 2, Queue length: 0, Logical clock: 116
2025-03-05 01:26:14 - Received message from Machine 0, Queue length: 0, Logical clock: 117
2025-03-05 01:26:14 - Internal event, Logical clock: 118
2025-03-05 01:26:14 - Received message from Machine 0, Queue length: 0, Logical clock: 119
2025-03-05 01:26:15 - Internal event, Logical clock: 120
2025-03-05 01:26:15 - Received message from Machine 2, Queue length: 0, Logical clock: 121
2025-03-05 01:26:15 - Received message from Machine 2, Queue length: 0, Logical clock: 122
2025-03-05 01:26:15 - Received message from Machine 0, Queue length: 0, Logical clock: 123
2025-03-05 01:26:15 - Sent message to Machine 0, Logical clock: 124
2025-03-05 01:26:15 - Received message from Machine 2, Queue length: 0, Logical clock: 125
2025-03-05 01:26:16 - Received message from Machine 0, Queue length: 0, Logical clock: 126
2025-03-05 01:26:16 - Received message from Machine 0, Queue length: 0, Logical clock: 127
2025-03-05 01:26:16 - Sent message to Machine 2, Logical clock: 128
2025-03-05 01:26:16 - Sent message to Machine 0, Logical clock: 129
2025-03-05 01:26:16 - Sent message to ALL other machines, Logical clock: 130
2025-03-05 01:26:16 - Sent message to ALL other machines, Logical clock: 131
2025-03-05 01:26:17 - Internal event, Logical clock: 132
2025-03-05 01:26:17 - Sent message to Machine 2, Logical clock: 133
2025-03-05 01:26:17 - Received message from Machine 0, Queue length: 0, Logical clock: 134
2025-03-05 01:26:17 - Sent message to Machine 2, Logical clock: 135
2025-03-05 01:26:17 - Sent message to Machine 2, Logical clock: 136
2025-03-05 01:26:17 - Received message from Machine 0, Queue length: 0, Logical clock: 137
2025-03-05 01:26:18 - Sent message to Machine 2, Logical clock: 138
2025-03-05 01:26:18 - Received message from Machine 0, Queue length: 0, Logical clock: 139
2025-03-05 01:26:18 - Received message from Machine 0, Queue length: 0, Logical clock: 140
2025-03-05 01:26:18 - Sent message to Machine 0, Logical clock: 141
2025-03-05 01:26:18 - Received message from Machine 2, Queue length: 0, Logical clock: 142
2025-03-05 01:26:18 - Sent message to Machine 2, Logical clock: 143
2025-03-05 01:26:19 - Internal event, Logical clock: 144
2025-03-05 01:26:19 - Received message from Machine 0, Queue length: 0, Logical clock: 145
2025-03-05 01:26:19 - Received message from Machine 0, Queue length: 0, Logical clock: 146
2025-03-05 01:26:19 - Sent message to Machine 2, Logical clock: 147
2025-03-05 01:26:19 - Received message from Machine 0, Queue length: 0, Logical clock: 148
2025-03-05 01:26:19 - Sent message to Machine 0, Logical clock: 149
2025-03-05 01:26:20 - Internal event, Logical clock: 150
2025-03-05 01:26:20 - Sent message to Machine 0, Logical clock: 151
2025-03-05 01:26:20 - Sent message to Machine 2, Logical clock: 152
2025-03-05 01:26:20 - Received message from Machine 0, Queue length: 0, Logical clock: 153
2025-03-05 01:26:20 - Sent message to ALL other machines, Logical clock: 154
2025-03-05 01:26:20 - Sent message to ALL other machines, Logical clock: 155
2025-03-05 01:26:21 - Internal event, Logical clock: 156
2025-03-05 01:26:21 - Received message from Machine 0, Queue length: 0, Logical clock: 157
2025-03-05 01:26:21 - Received message from Machine 2, Queue length: 0, Logical clock: 158
2025-03-05 01:26:21 - Received message from Machine 2, Queue length: 0, Logical clock: 159
2025-03-05 01:26:21 - Internal event, Logical clock: 160
2025-03-05 01:26:22 - Received message from Machine 2, Queue length: 0, Logical clock: 161
2025-03-05 01:26:22 - Received message from Machine 2, Queue length: 0, Logical clock: 162
2025-03-05 01:26:22 - Sent message to Machine 2, Logical clock: 163
2025-03-05 01:26:22 - Sent message to Machine 2, Logical clock: 164
2025-03-05 01:26:22 - Sent message to Machine 0, Logical clock: 165
2025-03-05 01:26:22 - Sent message to Machine 0, Logical clock: 166
2025-03-05 01:26:23 - Received message from Machine 2, Queue length: 0, Logical clock: 167
2025-03-05 01:26:23 - Received message from Machine 2, Queue length: 0, Logical clock: 168
2025-03-05 01:26:23 - Sent message to Machine 0, Logical clock: 169
2025-03-05 01:26:23 - Sent message to Machine 0, Logical clock: 170
2025-03-05 01:26:23 - Received message from Machine 2, Queue length: 0, Logical clock: 171
2025-03-05 01:26:23 - Sent message to Machine 2, Logical clock: 172
2025-03-05 01:26:24 - Sent message to Machine 0, Logical clock: 173
2025-03-05 01:26:24 - Sent message to Machine 2, Logical clock: 174
2025-03-05 01:26:24 - Sent message to Machine 2, Logical clock: 175
2025-03-05 01:26:24 - Internal event, Logical clock: 176
2025-03-05 01:26:24 - Internal event, Logical clock: 177
2025-03-05 01:26:24 - Internal event, Logical clock: 178
2025-03-05 01:26:25 - Sent message to ALL other machines, Logical clock: 179
2025-03-05 01:26:25 - Sent message to Machine 2, Logical clock: 180
2025-03-05 01:26:25 - Sent message to Machine 2, Logical clock: 181
2025-03-05 01:26:25 - Sent message to Machine 2, Logical clock: 182
2025-03-05 01:26:25 - Internal event, Logical clock: 183
2025-03-05 01:26:25 - Sent message to Machine 0, Logical clock: 184
2025-03-05 01:26:26 - Sent message to Machine 0, Logical clock: 185
2025-03-05 01:26:26 - Sent message to Machine 0, Logical clock: 186
2025-03-05 01:26:26 - Sent message to Machine 2, Logical clock: 187
2025-03-05 01:26:26 - Sent message to Machine 2, Logical clock: 188
2025-03-05 01:26:26 - Sent message to Machine 0, Logical clock: 189
2025-03-05 01:26:26 - Sent message to ALL other machines, Logical clock: 190
2025-03-05 01:26:27 - Internal event, Logical clock: 191
2025-03-05 01:26:27 - Sent message to Machine 2, Logical clock: 192
2025-03-05 01:26:27 - Received message from Machine 0, Queue length: 0, Logical clock: 193
2025-03-05 01:26:27 - Received message from Machine 0, Queue length: 0, Logical clock: 194
2025-03-05 01:26:27 - Received message from Machine 0, Queue length: 0, Logical clock: 195
2025-03-05 01:26:27 - Received message from Machine 0, Queue length: 0, Logical clock: 196
2025-03-05 01:26:28 - Internal event, Logical clock: 197
2025-03-05 01:26:28 - Received message from Machine 0, Queue length: 0, Logical clock: 198
2025-03-05 01:26:28 - Internal event, Logical clock: 199
2025-03-05 01:26:28 - Received message from Machine 0, Queue length: 0, Logical clock: 200
2025-03-05 01:26:28 - Sent message to Machine 0, Logical clock: 201
2025-03-05 01:26:29 - Sent message to ALL other machines, Logical clock: 202
2025-03-05 01:26:29 - Sent message to ALL other machines, Logical clock: 203
2025-03-05 01:26:29 - Sent message to Machine 0, Logical clock: 204
2025-03-05 01:26:29 - Sent message to Machine 0, Logical clock: 205
2025-03-05 01:26:29 - Sent message to Machine 0, Logical clock: 206
2025-03-05 01:26:29 - Received message from Machine 2, Queue length: 0, Logical clock: 207
2025-03-05 01:26:30 - Sent message to Machine 0, Logical clock: 208
2025-03-05 01:26:30 - Sent message to Machine 0, Logical clock: 209
2025-03-05 01:26:30 - Received message from Machine 2, Queue length: 0, Logical clock: 210
2025-03-05 01:26:30 - Internal event, Logical clock: 211
2025-03-05 01:26:30 - Sent message to ALL other machines, Logical clock: 212
2025-03-05 01:26:30 - Sent message to Machine 2, Logical clock: 213
2025-03-05 01:26:31 - Sent message to ALL other machines, Logical clock: 214
2025-03-05 01:26:31 - Internal event, Logical clock: 215
2025-03-05 01:26:31 - Sent message to ALL other machines, Logical clock: 216
2025-03-05 01:26:31 - Sent message to Machine 0, Logical clock: 217
2025-03-05 01:26:31 - Sent message to Machine 0, Logical clock: 218
2025-03-05 01:26:31 - Received message from Machine 2, Queue length: 0, Logical clock: 219
2025-03-05 01:26:32 - Sent message to Machine 0, Logical clock: 220
2025-03-05 01:26:32 - Sent message to Machine 0, Logical clock: 221
2025-03-05 01:26:32 - Internal event, Logical clock: 222
2025-03-05 01:26:32 - Received message from Machine 2, Queue length: 0, Logical clock: 223
2025-03-05 01:26:32 - Internal event, Logical clock: 224
2025-03-05 01:26:32 - Received message from Machine 2, Queue length: 0, Logical clock: 225
2025-03-05 01:26:33 - Sent message to ALL other machines, Logical clock: 226
2025-03-05 01:26:33 - Sent message to ALL other machines, Logical clock: 227
2025-03-05 01:26:33 - Sent message to Machine 2, Logical clock: 228
2025-03-05 01:26:33 - Sent message to Machine 0, Logical clock: 229
2025-03-05 01:26:33 - Sent message to Machine 2, Logical clock: 230
2025-03-05 01:26:33 - Sent message to Machine 2, Logical clock: 231
2025-03-05 01:26:34 - Sent message to Machine 2, Logical clock: 232
2025-03-05 01:26:34 - Sent message to Machine 2, Logical clock: 233
2025-03-05 01:26:34 - Received message from Machine 0, Queue length: 0, Logical clock: 234
2025-03-05 01:26:34 - Sent message to Machine 2, Logical clock: 235
2025-03-05 01:26:34 - Internal event, Logical clock: 236
2025-03-05 01:26:34 - Received message from Machine 0, Queue length: 0, Logical clock: 237
2025-03-05 01:26:35 - Received message from Machine 0, Queue length: 0, Logical clock: 238
2025-03-05 01:26:35 - Sent message to Machine 2, Logical clock: 239
2025-03-05 01:26:35 - Received message from Machine 0, Queue length: 0, Logical clock: 240
2025-03-05 01:26:35 - Sent message to Machine 0, Logical clock: 241
2025-03-05 01:26:35 - Internal event, Logical clock: 242
2025-03-05 01:26:35 - Sent message to Machine 0, Logical clock: 243
2025-03-05 01:26:36 - Sent message to Machine 2, Logical clock: 244
2025-03-05 01:26:36 - Sent message to Machine 0, Logical clock: 245
2025-03-05 01:26:36 - Internal event, Logical clock: 246
2025-03-05 01:26:36 - Sent message to Machine 2, Logical clock: 247
2025-03-05 01:26:36 - Sent message to Machine 2, Logical clock: 248
2025-03-05 01:26:36 - Received message from Machine 0, Queue length: 0, Logical clock: 249
2025-03-05 01:26:37 - Received message from Machine 0, Queue length: 0, Logical clock: 250
2025-03-05 01:26:37 - Received message from Machine 0, Queue length: 0, Logical clock: 251
2025-03-05 01:26:37 - Sent message to Machine 0, Logical clock: 252
2025-03-05 01:26:37 - Sent message to Machine 2, Logical clock: 253
2025-03-05 01:26:37 - Sent message to ALL other machines, Logical clock: 254
2025-03-05 01:26:38 - Sent message to Machine 2, Logical clock: 255
2025-03-05 01:26:38 - Received message from Machine 0, Queue length: 0, Logical clock: 256
2025-03-05 01:26:38 - Received message from Machine 0, Queue length: 0, Logical clock: 257
2025-03-05 01:26:38 - Sent message to ALL other machines, Logical clock: 258
2025-03-05 01:26:38 - Sent message to Machine 2, Logical clock: 259
2025-03-05 01:26:38 - Internal event, Logical clock: 260
2025-03-05 01:26:39 - Received message from Machine 0, Queue length: 0, Logical clock: 261
2025-03-05 01:26:39 - Sent message to Machine 2, Logical clock: 262
2025-03-05 01:26:39 - Sent message to Machine 0, Logical clock: 263
2025-03-05 01:26:39 - Internal event, Logical clock: 264
2025-03-05 01:26:39 - Internal event, Logical clock: 265
2025-03-05 01:26:39 - Internal event, Logical clock: 266
2025-03-05 01:26:40 - Received message from Machine 0, Queue length: 0, Logical clock: 267
2025-03-05 01:26:40 - Received message from Machine 0, Queue length: 1, Logical clock: 268
2025-03-05 01:26:40 - Received message from Machine 2, Queue length: 0, Logical clock: 269
2025-03-05 01:26:40 - Internal event, Logical clock: 270
2025-03-05 01:26:40 - Sent message to Machine 0, Logical clock: 271
2025-03-05 01:26:40 - Internal event, Logical clock: 272
2025-03-05 01:26:41 - Sent message to ALL other machines, Logical clock: 273
2025-03-05 01:26:41 - Sent message to ALL other machines, Logical clock: 274
2025-03-05 01:26:41 - Sent message to Machine 0, Logical clock: 275
2025-03-05 01:26:41 - Sent message to Machine 0, Logical clock: 276
2025-03-05 01:26:41 - Sent message to Machine 2, Logical clock: 277
2025-03-05 01:26:41 - Sent message to ALL other machines, Logical clock: 278
2025-03-05 01:26:42 - Sent message to Machine 0, Logical clock: 279
2025-03-05 01:26:42 - Internal event, Logical clock: 280
2025-03-05 01:26:42 - Sent message to Machine 2, Logical clock: 281
2025-03-05 01:26:42 - Sent message to ALL other machines, Logical clock: 282
2025-03-05 01:26:42 - Sent message to ALL other machines, Logical clock: 283
2025-03-05 01:26:42 - Sent message to ALL other machines, Logical clock: 284
2025-03-05 01:26:43 - Internal event, Logical clock: 285
2025-03-05 01:26:43 - Sent message to ALL other machines, Logical clock: 286
2025-03-05 01:26:43 - Sent message to Machine 0, Logical clock: 287
2025-03-05 01:26:43 - Sent message to Machine 2, Logical clock: 288
2025-03-05 01:26:43 - Internal event, Logical clock: 289
2025-03-05 01:26:43 - Sent message to Machine 0, Logical clock: 290
2025-03-05 01:26:44 - Sent message to ALL other machines, Logical clock: 291
2025-03-05 01:26:44 - Internal event, Logical clock: 292
2025-03-05 01:26:44 - Internal event, Logical clock: 293
2025-03-05 01:26:44 - Sent message to ALL other machines, Logical clock: 294
2025-03-05 01:26:44 - Sent message to Machine 0, Logical clock: 295
2025-03-05 01:26:45 - Internal event, Logical clock: 296
2025-03-05 01:26:45 - Sent message to Machine 2, Logical clock: 297
2025-03-05 01:26:45 - Received message from Machine 0, Queue length: 0, Logical clock: 298
2025-03-05 01:26:45 - Received message from Machine 0, Queue length: 0, Logical clock: 299
2025-03-05 01:26:45 - Sent message to Machine 0, Logical clock: 300
2025-03-05 01:26:45 - Received message from Machine 2, Queue length: 0, Logical clock: 301
2025-03-05 01:26:46 - Sent message to Machine 2, Logical clock: 302
2025-03-05 01:26:46 - Received message from Machine 0, Queue length: 0, Logical clock: 303
2025-03-05 01:26:46 - Sent message to Machine 0, Logical clock: 304
2025-03-05 01:26:46 - Sent message to ALL other machines, Logical clock: 305
2025-03-05 01:26:46 - Sent message to ALL other machines, Logical clock: 306
2025-03-05 01:26:46 - Sent message to Machine 0, Logical clock: 307
2025-03-05 01:26:47 - Sent message to Machine 2, Logical clock: 308
2025-03-05 01:26:47 - Sent message to Machine 2, Logical clock: 309
2025-03-05 01:26:47 - Received message from Machine 0, Queue length: 0, Logical clock: 310
2025-03-05 01:26:47 - Internal event, Logical clock: 311
2025-03-05 01:26:47 - Received message from Machine 0, Queue length: 0, Logical clock: 312
2025-03-05 01:26:47 - Sent message to Machine 2, Logical clock: 313
2025-03-05 01:26:48 - Received message from Machine 0, Queue length: 0, Logical clock: 314
2025-03-05 01:26:48 - Received message from Machine 0, Queue length: 0, Logical clock: 315
2025-03-05 01:26:48 - Received message from Machine 0, Queue length: 0, Logical clock: 316
2025-03-05 01:26:48 - Received message from Machine 0, Queue length: 0, Logical clock: 317
2025-03-05 01:26:48 - Sent message to ALL other machines, Logical clock: 318
2025-03-05 01:26:48 - Sent message to Machine 0, Logical clock: 319
2025-03-05 01:26:49 - Sent message to Machine 0, Logical clock: 320
2025-03-05 01:26:49 - Sent message to Machine 0, Logical clock: 321
2025-03-05 01:26:49 - Internal event, Logical clock: 322
2025-03-05 01:26:49 - Sent message to Machine 2, Logical clock: 323
2025-03-05 01:26:49 - Sent message to Machine 0, Logical clock: 324
2025-03-05 01:26:49 - Internal event, Logical clock: 325
2025-03-05 01:26:50 - Sent message to ALL other machines, Logical clock: 326
2025-03-05 01:26:50 - Sent message to Machine 0, Logical clock: 327
2025-03-05 01:26:50 - Sent message to Machine 0, Logical clock: 328
2025-03-05 01:26:50 - Received message from Machine 2, Queue length: 0, Logical clock: 329
2025-03-05 01:26:50 - Sent message to Machine 0, Logical clock: 330
2025-03-05 01:26:50 - Sent message to ALL other machines, Logical clock: 331
2025-03-05 01:26:51 - Sent message to Machine 0, Logical clock: 332
2025-03-05 01:26:51 - Sent message to ALL other machines, Logical clock: 333
2025-03-05 01:26:51 - Internal event, Logical clock: 334
2025-03-05 01:26:51 - Sent message to Machine 2, Logical clock: 335
2025-03-05 01:26:51 - Received message from Machine 0, Queue length: 0, Logical clock: 336
2025-03-05 01:26:51 - Sent message to ALL other machines, Logical clock: 337
2025-03-05 01:26:52 - Received message from Machine 0, Queue length: 0, Logical clock: 338
2025-03-05 01:26:52 - Internal event, Logical clock: 339
2025-03-05 01:26:52 - Sent message to Machine 2, Logical clock: 340
2025-03-05 01:26:52 - Received message from Machine 0, Queue length: 0, Logical clock: 341
