2025-02-28 13:47:53 - Machine initialized with clock rate: 5 ticks/second
2025-02-28 13:47:55 - Sent message to Machine 1, Logical clock: 1
2025-02-28 13:47:56 - Received message from Machine 0, Queue length: 0, Logical clock: 2
2025-02-28 13:47:56 - Sent message to Machine 1, Logical clock: 3
2025-02-28 13:47:56 - Sent message to Machine 1, Logical clock: 4
2025-02-28 13:47:56 - Received message from Machine 0, Queue length: 0, Logical clock: 6
2025-02-28 13:47:56 - Sent message to Machine 1, Logical clock: 7
2025-02-28 13:47:57 - Sent message to Machine 0, Logical clock: 8
2025-02-28 13:47:57 - Internal event, Logical clock: 9
2025-02-28 13:47:57 - Internal event, Logical clock: 10
2025-02-28 13:47:57 - Internal event, Logical clock: 11
2025-02-28 13:47:57 - Received message from Machine 0, Queue length: 0, Logical clock: 13
2025-02-28 13:47:58 - Received message from Machine 0, Queue length: 0, Logical clock: 14
2025-02-28 13:47:58 - Internal event, Logical clock: 15
2025-02-28 13:47:58 - Received message from Machine 0, Queue length: 0, Logical clock: 17
2025-02-28 13:47:58 - Internal event, Logical clock: 18
2025-02-28 13:47:58 - Sent message to Machine 0, Logical clock: 19
2025-02-28 13:47:59 - Sent message to Machine 0, Logical clock: 20
2025-02-28 13:47:59 - Sent message to Machine 1, Logical clock: 21
2025-02-28 13:47:59 - Internal event, Logical clock: 22
2025-02-28 13:47:59 - Internal event, Logical clock: 23
2025-02-28 13:47:59 - Internal event, Logical clock: 24
2025-02-28 13:48:00 - Received message from Machine 0, Queue length: 0, Logical clock: 27
2025-02-28 13:48:00 - Internal event, Logical clock: 28
2025-02-28 13:48:00 - Sent message to ALL other machines, Logical clock: 29
2025-02-28 13:48:00 - Internal event, Logical clock: 30
2025-02-28 13:48:00 - Sent message to Machine 0, Logical clock: 31
2025-02-28 13:48:01 - Sent message to ALL other machines, Logical clock: 32
2025-02-28 13:48:01 - Internal event, Logical clock: 33
2025-02-28 13:48:01 - Received message from Machine 0, Queue length: 0, Logical clock: 36
2025-02-28 13:48:01 - Internal event, Logical clock: 37
2025-02-28 13:48:02 - Received message from Machine 0, Queue length: 0, Logical clock: 38
2025-02-28 13:48:02 - Internal event, Logical clock: 39
2025-02-28 13:48:02 - Sent message to ALL other machines, Logical clock: 40
2025-02-28 13:48:02 - Internal event, Logical clock: 41
2025-02-28 13:48:02 - Internal event, Logical clock: 42
2025-02-28 13:48:03 - Internal event, Logical clock: 43
2025-02-28 13:48:03 - Internal event, Logical clock: 44
2025-02-28 13:48:03 - Internal event, Logical clock: 45
2025-02-28 13:48:03 - Internal event, Logical clock: 46
2025-02-28 13:48:03 - Sent message to Machine 1, Logical clock: 47
2025-02-28 13:48:04 - Sent message to ALL other machines, Logical clock: 48
2025-02-28 13:48:04 - Internal event, Logical clock: 49
2025-02-28 13:48:04 - Internal event, Logical clock: 50
2025-02-28 13:48:04 - Sent message to Machine 0, Logical clock: 51
2025-02-28 13:48:04 - Internal event, Logical clock: 52
2025-02-28 13:48:05 - Internal event, Logical clock: 53
2025-02-28 13:48:05 - Internal event, Logical clock: 54
2025-02-28 13:48:05 - Received message from Machine 0, Queue length: 1, Logical clock: 58
2025-02-28 13:48:05 - Received message from Machine 0, Queue length: 0, Logical clock: 59
2025-02-28 13:48:05 - Internal event, Logical clock: 60
2025-02-28 13:48:06 - Received message from Machine 0, Queue length: 0, Logical clock: 62
2025-02-28 13:48:06 - Sent message to Machine 1, Logical clock: 63
2025-02-28 13:48:06 - Received message from Machine 0, Queue length: 0, Logical clock: 65
2025-02-28 13:48:06 - Sent message to Machine 1, Logical clock: 66
2025-02-28 13:48:06 - Sent message to ALL other machines, Logical clock: 67
2025-02-28 13:48:07 - Internal event, Logical clock: 68
2025-02-28 13:48:07 - Internal event, Logical clock: 69
2025-02-28 13:48:07 - Internal event, Logical clock: 70
2025-02-28 13:48:07 - Internal event, Logical clock: 71
2025-02-28 13:48:07 - Internal event, Logical clock: 72
2025-02-28 13:48:08 - Internal event, Logical clock: 73
2025-02-28 13:48:08 - Internal event, Logical clock: 74
2025-02-28 13:48:08 - Internal event, Logical clock: 75
2025-02-28 13:48:08 - Received message from Machine 0, Queue length: 0, Logical clock: 79
2025-02-28 13:48:08 - Internal event, Logical clock: 80
2025-02-28 13:48:09 - Internal event, Logical clock: 81
2025-02-28 13:48:09 - Internal event, Logical clock: 82
2025-02-28 13:48:09 - Internal event, Logical clock: 83
2025-02-28 13:48:09 - Internal event, Logical clock: 84
2025-02-28 13:48:09 - Internal event, Logical clock: 85
2025-02-28 13:48:10 - Received message from Machine 0, Queue length: 0, Logical clock: 87
2025-02-28 13:48:10 - Received message from Machine 0, Queue length: 0, Logical clock: 88
2025-02-28 13:48:10 - Internal event, Logical clock: 89
2025-02-28 13:48:10 - Internal event, Logical clock: 90
2025-02-28 13:48:10 - Internal event, Logical clock: 91
2025-02-28 13:48:11 - Internal event, Logical clock: 92
2025-02-28 13:48:11 - Internal event, Logical clock: 93
2025-02-28 13:48:11 - Sent message to ALL other machines, Logical clock: 94
2025-02-28 13:48:11 - Received message from Machine 0, Queue length: 0, Logical clock: 97
2025-02-28 13:48:11 - Sent message to Machine 0, Logical clock: 98
2025-02-28 13:48:12 - Internal event, Logical clock: 99
2025-02-28 13:48:12 - Sent message to ALL other machines, Logical clock: 100
2025-02-28 13:48:12 - Internal event, Logical clock: 101
2025-02-28 13:48:12 - Internal event, Logical clock: 102
2025-02-28 13:48:13 - Sent message to Machine 0, Logical clock: 103
2025-02-28 13:48:13 - Internal event, Logical clock: 104
2025-02-28 13:48:13 - Internal event, Logical clock: 105
2025-02-28 13:48:13 - Received message from Machine 1, Queue length: 0, Logical clock: 106
2025-02-28 13:48:13 - Received message from Machine 0, Queue length: 0, Logical clock: 110
2025-02-28 13:48:14 - Received message from Machine 0, Queue length: 0, Logical clock: 111
2025-02-28 13:48:14 - Internal event, Logical clock: 112
2025-02-28 13:48:14 - Sent message to Machine 1, Logical clock: 113
2025-02-28 13:48:14 - Received message from Machine 0, Queue length: 0, Logical clock: 114
2025-02-28 13:48:14 - Internal event, Logical clock: 115
2025-02-28 13:48:15 - Internal event, Logical clock: 116
2025-02-28 13:48:15 - Internal event, Logical clock: 117
2025-02-28 13:48:15 - Internal event, Logical clock: 118
2025-02-28 13:48:15 - Internal event, Logical clock: 119
2025-02-28 13:48:15 - Received message from Machine 0, Queue length: 0, Logical clock: 122
2025-02-28 13:48:16 - Internal event, Logical clock: 123
2025-02-28 13:48:16 - Sent message to Machine 0, Logical clock: 124
2025-02-28 13:48:16 - Internal event, Logical clock: 125
2025-02-28 13:48:16 - Sent message to ALL other machines, Logical clock: 126
2025-02-28 13:48:16 - Internal event, Logical clock: 127
2025-02-28 13:48:17 - Sent message to ALL other machines, Logical clock: 128
2025-02-28 13:48:17 - Sent message to Machine 1, Logical clock: 129
2025-02-28 13:48:17 - Internal event, Logical clock: 130
2025-02-28 13:48:17 - Sent message to Machine 1, Logical clock: 131
2025-02-28 13:48:17 - Received message from Machine 0, Queue length: 0, Logical clock: 134
2025-02-28 13:48:18 - Internal event, Logical clock: 135
2025-02-28 13:48:18 - Internal event, Logical clock: 136
2025-02-28 13:48:18 - Internal event, Logical clock: 137
2025-02-28 13:48:18 - Internal event, Logical clock: 138
2025-02-28 13:48:18 - Sent message to ALL other machines, Logical clock: 139
2025-02-28 13:48:19 - Internal event, Logical clock: 140
2025-02-28 13:48:19 - Internal event, Logical clock: 141
2025-02-28 13:48:19 - Received message from Machine 0, Queue length: 0, Logical clock: 144
2025-02-28 13:48:19 - Internal event, Logical clock: 145
2025-02-28 13:48:19 - Sent message to Machine 0, Logical clock: 146
2025-02-28 13:48:20 - Internal event, Logical clock: 147
2025-02-28 13:48:20 - Internal event, Logical clock: 148
2025-02-28 13:48:20 - Internal event, Logical clock: 149
2025-02-28 13:48:20 - Internal event, Logical clock: 150
2025-02-28 13:48:20 - Internal event, Logical clock: 151
2025-02-28 13:48:21 - Internal event, Logical clock: 152
2025-02-28 13:48:21 - Internal event, Logical clock: 153
2025-02-28 13:48:21 - Internal event, Logical clock: 154
2025-02-28 13:48:21 - Received message from Machine 1, Queue length: 0, Logical clock: 155
2025-02-28 13:48:21 - Internal event, Logical clock: 156
2025-02-28 13:48:22 - Sent message to Machine 0, Logical clock: 157
2025-02-28 13:48:22 - Internal event, Logical clock: 158
2025-02-28 13:48:22 - Sent message to ALL other machines, Logical clock: 159
2025-02-28 13:48:22 - Internal event, Logical clock: 160
2025-02-28 13:48:23 - Internal event, Logical clock: 161
2025-02-28 13:48:23 - Internal event, Logical clock: 162
2025-02-28 13:48:23 - Received message from Machine 0, Queue length: 0, Logical clock: 167
2025-02-28 13:48:23 - Received message from Machine 0, Queue length: 0, Logical clock: 169
2025-02-28 13:48:23 - Internal event, Logical clock: 170
2025-02-28 13:48:24 - Sent message to Machine 1, Logical clock: 171
2025-02-28 13:48:24 - Internal event, Logical clock: 172
2025-02-28 13:48:24 - Sent message to Machine 1, Logical clock: 173
2025-02-28 13:48:24 - Received message from Machine 0, Queue length: 0, Logical clock: 175
2025-02-28 13:48:24 - Internal event, Logical clock: 176
2025-02-28 13:48:25 - Received message from Machine 0, Queue length: 0, Logical clock: 177
2025-02-28 13:48:25 - Internal event, Logical clock: 178
2025-02-28 13:48:25 - Received message from Machine 0, Queue length: 1, Logical clock: 179
2025-02-28 13:48:25 - Received message from Machine 0, Queue length: 0, Logical clock: 180
2025-02-28 13:48:25 - Internal event, Logical clock: 181
2025-02-28 13:48:26 - Internal event, Logical clock: 182
2025-02-28 13:48:26 - Internal event, Logical clock: 183
2025-02-28 13:48:26 - Internal event, Logical clock: 184
2025-02-28 13:48:26 - Received message from Machine 0, Queue length: 0, Logical clock: 187
2025-02-28 13:48:26 - Internal event, Logical clock: 188
2025-02-28 13:48:27 - Sent message to Machine 0, Logical clock: 189
2025-02-28 13:48:27 - Received message from Machine 1, Queue length: 0, Logical clock: 190
2025-02-28 13:48:27 - Sent message to Machine 0, Logical clock: 191
2025-02-28 13:48:27 - Received message from Machine 1, Queue length: 0, Logical clock: 192
2025-02-28 13:48:27 - Sent message to ALL other machines, Logical clock: 193
2025-02-28 13:48:28 - Internal event, Logical clock: 194
2025-02-28 13:48:28 - Sent message to ALL other machines, Logical clock: 195
2025-02-28 13:48:28 - Internal event, Logical clock: 196
2025-02-28 13:48:28 - Internal event, Logical clock: 197
2025-02-28 13:48:28 - Internal event, Logical clock: 198
2025-02-28 13:48:29 - Internal event, Logical clock: 199
2025-02-28 13:48:29 - Internal event, Logical clock: 200
2025-02-28 13:48:29 - Internal event, Logical clock: 201
2025-02-28 13:48:29 - Internal event, Logical clock: 202
2025-02-28 13:48:29 - Internal event, Logical clock: 203
2025-02-28 13:48:30 - Internal event, Logical clock: 204
2025-02-28 13:48:30 - Received message from Machine 0, Queue length: 0, Logical clock: 209
2025-02-28 13:48:30 - Internal event, Logical clock: 210
2025-02-28 13:48:30 - Internal event, Logical clock: 211
2025-02-28 13:48:30 - Received message from Machine 0, Queue length: 0, Logical clock: 213
2025-02-28 13:48:31 - Received message from Machine 0, Queue length: 0, Logical clock: 214
2025-02-28 13:48:31 - Sent message to Machine 1, Logical clock: 215
2025-02-28 13:48:31 - Internal event, Logical clock: 216
2025-02-28 13:48:31 - Received message from Machine 0, Queue length: 0, Logical clock: 217
2025-02-28 13:48:31 - Sent message to Machine 1, Logical clock: 218
2025-02-28 13:48:32 - Internal event, Logical clock: 219
2025-02-28 13:48:32 - Sent message to ALL other machines, Logical clock: 220
2025-02-28 13:48:32 - Sent message to Machine 1, Logical clock: 221
2025-02-28 13:48:32 - Sent message to Machine 1, Logical clock: 222
2025-02-28 13:48:32 - Internal event, Logical clock: 223
2025-02-28 13:48:33 - Received message from Machine 0, Queue length: 0, Logical clock: 226
2025-02-28 13:48:33 - Received message from Machine 0, Queue length: 0, Logical clock: 227
2025-02-28 13:48:33 - Sent message to Machine 0, Logical clock: 228
2025-02-28 13:48:33 - Internal event, Logical clock: 229
2025-02-28 13:48:34 - Internal event, Logical clock: 230
2025-02-28 13:48:34 - Internal event, Logical clock: 231
2025-02-28 13:48:34 - Received message from Machine 0, Queue length: 0, Logical clock: 234
2025-02-28 13:48:34 - Sent message to Machine 1, Logical clock: 235
2025-02-28 13:48:34 - Internal event, Logical clock: 236
2025-02-28 13:48:35 - Sent message to ALL other machines, Logical clock: 237
2025-02-28 13:48:35 - Internal event, Logical clock: 238
2025-02-28 13:48:35 - Internal event, Logical clock: 239
2025-02-28 13:48:35 - Received message from Machine 0, Queue length: 0, Logical clock: 241
2025-02-28 13:48:35 - Internal event, Logical clock: 242
2025-02-28 13:48:36 - Internal event, Logical clock: 243
2025-02-28 13:48:36 - Internal event, Logical clock: 244
2025-02-28 13:48:36 - Internal event, Logical clock: 245
2025-02-28 13:48:36 - Internal event, Logical clock: 246
2025-02-28 13:48:36 - Internal event, Logical clock: 247
2025-02-28 13:48:37 - Internal event, Logical clock: 248
2025-02-28 13:48:37 - Received message from Machine 0, Queue length: 0, Logical clock: 251
2025-02-28 13:48:37 - Internal event, Logical clock: 252
2025-02-28 13:48:37 - Internal event, Logical clock: 253
2025-02-28 13:48:37 - Internal event, Logical clock: 254
2025-02-28 13:48:38 - Received message from Machine 0, Queue length: 0, Logical clock: 255
2025-02-28 13:48:38 - Internal event, Logical clock: 256
2025-02-28 13:48:38 - Internal event, Logical clock: 257
2025-02-28 13:48:38 - Sent message to Machine 0, Logical clock: 258
2025-02-28 13:48:38 - Internal event, Logical clock: 259
2025-02-28 13:48:39 - Received message from Machine 0, Queue length: 0, Logical clock: 261
2025-02-28 13:48:39 - Internal event, Logical clock: 262
2025-02-28 13:48:39 - Internal event, Logical clock: 263
2025-02-28 13:48:39 - Received message from Machine 0, Queue length: 0, Logical clock: 265
2025-02-28 13:48:39 - Internal event, Logical clock: 266
2025-02-28 13:48:40 - Received message from Machine 0, Queue length: 0, Logical clock: 267
2025-02-28 13:48:40 - Internal event, Logical clock: 268
2025-02-28 13:48:40 - Received message from Machine 0, Queue length: 0, Logical clock: 270
2025-02-28 13:48:40 - Sent message to ALL other machines, Logical clock: 271
2025-02-28 13:48:40 - Sent message to ALL other machines, Logical clock: 272
2025-02-28 13:48:41 - Internal event, Logical clock: 273
2025-02-28 13:48:41 - Internal event, Logical clock: 274
2025-02-28 13:48:41 - Internal event, Logical clock: 275
2025-02-28 13:48:41 - Internal event, Logical clock: 276
2025-02-28 13:48:41 - Sent message to Machine 0, Logical clock: 277
2025-02-28 13:48:42 - Internal event, Logical clock: 278
2025-02-28 13:48:42 - Internal event, Logical clock: 279
2025-02-28 13:48:42 - Internal event, Logical clock: 280
2025-02-28 13:48:42 - Internal event, Logical clock: 281
2025-02-28 13:48:43 - Sent message to ALL other machines, Logical clock: 282
2025-02-28 13:48:43 - Internal event, Logical clock: 283
2025-02-28 13:48:43 - Internal event, Logical clock: 284
2025-02-28 13:48:43 - Internal event, Logical clock: 285
2025-02-28 13:48:43 - Internal event, Logical clock: 286
2025-02-28 13:48:44 - Internal event, Logical clock: 287
2025-02-28 13:48:44 - Internal event, Logical clock: 288
2025-02-28 13:48:44 - Internal event, Logical clock: 289
2025-02-28 13:48:44 - Internal event, Logical clock: 290
2025-02-28 13:48:44 - Received message from Machine 0, Queue length: 0, Logical clock: 296
2025-02-28 13:48:45 - Internal event, Logical clock: 297
2025-02-28 13:48:45 - Received message from Machine 0, Queue length: 0, Logical clock: 298
2025-02-28 13:48:45 - Internal event, Logical clock: 299
2025-02-28 13:48:45 - Internal event, Logical clock: 300
2025-02-28 13:48:45 - Internal event, Logical clock: 301
2025-02-28 13:48:46 - Internal event, Logical clock: 302
2025-02-28 13:48:46 - Sent message to ALL other machines, Logical clock: 303
2025-02-28 13:48:46 - Sent message to ALL other machines, Logical clock: 304
2025-02-28 13:48:46 - Internal event, Logical clock: 305
2025-02-28 13:48:46 - Sent message to ALL other machines, Logical clock: 306
2025-02-28 13:48:47 - Internal event, Logical clock: 307
2025-02-28 13:48:47 - Sent message to Machine 0, Logical clock: 308
2025-02-28 13:48:47 - Internal event, Logical clock: 309
2025-02-28 13:48:47 - Received message from Machine 0, Queue length: 0, Logical clock: 313
2025-02-28 13:48:47 - Internal event, Logical clock: 314
2025-02-28 13:48:48 - Internal event, Logical clock: 315
2025-02-28 13:48:48 - Received message from Machine 0, Queue length: 0, Logical clock: 316
2025-02-28 13:48:48 - Sent message to Machine 0, Logical clock: 317
2025-02-28 13:48:48 - Internal event, Logical clock: 318
2025-02-28 13:48:48 - Internal event, Logical clock: 319
2025-02-28 13:48:49 - Internal event, Logical clock: 320
2025-02-28 13:48:49 - Received message from Machine 0, Queue length: 0, Logical clock: 322
2025-02-28 13:48:49 - Received message from Machine 0, Queue length: 0, Logical clock: 323
2025-02-28 13:48:49 - Internal event, Logical clock: 324
2025-02-28 13:48:49 - Received message from Machine 0, Queue length: 0, Logical clock: 326
2025-02-28 13:48:50 - Internal event, Logical clock: 327
2025-02-28 13:48:50 - Internal event, Logical clock: 328
2025-02-28 13:48:50 - Internal event, Logical clock: 329
2025-02-28 13:48:50 - Received message from Machine 0, Queue length: 0, Logical clock: 330
2025-02-28 13:48:50 - Internal event, Logical clock: 331
2025-02-28 13:48:51 - Sent message to Machine 0, Logical clock: 332
2025-02-28 13:48:51 - Internal event, Logical clock: 333
2025-02-28 13:48:51 - Sent message to ALL other machines, Logical clock: 334
2025-02-28 13:48:51 - Received message from Machine 0, Queue length: 0, Logical clock: 337
2025-02-28 13:48:51 - Internal event, Logical clock: 338
2025-02-28 13:48:52 - Internal event, Logical clock: 339
2025-02-28 13:48:52 - Internal event, Logical clock: 340
2025-02-28 13:48:52 - Internal event, Logical clock: 341
2025-02-28 13:48:52 - Sent message to Machine 1, Logical clock: 342
2025-02-28 13:48:52 - Internal event, Logical clock: 343
2025-02-28 13:48:53 - Received message from Machine 0, Queue length: 0, Logical clock: 345
2025-02-28 13:48:53 - Internal event, Logical clock: 346
2025-02-28 13:48:53 - Internal event, Logical clock: 347
2025-02-28 13:48:53 - Internal event, Logical clock: 348
