2025-03-05 00:55:24 - Machine initialized with clock rate: 1 ticks/second
2025-03-05 00:55:26 - Sent message to Machine 2, Logical clock: 1
2025-03-05 00:55:27 - Received message from Machine 1, Queue length: 0, Logical clock: 2
2025-03-05 00:55:28 - Internal event, Logical clock: 3
2025-03-05 00:55:29 - Internal event, Logical clock: 4
2025-03-05 00:55:30 - Received message from Machine 1, Queue length: 0, Logical clock: 8
2025-03-05 00:55:31 - Received message from Machine 2, Queue length: 1, Logical clock: 9
2025-03-05 00:55:32 - Received message from Machine 2, Queue length: 1, Logical clock: 10
2025-03-05 00:55:33 - Received message from Machine 2, Queue length: 3, Logical clock: 11
2025-03-05 00:55:34 - Received message from Machine 2, Queue length: 3, Logical clock: 13
2025-03-05 00:55:35 - Received message from Machine 1, Queue length: 2, Logical clock: 14
2025-03-05 00:55:36 - Received message from Machine 1, Queue length: 1, Logical clock: 15
2025-03-05 00:55:37 - Received message from Machine 1, Queue length: 1, Logical clock: 16
2025-03-05 00:55:38 - Received message from Machine 1, Queue length: 0, Logical clock: 22
2025-03-05 00:55:39 - Sent message to Machine 2, Logical clock: 23
2025-03-05 00:55:40 - Received message from Machine 1, Queue length: 0, Logical clock: 27
2025-03-05 00:55:41 - Internal event, Logical clock: 28
2025-03-05 00:55:42 - Internal event, Logical clock: 29
2025-03-05 00:55:43 - Received message from Machine 2, Queue length: 1, Logical clock: 33
2025-03-05 00:55:44 - Received message from Machine 2, Queue length: 0, Logical clock: 34
2025-03-05 00:55:45 - Internal event, Logical clock: 35
2025-03-05 00:55:46 - Internal event, Logical clock: 36
2025-03-05 00:55:47 - Internal event, Logical clock: 37
2025-03-05 00:55:48 - Received message from Machine 2, Queue length: 0, Logical clock: 43
2025-03-05 00:55:49 - Received message from Machine 1, Queue length: 1, Logical clock: 45
2025-03-05 00:55:50 - Received message from Machine 2, Queue length: 0, Logical clock: 46
2025-03-05 00:55:51 - Internal event, Logical clock: 47
2025-03-05 00:55:52 - Internal event, Logical clock: 48
2025-03-05 00:55:53 - Received message from Machine 1, Queue length: 0, Logical clock: 53
2025-03-05 00:55:54 - Internal event, Logical clock: 54
2025-03-05 00:55:55 - Received message from Machine 1, Queue length: 0, Logical clock: 57
2025-03-05 00:55:56 - Internal event, Logical clock: 58
2025-03-05 00:55:57 - Internal event, Logical clock: 59
2025-03-05 00:55:58 - Received message from Machine 2, Queue length: 0, Logical clock: 64
2025-03-05 00:55:59 - Internal event, Logical clock: 65
2025-03-05 00:56:00 - Internal event, Logical clock: 66
2025-03-05 00:56:01 - Internal event, Logical clock: 67
2025-03-05 00:56:02 - Received message from Machine 2, Queue length: 0, Logical clock: 71
2025-03-05 00:56:03 - Sent message to Machine 1, Logical clock: 72
2025-03-05 00:56:04 - Received message from Machine 2, Queue length: 1, Logical clock: 76
2025-03-05 00:56:05 - Received message from Machine 1, Queue length: 0, Logical clock: 77
2025-03-05 00:56:06 - Internal event, Logical clock: 78
2025-03-05 00:56:07 - Internal event, Logical clock: 79
2025-03-05 00:56:08 - Internal event, Logical clock: 80
2025-03-05 00:56:09 - Internal event, Logical clock: 81
2025-03-05 00:56:10 - Sent message to Machine 2, Logical clock: 82
2025-03-05 00:56:11 - Received message from Machine 1, Queue length: 0, Logical clock: 90
2025-03-05 00:56:12 - Received message from Machine 1, Queue length: 1, Logical clock: 91
2025-03-05 00:56:13 - Received message from Machine 1, Queue length: 1, Logical clock: 92
2025-03-05 00:56:14 - Received message from Machine 1, Queue length: 1, Logical clock: 93
2025-03-05 00:56:15 - Received message from Machine 1, Queue length: 1, Logical clock: 95
2025-03-05 00:56:16 - Received message from Machine 1, Queue length: 0, Logical clock: 97
2025-03-05 00:56:17 - Received message from Machine 2, Queue length: 0, Logical clock: 102
2025-03-05 00:56:18 - Sent message to ALL other machines, Logical clock: 103
2025-03-05 00:56:19 - Received message from Machine 1, Queue length: 0, Logical clock: 106
2025-03-05 00:56:20 - Internal event, Logical clock: 107
2025-03-05 00:56:21 - Received message from Machine 2, Queue length: 1, Logical clock: 109
2025-03-05 00:56:22 - Received message from Machine 2, Queue length: 0, Logical clock: 110
2025-03-05 00:56:23 - Internal event, Logical clock: 111
