2025-03-05 00:55:24 - Machine initialized with clock rate: 2 ticks/second
2025-03-05 00:55:26 - Internal event, Logical clock: 1
2025-03-05 00:55:27 - Received message from Machine 0, Queue length: 0, Logical clock: 2
2025-03-05 00:55:27 - Received message from Machine 1, Queue length: 0, Logical clock: 3
2025-03-05 00:55:28 - Internal event, Logical clock: 4
2025-03-05 00:55:28 - Internal event, Logical clock: 5
2025-03-05 00:55:29 - Internal event, Logical clock: 6
2025-03-05 00:55:29 - Internal event, Logical clock: 7
2025-03-05 00:55:30 - Internal event, Logical clock: 8
2025-03-05 00:55:30 - Sent message to ALL other machines, Logical clock: 9
2025-03-05 00:55:31 - Sent message to Machine 0, Logical clock: 10
2025-03-05 00:55:31 - Sent message to Machine 0, Logical clock: 11
2025-03-05 00:55:32 - Received message from Machine 1, Queue length: 0, Logical clock: 12
2025-03-05 00:55:32 - Sent message to Machine 0, Logical clock: 13
2025-03-05 00:55:33 - Received message from Machine 1, Queue length: 0, Logical clock: 14
2025-03-05 00:55:33 - Received message from Machine 1, Queue length: 0, Logical clock: 15
2025-03-05 00:55:34 - Internal event, Logical clock: 16
2025-03-05 00:55:34 - Received message from Machine 1, Queue length: 0, Logical clock: 17
2025-03-05 00:55:35 - Received message from Machine 1, Queue length: 0, Logical clock: 18
2025-03-05 00:55:35 - Internal event, Logical clock: 19
2025-03-05 00:55:36 - Internal event, Logical clock: 20
2025-03-05 00:55:36 - Internal event, Logical clock: 21
2025-03-05 00:55:37 - Internal event, Logical clock: 22
2025-03-05 00:55:37 - Internal event, Logical clock: 23
2025-03-05 00:55:38 - Sent message to Machine 1, Logical clock: 24
2025-03-05 00:55:38 - Internal event, Logical clock: 25
2025-03-05 00:55:39 - Internal event, Logical clock: 26
2025-03-05 00:55:39 - Received message from Machine 0, Queue length: 0, Logical clock: 27
2025-03-05 00:55:40 - Internal event, Logical clock: 28
2025-03-05 00:55:40 - Internal event, Logical clock: 29
2025-03-05 00:55:41 - Internal event, Logical clock: 30
2025-03-05 00:55:41 - Internal event, Logical clock: 31
2025-03-05 00:55:42 - Internal event, Logical clock: 32
2025-03-05 00:55:42 - Sent message to ALL other machines, Logical clock: 33
2025-03-05 00:55:43 - Sent message to ALL other machines, Logical clock: 34
2025-03-05 00:55:43 - Internal event, Logical clock: 35
2025-03-05 00:55:44 - Sent message to Machine 1, Logical clock: 36
2025-03-05 00:55:44 - Internal event, Logical clock: 37
2025-03-05 00:55:45 - Internal event, Logical clock: 38
2025-03-05 00:55:45 - Sent message to Machine 1, Logical clock: 39
2025-03-05 00:55:46 - Internal event, Logical clock: 40
2025-03-05 00:55:46 - Received message from Machine 1, Queue length: 0, Logical clock: 41
2025-03-05 00:55:47 - Internal event, Logical clock: 42
2025-03-05 00:55:47 - Sent message to ALL other machines, Logical clock: 43
2025-03-05 00:55:48 - Internal event, Logical clock: 44
2025-03-05 00:55:48 - Received message from Machine 1, Queue length: 0, Logical clock: 45
2025-03-05 00:55:49 - Sent message to ALL other machines, Logical clock: 46
2025-03-05 00:55:49 - Internal event, Logical clock: 47
2025-03-05 00:55:50 - Internal event, Logical clock: 48
2025-03-05 00:55:50 - Internal event, Logical clock: 49
2025-03-05 00:55:51 - Sent message to Machine 1, Logical clock: 50
2025-03-05 00:55:51 - Internal event, Logical clock: 51
2025-03-05 00:55:52 - Internal event, Logical clock: 52
2025-03-05 00:55:52 - Internal event, Logical clock: 53
2025-03-05 00:55:53 - Received message from Machine 1, Queue length: 0, Logical clock: 54
2025-03-05 00:55:53 - Received message from Machine 1, Queue length: 0, Logical clock: 55
2025-03-05 00:55:54 - Internal event, Logical clock: 56
2025-03-05 00:55:54 - Internal event, Logical clock: 57
2025-03-05 00:55:55 - Received message from Machine 1, Queue length: 0, Logical clock: 58
2025-03-05 00:55:55 - Received message from Machine 1, Queue length: 0, Logical clock: 59
2025-03-05 00:55:56 - Internal event, Logical clock: 60
2025-03-05 00:55:56 - Internal event, Logical clock: 61
2025-03-05 00:55:57 - Received message from Machine 1, Queue length: 0, Logical clock: 62
2025-03-05 00:55:57 - Internal event, Logical clock: 63
2025-03-05 00:55:58 - Sent message to Machine 0, Logical clock: 64
2025-03-05 00:55:58 - Sent message to Machine 1, Logical clock: 65
2025-03-05 00:55:59 - Internal event, Logical clock: 66
2025-03-05 00:55:59 - Received message from Machine 1, Queue length: 0, Logical clock: 67
2025-03-05 00:56:00 - Received message from Machine 1, Queue length: 0, Logical clock: 68
2025-03-05 00:56:00 - Sent message to Machine 1, Logical clock: 69
2025-03-05 00:56:01 - Internal event, Logical clock: 70
2025-03-05 00:56:01 - Sent message to Machine 0, Logical clock: 71
2025-03-05 00:56:02 - Sent message to Machine 1, Logical clock: 72
2025-03-05 00:56:02 - Internal event, Logical clock: 73
2025-03-05 00:56:03 - Internal event, Logical clock: 74
2025-03-05 00:56:03 - Received message from Machine 1, Queue length: 0, Logical clock: 75
2025-03-05 00:56:04 - Sent message to ALL other machines, Logical clock: 76
2025-03-05 00:56:04 - Internal event, Logical clock: 77
2025-03-05 00:56:05 - Internal event, Logical clock: 78
2025-03-05 00:56:05 - Received message from Machine 1, Queue length: 0, Logical clock: 79
2025-03-05 00:56:06 - Internal event, Logical clock: 80
2025-03-05 00:56:06 - Internal event, Logical clock: 81
2025-03-05 00:56:07 - Received message from Machine 1, Queue length: 0, Logical clock: 82
2025-03-05 00:56:07 - Internal event, Logical clock: 83
2025-03-05 00:56:08 - Internal event, Logical clock: 84
2025-03-05 00:56:09 - Received message from Machine 1, Queue length: 0, Logical clock: 85
2025-03-05 00:56:09 - Internal event, Logical clock: 86
2025-03-05 00:56:10 - Internal event, Logical clock: 87
2025-03-05 00:56:10 - Internal event, Logical clock: 88
2025-03-05 00:56:11 - Received message from Machine 0, Queue length: 0, Logical clock: 89
2025-03-05 00:56:11 - Internal event, Logical clock: 90
2025-03-05 00:56:12 - Internal event, Logical clock: 91
2025-03-05 00:56:12 - Received message from Machine 1, Queue length: 0, Logical clock: 92
2025-03-05 00:56:13 - Received message from Machine 1, Queue length: 0, Logical clock: 93
2025-03-05 00:56:13 - Internal event, Logical clock: 94
2025-03-05 00:56:14 - Internal event, Logical clock: 95
2025-03-05 00:56:14 - Internal event, Logical clock: 96
2025-03-05 00:56:15 - Received message from Machine 1, Queue length: 0, Logical clock: 97
2025-03-05 00:56:15 - Internal event, Logical clock: 98
2025-03-05 00:56:16 - Internal event, Logical clock: 99
2025-03-05 00:56:16 - Received message from Machine 1, Queue length: 0, Logical clock: 100
2025-03-05 00:56:17 - Sent message to Machine 1, Logical clock: 101
2025-03-05 00:56:17 - Sent message to Machine 0, Logical clock: 102
2025-03-05 00:56:18 - Sent message to Machine 1, Logical clock: 103
2025-03-05 00:56:18 - Internal event, Logical clock: 104
2025-03-05 00:56:19 - Received message from Machine 0, Queue length: 0, Logical clock: 105
2025-03-05 00:56:19 - Internal event, Logical clock: 106
2025-03-05 00:56:20 - Internal event, Logical clock: 107
2025-03-05 00:56:20 - Internal event, Logical clock: 108
2025-03-05 00:56:21 - Sent message to Machine 0, Logical clock: 109
2025-03-05 00:56:21 - Sent message to Machine 0, Logical clock: 110
2025-03-05 00:56:22 - Internal event, Logical clock: 111
2025-03-05 00:56:22 - Received message from Machine 1, Queue length: 0, Logical clock: 112
2025-03-05 00:56:23 - Sent message to Machine 1, Logical clock: 113
2025-03-05 00:56:23 - Internal event, Logical clock: 114
2025-03-05 00:56:24 - Internal event, Logical clock: 115
2025-03-05 00:56:24 - Internal event, Logical clock: 116
