2025-02-28 13:47:53 - Machine initialized with clock rate: 2 ticks/second
2025-02-28 13:47:55 - Internal event, Logical clock: 1
2025-02-28 13:47:56 - Received message from Machine 2, Queue length: 1, Logical clock: 2
2025-02-28 13:47:56 - Received message from Machine 2, Queue length: 2, Logical clock: 4
2025-02-28 13:47:57 - Received message from Machine 2, Queue length: 3, Logical clock: 5
2025-02-28 13:47:57 - Received message from Machine 0, Queue length: 3, Logical clock: 6
2025-02-28 13:47:58 - Received message from Machine 2, Queue length: 2, Logical clock: 8
2025-02-28 13:47:58 - Received message from Machine 0, Queue length: 1, Logical clock: 9
2025-02-28 13:47:59 - Received message from Machine 0, Queue length: 1, Logical clock: 13
2025-02-28 13:47:59 - Received message from Machine 2, Queue length: 0, Logical clock: 22
2025-02-28 13:48:00 - Internal event, Logical clock: 23
2025-02-28 13:48:00 - Received message from Machine 2, Queue length: 0, Logical clock: 30
2025-02-28 13:48:01 - Received message from Machine 2, Queue length: 0, Logical clock: 33
2025-02-28 13:48:01 - Received message from Machine 0, Queue length: 0, Logical clock: 38
2025-02-28 13:48:02 - Received message from Machine 2, Queue length: 0, Logical clock: 41
2025-02-28 13:48:02 - Sent message to Machine 0, Logical clock: 42
2025-02-28 13:48:03 - Internal event, Logical clock: 43
2025-02-28 13:48:03 - Received message from Machine 2, Queue length: 0, Logical clock: 48
2025-02-28 13:48:04 - Received message from Machine 2, Queue length: 0, Logical clock: 49
2025-02-28 13:48:04 - Received message from Machine 0, Queue length: 0, Logical clock: 54
2025-02-28 13:48:05 - Received message from Machine 0, Queue length: 0, Logical clock: 58
2025-02-28 13:48:05 - Received message from Machine 0, Queue length: 0, Logical clock: 61
2025-02-28 13:48:06 - Received message from Machine 2, Queue length: 0, Logical clock: 64
2025-02-28 13:48:06 - Received message from Machine 0, Queue length: 2, Logical clock: 65
2025-02-28 13:48:07 - Received message from Machine 2, Queue length: 1, Logical clock: 67
2025-02-28 13:48:07 - Received message from Machine 2, Queue length: 1, Logical clock: 68
2025-02-28 13:48:08 - Received message from Machine 0, Queue length: 0, Logical clock: 73
2025-02-28 13:48:08 - Received message from Machine 0, Queue length: 1, Logical clock: 79
2025-02-28 13:48:09 - Received message from Machine 0, Queue length: 1, Logical clock: 80
2025-02-28 13:48:09 - Received message from Machine 0, Queue length: 1, Logical clock: 83
2025-02-28 13:48:10 - Received message from Machine 0, Queue length: 1, Logical clock: 84
2025-02-28 13:48:11 - Received message from Machine 0, Queue length: 1, Logical clock: 88
2025-02-28 13:48:11 - Received message from Machine 0, Queue length: 0, Logical clock: 91
2025-02-28 13:48:12 - Received message from Machine 2, Queue length: 0, Logical clock: 95
2025-02-28 13:48:12 - Received message from Machine 2, Queue length: 0, Logical clock: 101
2025-02-28 13:48:13 - Internal event, Logical clock: 102
2025-02-28 13:48:13 - Sent message to Machine 2, Logical clock: 103
2025-02-28 13:48:14 - Received message from Machine 0, Queue length: 0, Logical clock: 111
2025-02-28 13:48:14 - Received message from Machine 2, Queue length: 1, Logical clock: 114
2025-02-28 13:48:15 - Received message from Machine 0, Queue length: 0, Logical clock: 115
2025-02-28 13:48:15 - Sent message to Machine 0, Logical clock: 116
2025-02-28 13:48:16 - Received message from Machine 0, Queue length: 0, Logical clock: 122
2025-02-28 13:48:16 - Internal event, Logical clock: 123
2025-02-28 13:48:17 - Received message from Machine 2, Queue length: 1, Logical clock: 127
2025-02-28 13:48:17 - Received message from Machine 0, Queue length: 2, Logical clock: 129
2025-02-28 13:48:18 - Received message from Machine 2, Queue length: 3, Logical clock: 130
2025-02-28 13:48:18 - Received message from Machine 2, Queue length: 3, Logical clock: 131
2025-02-28 13:48:19 - Received message from Machine 2, Queue length: 3, Logical clock: 132
2025-02-28 13:48:19 - Received message from Machine 0, Queue length: 2, Logical clock: 134
2025-02-28 13:48:20 - Received message from Machine 0, Queue length: 1, Logical clock: 138
2025-02-28 13:48:20 - Received message from Machine 2, Queue length: 1, Logical clock: 140
2025-02-28 13:48:21 - Received message from Machine 0, Queue length: 0, Logical clock: 151
2025-02-28 13:48:21 - Sent message to Machine 2, Logical clock: 152
2025-02-28 13:48:22 - Received message from Machine 0, Queue length: 0, Logical clock: 158
2025-02-28 13:48:22 - Received message from Machine 2, Queue length: 0, Logical clock: 160
2025-02-28 13:48:23 - Received message from Machine 0, Queue length: 0, Logical clock: 165
2025-02-28 13:48:23 - Internal event, Logical clock: 166
2025-02-28 13:48:24 - Received message from Machine 2, Queue length: 0, Logical clock: 172
2025-02-28 13:48:24 - Received message from Machine 0, Queue length: 2, Logical clock: 174
2025-02-28 13:48:25 - Received message from Machine 2, Queue length: 2, Logical clock: 175
2025-02-28 13:48:25 - Received message from Machine 0, Queue length: 2, Logical clock: 176
2025-02-28 13:48:26 - Received message from Machine 0, Queue length: 1, Logical clock: 177
2025-02-28 13:48:26 - Received message from Machine 0, Queue length: 0, Logical clock: 179
2025-02-28 13:48:27 - Sent message to Machine 2, Logical clock: 180
2025-02-28 13:48:27 - Sent message to ALL other machines, Logical clock: 181
2025-02-28 13:48:28 - Received message from Machine 2, Queue length: 0, Logical clock: 194
2025-02-28 13:48:28 - Received message from Machine 2, Queue length: 1, Logical clock: 196
2025-02-28 13:48:29 - Received message from Machine 0, Queue length: 0, Logical clock: 199
2025-02-28 13:48:29 - Internal event, Logical clock: 200
2025-02-28 13:48:30 - Received message from Machine 0, Queue length: 0, Logical clock: 208
2025-02-28 13:48:30 - Internal event, Logical clock: 209
2025-02-28 13:48:31 - Received message from Machine 0, Queue length: 0, Logical clock: 213
2025-02-28 13:48:31 - Received message from Machine 2, Queue length: 1, Logical clock: 216
2025-02-28 13:48:32 - Received message from Machine 0, Queue length: 1, Logical clock: 217
2025-02-28 13:48:32 - Received message from Machine 2, Queue length: 2, Logical clock: 219
2025-02-28 13:48:33 - Received message from Machine 2, Queue length: 3, Logical clock: 221
2025-02-28 13:48:33 - Received message from Machine 2, Queue length: 2, Logical clock: 222
2025-02-28 13:48:34 - Received message from Machine 2, Queue length: 1, Logical clock: 223
2025-02-28 13:48:34 - Received message from Machine 0, Queue length: 3, Logical clock: 226
2025-02-28 13:48:35 - Received message from Machine 0, Queue length: 3, Logical clock: 234
2025-02-28 13:48:35 - Received message from Machine 0, Queue length: 3, Logical clock: 235
2025-02-28 13:48:36 - Received message from Machine 2, Queue length: 2, Logical clock: 236
2025-02-28 13:48:36 - Received message from Machine 2, Queue length: 2, Logical clock: 238
2025-02-28 13:48:37 - Received message from Machine 0, Queue length: 3, Logical clock: 240
2025-02-28 13:48:37 - Received message from Machine 0, Queue length: 3, Logical clock: 246
2025-02-28 13:48:38 - Received message from Machine 0, Queue length: 4, Logical clock: 250
2025-02-28 13:48:38 - Received message from Machine 0, Queue length: 3, Logical clock: 251
2025-02-28 13:48:39 - Received message from Machine 0, Queue length: 3, Logical clock: 253
2025-02-28 13:48:39 - Received message from Machine 0, Queue length: 2, Logical clock: 254
2025-02-28 13:48:40 - Received message from Machine 0, Queue length: 1, Logical clock: 255
2025-02-28 13:48:40 - Received message from Machine 0, Queue length: 0, Logical clock: 261
2025-02-28 13:48:41 - Received message from Machine 2, Queue length: 2, Logical clock: 272
2025-02-28 13:48:41 - Received message from Machine 2, Queue length: 1, Logical clock: 273
2025-02-28 13:48:42 - Received message from Machine 0, Queue length: 0, Logical clock: 275
2025-02-28 13:48:42 - Internal event, Logical clock: 276
2025-02-28 13:48:43 - Received message from Machine 2, Queue length: 0, Logical clock: 283
2025-02-28 13:48:43 - Received message from Machine 0, Queue length: 0, Logical clock: 290
2025-02-28 13:48:44 - Internal event, Logical clock: 291
2025-02-28 13:48:44 - Received message from Machine 0, Queue length: 0, Logical clock: 296
2025-02-28 13:48:45 - Received message from Machine 0, Queue length: 0, Logical clock: 298
2025-02-28 13:48:45 - Internal event, Logical clock: 299
2025-02-28 13:48:46 - Received message from Machine 2, Queue length: 0, Logical clock: 304
2025-02-28 13:48:46 - Received message from Machine 2, Queue length: 0, Logical clock: 305
2025-02-28 13:48:47 - Received message from Machine 2, Queue length: 0, Logical clock: 307
2025-02-28 13:48:47 - Received message from Machine 0, Queue length: 0, Logical clock: 312
2025-02-28 13:48:48 - Received message from Machine 0, Queue length: 0, Logical clock: 316
2025-02-28 13:48:48 - Received message from Machine 0, Queue length: 0, Logical clock: 318
2025-02-28 13:48:49 - Received message from Machine 0, Queue length: 0, Logical clock: 322
2025-02-28 13:48:49 - Received message from Machine 0, Queue length: 0, Logical clock: 325
2025-02-28 13:48:50 - Internal event, Logical clock: 326
2025-02-28 13:48:50 - Received message from Machine 0, Queue length: 0, Logical clock: 330
2025-02-28 13:48:51 - Internal event, Logical clock: 331
2025-02-28 13:48:51 - Received message from Machine 2, Queue length: 0, Logical clock: 335
2025-02-28 13:48:52 - Internal event, Logical clock: 336
2025-02-28 13:48:52 - Received message from Machine 2, Queue length: 0, Logical clock: 343
2025-02-28 13:48:53 - Internal event, Logical clock: 344
2025-02-28 13:48:53 - Internal event, Logical clock: 345
